Using pre-set license
Built from '2021.3/staging' branch; Version is '2021.3.25f1 (68ef2c4f8861) revision 6876972'; Using compiler version '192829333'; Build Type 'Release'
OS: 'Windows 11  (10.0.22621) 64bit Core' Language: 'ko' Physical Memory: 16220 MB
BatchMode: 1, IsHumanControllingUs: 0, StartBugReporterOnCrash: 0, Is64bit: 1, IsPro: 1

COMMAND LINE ARGUMENTS:
C:\Program Files\Unity\Hub\Editor\2021.3.25f1\Editor\Unity.exe
-adb2
-batchMode
-noUpm
-name
AssetImportWorker8
-projectPath
C:/Users/cwj27/Documents/GitHub/ohms/ohms-source
-logFile
Logs/AssetImportWorker8.log
-srvPort
58676
Successfully changed project path to: C:/Users/cwj27/Documents/GitHub/ohms/ohms-source
C:/Users/cwj27/Documents/GitHub/ohms/ohms-source
[UnityMemory] Configuration Parameters - Can be set up in boot.config
    "memorysetup-bucket-allocator-granularity=16"
    "memorysetup-bucket-allocator-bucket-count=8"
    "memorysetup-bucket-allocator-block-size=33554432"
    "memorysetup-bucket-allocator-block-count=8"
    "memorysetup-main-allocator-block-size=16777216"
    "memorysetup-thread-allocator-block-size=16777216"
    "memorysetup-gfx-main-allocator-block-size=16777216"
    "memorysetup-gfx-thread-allocator-block-size=16777216"
    "memorysetup-cache-allocator-block-size=4194304"
    "memorysetup-typetree-allocator-block-size=2097152"
    "memorysetup-profiler-bucket-allocator-granularity=16"
    "memorysetup-profiler-bucket-allocator-bucket-count=8"
    "memorysetup-profiler-bucket-allocator-block-size=33554432"
    "memorysetup-profiler-bucket-allocator-block-count=8"
    "memorysetup-profiler-allocator-block-size=16777216"
    "memorysetup-profiler-editor-allocator-block-size=1048576"
    "memorysetup-temp-allocator-size-main=16777216"
    "memorysetup-job-temp-allocator-block-size=2097152"
    "memorysetup-job-temp-allocator-block-size-background=1048576"
    "memorysetup-job-temp-allocator-reduction-small-platforms=262144"
    "memorysetup-temp-allocator-size-background-worker=32768"
    "memorysetup-temp-allocator-size-job-worker=262144"
    "memorysetup-temp-allocator-size-preload-manager=33554432"
    "memorysetup-temp-allocator-size-nav-mesh-worker=65536"
    "memorysetup-temp-allocator-size-audio-worker=65536"
    "memorysetup-temp-allocator-size-cloud-worker=32768"
    "memorysetup-temp-allocator-size-gi-baking-worker=262144"
    "memorysetup-temp-allocator-size-gfx=262144"
Player connection [15372] Host "[IP] 192.168.0.103 [Port] 0 [Flags] 2 [Guid] 1586226875 [EditorId] 1586226875 [Version] 1048832 [Id] WindowsEditor(7,gugyeoj1n) [Debug] 1 [PackageName] WindowsEditor [ProjectName] Editor" joined multi-casting on [225.0.0.222:54997]...

Player connection [15372] Host "[IP] 192.168.0.103 [Port] 0 [Flags] 2 [Guid] 1586226875 [EditorId] 1586226875 [Version] 1048832 [Id] WindowsEditor(7,gugyeoj1n) [Debug] 1 [PackageName] WindowsEditor [ProjectName] Editor" joined alternative multi-casting on [225.0.0.222:34997]...

Refreshing native plugins compatible for Editor in 104.86 ms, found 3 plugins.
Preloading 0 native plugins for Editor in 0.00 ms.
Initialize engine version: 2021.3.25f1 (68ef2c4f8861)
[Subsystems] Discovering subsystems at path C:/Program Files/Unity/Hub/Editor/2021.3.25f1/Editor/Data/Resources/UnitySubsystems
[Subsystems] Discovering subsystems at path C:/Users/cwj27/Documents/GitHub/ohms/ohms-source/Assets
GfxDevice: creating device client; threaded=0; jobified=0
Direct3D:
    Version:  Direct3D 11.0 [level 11.1]
    Renderer: NVIDIA GeForce RTX 3060 (ID=0x2487)
    Vendor:   NVIDIA
    VRAM:     12124 MB
    Driver:   31.0.15.3168
Initialize mono
Mono path[0] = 'C:/Program Files/Unity/Hub/Editor/2021.3.25f1/Editor/Data/Managed'
Mono path[1] = 'C:/Program Files/Unity/Hub/Editor/2021.3.25f1/Editor/Data/MonoBleedingEdge/lib/mono/unityjit-win32'
Mono config path = 'C:/Program Files/Unity/Hub/Editor/2021.3.25f1/Editor/Data/MonoBleedingEdge/etc'
Using monoOptions --debugger-agent=transport=dt_socket,embedding=1,server=y,suspend=n,address=127.0.0.1:56656
Begin MonoManager ReloadAssembly
Registering precompiled unity dll's ...
Register platform support module: C:/Program Files/Unity/Hub/Editor/2021.3.25f1/Editor/Data/PlaybackEngines/WindowsStandaloneSupport/UnityEditor.WindowsStandalone.Extensions.dll
Registered in 0.002375 seconds.
Native extension for WindowsStandalone target not found
Refreshing native plugins compatible for Editor in 110.57 ms, found 3 plugins.
Preloading 0 native plugins for Editor in 0.00 ms.
Mono: successfully reloaded assembly
- Completed reload, in  0.479 seconds
Domain Reload Profiling:
	ReloadAssembly (479ms)
		BeginReloadAssembly (53ms)
			ExecutionOrderSort (0ms)
			DisableScriptedObjects (0ms)
			BackupInstance (0ms)
			ReleaseScriptingObjects (0ms)
			CreateAndSetChildDomain (0ms)
		EndReloadAssembly (358ms)
			LoadAssemblies (52ms)
			RebuildTransferFunctionScriptingTraits (0ms)
			SetupTypeCache (70ms)
			ReleaseScriptCaches (0ms)
			RebuildScriptCaches (19ms)
			SetupLoadedEditorAssemblies (230ms)
				LogAssemblyErrors (0ms)
				InitializePlatformSupportModulesInManaged (5ms)
				SetLoadedEditorAssemblies (0ms)
				RefreshPlugins (111ms)
				BeforeProcessingInitializeOnLoad (1ms)
				ProcessInitializeOnLoadAttributes (82ms)
				ProcessInitializeOnLoadMethodAttributes (31ms)
				AfterProcessingInitializeOnLoad (0ms)
				EditorAssembliesLoaded (0ms)
			ExecutionOrderSort2 (0ms)
			AwakeInstancesAfterBackupRestoration (0ms)
Platform modules already initialized, skipping
Registering precompiled user dll's ...
Registered in 0.008321 seconds.
Begin MonoManager ReloadAssembly
Symbol file LoadedFromMemory doesn't match image C:\Users\cwj27\Documents\GitHub\ohms\ohms-source\Library\PackageCache\com.unity.visualscripting@1.8.0\Editor\VisualScripting.Core\Dependencies\DotNetZip\Unity.VisualScripting.IonicZip.dll
Symbol file LoadedFromMemory doesn't match image C:\Users\cwj27\Documents\GitHub\ohms\ohms-source\Library\PackageCache\com.unity.visualscripting@1.8.0\Editor\VisualScripting.Core\Dependencies\YamlDotNet\Unity.VisualScripting.YamlDotNet.dll
Native extension for WindowsStandalone target not found
Refreshing native plugins compatible for Editor in 1.16 ms, found 3 plugins.
Preloading 0 native plugins for Editor in 0.00 ms.
Mono: successfully reloaded assembly
- Completed reload, in  0.774 seconds
Domain Reload Profiling:
	ReloadAssembly (775ms)
		BeginReloadAssembly (76ms)
			ExecutionOrderSort (0ms)
			DisableScriptedObjects (4ms)
			BackupInstance (0ms)
			ReleaseScriptingObjects (0ms)
			CreateAndSetChildDomain (12ms)
		EndReloadAssembly (632ms)
			LoadAssemblies (65ms)
			RebuildTransferFunctionScriptingTraits (0ms)
			SetupTypeCache (221ms)
			ReleaseScriptCaches (1ms)
			RebuildScriptCaches (41ms)
			SetupLoadedEditorAssemblies (282ms)
				LogAssemblyErrors (0ms)
				InitializePlatformSupportModulesInManaged (4ms)
				SetLoadedEditorAssemblies (0ms)
				RefreshPlugins (1ms)
				BeforeProcessingInitializeOnLoad (54ms)
				ProcessInitializeOnLoadAttributes (204ms)
				ProcessInitializeOnLoadMethodAttributes (15ms)
				AfterProcessingInitializeOnLoad (3ms)
				EditorAssembliesLoaded (1ms)
			ExecutionOrderSort2 (0ms)
			AwakeInstancesAfterBackupRestoration (4ms)
Platform modules already initialized, skipping
========================================================================
Worker process is ready to serve import requests
Launched and connected shader compiler UnityShaderCompiler.exe after 0.05 seconds
Refreshing native plugins compatible for Editor in 1.20 ms, found 3 plugins.
Preloading 0 native plugins for Editor in 0.00 ms.
Unloading 3888 Unused Serialized files (Serialized files now loaded: 0)
Unloading 79 unused Assets / (1.4 MB). Loaded Objects now: 4312.
Memory consumption went from 169.3 MB to 167.9 MB.
Total: 2.148000 ms (FindLiveObjects: 0.175200 ms CreateObjectMapping: 0.086400 ms MarkObjects: 1.695900 ms  DeleteObjects: 0.189600 ms)

AssetImportParameters requested are different than current active one (requested -> active):
  custom:video-decoder-ogg-theora: a1e56fd34408186e4bbccfd4996cb3dc -> 
  custom:container-muxer-webm: aa71ff27fc2769a1b78a27578f13a17b -> 
  custom:container-demuxer-webm: 4f35f7cbe854078d1ac9338744f61a02 -> 
  custom:video-encoder-webm-vp8: eb34c28f22e8b96e1ab97ce403110664 -> 
  custom:audio-encoder-webm-vorbis: bf7c407c2cedff20999df2af8eb42d56 -> 
  custom:framework-win-MediaFoundation: 216162199b28c13a410421893ffa2e32 -> 
  custom:container-demuxer-ogg: 62fdf1f143b41e24485cea50d1cbac27 -> 
  custom:video-decoder-webm-vp8: 9c59270c3fd7afecdb556c50c9e8de78 -> 
  custom:audio-decoder-ogg-vorbis: bf7c407c2cedff20999df2af8eb42d56 -> 
========================================================================
Received Import Request.
  Time since last request: 13337.564790 seconds.
  path: Assets/UI/Player/NicknameText.prefab
  artifactKey: Guid(27dba4d40f44d3545bff4b3482282987) Importer(815301076,1909f56bfc062723c751e8b465ee728b)
Start importing Assets/UI/Player/NicknameText.prefab using Guid(27dba4d40f44d3545bff4b3482282987) Importer(815301076,1909f56bfc062723c751e8b465ee728b)  -> (artifact id: '88c2ade1eff3de76009df9ca9388bbb5') in 0.198425 seconds 
========================================================================
Received Import Request.
  Time since last request: 51.346608 seconds.
  path: Assets/UI_Asset/artwork/halfcustomizible/square/Border.png
  artifactKey: Guid(f728b782d4a108045accfa920e1196de) Importer(815301076,1909f56bfc062723c751e8b465ee728b)
Start importing Assets/UI_Asset/artwork/halfcustomizible/square/Border.png using Guid(f728b782d4a108045accfa920e1196de) Importer(815301076,1909f56bfc062723c751e8b465ee728b)  -> (artifact id: '1514bdefcf3cf80fb10c6194bf76044a') in 0.111587 seconds 
========================================================================
Received Import Request.
  Time since last request: 0.000028 seconds.
  path: Assets/UI_Asset/artwork/halfcustomizible/square/Slot3D.png
  artifactKey: Guid(765c1f075652d7c429d7ea036691f745) Importer(815301076,1909f56bfc062723c751e8b465ee728b)
Start importing Assets/UI_Asset/artwork/halfcustomizible/square/Slot3D.png using Guid(765c1f075652d7c429d7ea036691f745) Importer(815301076,1909f56bfc062723c751e8b465ee728b)  -> (artifact id: '8c9a687aa35cfa067ad2d9ffd3b6bc8d') in 0.020184 seconds 
========================================================================
Received Import Request.
  Time since last request: 0.000019 seconds.
  path: Assets/UI_Asset/artwork/halfcustomizible/square/Slot.png
  artifactKey: Guid(34c510437d4a64849902137b965707d4) Importer(815301076,1909f56bfc062723c751e8b465ee728b)
Start importing Assets/UI_Asset/artwork/halfcustomizible/square/Slot.png using Guid(34c510437d4a64849902137b965707d4) Importer(815301076,1909f56bfc062723c751e8b465ee728b)  -> (artifact id: '2312669d3003fa7aec6eeb89cde122df') in 0.015145 seconds 
========================================================================
Received Import Request.
  Time since last request: 14.343865 seconds.
  path: Assets/UI_Asset/artwork/gray/rounded/buttons/button_rounded_GB.png
  artifactKey: Guid(362946eb8ac1482438202515bae297dc) Importer(815301076,1909f56bfc062723c751e8b465ee728b)
Start importing Assets/UI_Asset/artwork/gray/rounded/buttons/button_rounded_GB.png using Guid(362946eb8ac1482438202515bae297dc) Importer(815301076,1909f56bfc062723c751e8b465ee728b)  -> (artifact id: 'a941158adb85c47a528b2a1cea2fcb87') in 0.027043 seconds 
========================================================================
Received Import Request.
  Time since last request: 95.056921 seconds.
  path: Assets/UI/XButton.prefab
  artifactKey: Guid(405943b8a54ae4aeea07e74f696f9b9f) Importer(815301076,1909f56bfc062723c751e8b465ee728b)
Start importing Assets/UI/XButton.prefab using Guid(405943b8a54ae4aeea07e74f696f9b9f) Importer(815301076,1909f56bfc062723c751e8b465ee728b)  -> (artifact id: '16bbabeb47afdbb1d0c74743fe37b10d') in 0.006605 seconds 
========================================================================
Received Prepare
Registering precompiled user dll's ...
Registered in 0.007174 seconds.
Begin MonoManager ReloadAssembly
Symbol file LoadedFromMemory doesn't match image C:\Users\cwj27\Documents\GitHub\ohms\ohms-source\Library\PackageCache\com.unity.visualscripting@1.8.0\Editor\VisualScripting.Core\Dependencies\DotNetZip\Unity.VisualScripting.IonicZip.dll
Symbol file LoadedFromMemory doesn't match image C:\Users\cwj27\Documents\GitHub\ohms\ohms-source\Library\PackageCache\com.unity.visualscripting@1.8.0\Editor\VisualScripting.Core\Dependencies\YamlDotNet\Unity.VisualScripting.YamlDotNet.dll
Native extension for WindowsStandalone target not found
Refreshing native plugins compatible for Editor in 1.67 ms, found 3 plugins.
Preloading 0 native plugins for Editor in 0.00 ms.
Mono: successfully reloaded assembly
- Completed reload, in  0.827 seconds
Domain Reload Profiling:
	ReloadAssembly (827ms)
		BeginReloadAssembly (108ms)
			ExecutionOrderSort (0ms)
			DisableScriptedObjects (3ms)
			BackupInstance (0ms)
			ReleaseScriptingObjects (0ms)
			CreateAndSetChildDomain (35ms)
		EndReloadAssembly (649ms)
			LoadAssemblies (69ms)
			RebuildTransferFunctionScriptingTraits (0ms)
			SetupTypeCache (251ms)
			ReleaseScriptCaches (1ms)
			RebuildScriptCaches (27ms)
			SetupLoadedEditorAssemblies (273ms)
				LogAssemblyErrors (0ms)
				InitializePlatformSupportModulesInManaged (3ms)
				SetLoadedEditorAssemblies (0ms)
				RefreshPlugins (2ms)
				BeforeProcessingInitializeOnLoad (44ms)
				ProcessInitializeOnLoadAttributes (198ms)
				ProcessInitializeOnLoadMethodAttributes (21ms)
				AfterProcessingInitializeOnLoad (4ms)
				EditorAssembliesLoaded (0ms)
			ExecutionOrderSort2 (0ms)
			AwakeInstancesAfterBackupRestoration (5ms)
Platform modules already initialized, skipping
Refreshing native plugins compatible for Editor in 2.52 ms, found 3 plugins.
Preloading 0 native plugins for Editor in 0.00 ms.
Unloading 3823 Unused Serialized files (Serialized files now loaded: 0)
Unloading 59 unused Assets / (1.3 MB). Loaded Objects now: 4338.
Memory consumption went from 166.0 MB to 164.7 MB.
Total: 2.800500 ms (FindLiveObjects: 0.251500 ms CreateObjectMapping: 0.153000 ms MarkObjects: 2.160200 ms  DeleteObjects: 0.234700 ms)

AssetImportParameters requested are different than current active one (requested -> active):
  custom:video-decoder-ogg-theora: a1e56fd34408186e4bbccfd4996cb3dc -> 
  custom:container-muxer-webm: aa71ff27fc2769a1b78a27578f13a17b -> 
  custom:container-demuxer-webm: 4f35f7cbe854078d1ac9338744f61a02 -> 
  custom:video-encoder-webm-vp8: eb34c28f22e8b96e1ab97ce403110664 -> 
  custom:audio-encoder-webm-vorbis: bf7c407c2cedff20999df2af8eb42d56 -> 
  custom:framework-win-MediaFoundation: 216162199b28c13a410421893ffa2e32 -> 
  custom:container-demuxer-ogg: 62fdf1f143b41e24485cea50d1cbac27 -> 
  custom:video-decoder-webm-vp8: 9c59270c3fd7afecdb556c50c9e8de78 -> 
  custom:audio-decoder-ogg-vorbis: bf7c407c2cedff20999df2af8eb42d56 -> 
========================================================================
Received Import Request.
  Time since last request: 315.256099 seconds.
  path: Assets/UI_Asset/artwork/colorCustomizible/square/Buttons/button_2.png
  artifactKey: Guid(17bd7baa51c566f4dbc8839abd07fbb3) Importer(815301076,1909f56bfc062723c751e8b465ee728b)
Start importing Assets/UI_Asset/artwork/colorCustomizible/square/Buttons/button_2.png using Guid(17bd7baa51c566f4dbc8839abd07fbb3) Importer(815301076,1909f56bfc062723c751e8b465ee728b)  -> (artifact id: 'eb7394f899c9d42e3961243e557298e0') in 0.067146 seconds 
========================================================================
Received Import Request.
  Time since last request: 0.000022 seconds.
  path: Assets/UI_Asset/artwork/colorCustomizible/square/Buttons/button_small_1.png
  artifactKey: Guid(214e42740cbf6c1448b1f08fb3e30a55) Importer(815301076,1909f56bfc062723c751e8b465ee728b)
Start importing Assets/UI_Asset/artwork/colorCustomizible/square/Buttons/button_small_1.png using Guid(214e42740cbf6c1448b1f08fb3e30a55) Importer(815301076,1909f56bfc062723c751e8b465ee728b)  -> (artifact id: 'e70071641b0b5bedb158ab068162cf1e') in 0.032327 seconds 
========================================================================
Received Import Request.
  Time since last request: 2.877671 seconds.
  path: Assets/UI_Asset/artwork/colorCustomizible/square/scroll_vertical/handle.png
  artifactKey: Guid(8be411651107ec540ae7c916d2235051) Importer(815301076,1909f56bfc062723c751e8b465ee728b)
Start importing Assets/UI_Asset/artwork/colorCustomizible/square/scroll_vertical/handle.png using Guid(8be411651107ec540ae7c916d2235051) Importer(815301076,1909f56bfc062723c751e8b465ee728b)  -> (artifact id: 'b2472f943f4e96f55d675d8e9face4e0') in 0.032222 seconds 
========================================================================
Received Prepare
Registering precompiled user dll's ...
Registered in 0.010901 seconds.
Begin MonoManager ReloadAssembly
Symbol file LoadedFromMemory doesn't match image C:\Users\cwj27\Documents\GitHub\ohms\ohms-source\Library\PackageCache\com.unity.visualscripting@1.8.0\Editor\VisualScripting.Core\Dependencies\DotNetZip\Unity.VisualScripting.IonicZip.dll
Symbol file LoadedFromMemory doesn't match image C:\Users\cwj27\Documents\GitHub\ohms\ohms-source\Library\PackageCache\com.unity.visualscripting@1.8.0\Editor\VisualScripting.Core\Dependencies\YamlDotNet\Unity.VisualScripting.YamlDotNet.dll
Native extension for WindowsStandalone target not found
Refreshing native plugins compatible for Editor in 1.29 ms, found 3 plugins.
Preloading 0 native plugins for Editor in 0.00 ms.
Mono: successfully reloaded assembly
- Completed reload, in  0.877 seconds
Domain Reload Profiling:
	ReloadAssembly (877ms)
		BeginReloadAssembly (107ms)
			ExecutionOrderSort (0ms)
			DisableScriptedObjects (3ms)
			BackupInstance (0ms)
			ReleaseScriptingObjects (0ms)
			CreateAndSetChildDomain (34ms)
		EndReloadAssembly (695ms)
			LoadAssemblies (68ms)
			RebuildTransferFunctionScriptingTraits (0ms)
			SetupTypeCache (258ms)
			ReleaseScriptCaches (1ms)
			RebuildScriptCaches (38ms)
			SetupLoadedEditorAssemblies (288ms)
				LogAssemblyErrors (0ms)
				InitializePlatformSupportModulesInManaged (5ms)
				SetLoadedEditorAssemblies (0ms)
				RefreshPlugins (1ms)
				BeforeProcessingInitializeOnLoad (53ms)
				ProcessInitializeOnLoadAttributes (204ms)
				ProcessInitializeOnLoadMethodAttributes (21ms)
				AfterProcessingInitializeOnLoad (3ms)
				EditorAssembliesLoaded (0ms)
			ExecutionOrderSort2 (0ms)
			AwakeInstancesAfterBackupRestoration (5ms)
Platform modules already initialized, skipping
Refreshing native plugins compatible for Editor in 2.90 ms, found 3 plugins.
Preloading 0 native plugins for Editor in 0.00 ms.
Unloading 3823 Unused Serialized files (Serialized files now loaded: 0)
Unloading 59 unused Assets / (1.3 MB). Loaded Objects now: 4358.
Memory consumption went from 166.0 MB to 164.7 MB.
Total: 2.193600 ms (FindLiveObjects: 0.202200 ms CreateObjectMapping: 0.086500 ms MarkObjects: 1.718300 ms  DeleteObjects: 0.185700 ms)

AssetImportParameters requested are different than current active one (requested -> active):
  custom:video-decoder-ogg-theora: a1e56fd34408186e4bbccfd4996cb3dc -> 
  custom:container-muxer-webm: aa71ff27fc2769a1b78a27578f13a17b -> 
  custom:container-demuxer-webm: 4f35f7cbe854078d1ac9338744f61a02 -> 
  custom:video-encoder-webm-vp8: eb34c28f22e8b96e1ab97ce403110664 -> 
  custom:audio-encoder-webm-vorbis: bf7c407c2cedff20999df2af8eb42d56 -> 
  custom:framework-win-MediaFoundation: 216162199b28c13a410421893ffa2e32 -> 
  custom:container-demuxer-ogg: 62fdf1f143b41e24485cea50d1cbac27 -> 
  custom:video-decoder-webm-vp8: 9c59270c3fd7afecdb556c50c9e8de78 -> 
  custom:audio-decoder-ogg-vorbis: bf7c407c2cedff20999df2af8eb42d56 -> 
========================================================================
Received Prepare
Registering precompiled user dll's ...
Registered in 0.007095 seconds.
Begin MonoManager ReloadAssembly
Symbol file LoadedFromMemory doesn't match image C:\Users\cwj27\Documents\GitHub\ohms\ohms-source\Library\PackageCache\com.unity.visualscripting@1.8.0\Editor\VisualScripting.Core\Dependencies\DotNetZip\Unity.VisualScripting.IonicZip.dll
Symbol file LoadedFromMemory doesn't match image C:\Users\cwj27\Documents\GitHub\ohms\ohms-source\Library\PackageCache\com.unity.visualscripting@1.8.0\Editor\VisualScripting.Core\Dependencies\YamlDotNet\Unity.VisualScripting.YamlDotNet.dll
Native extension for WindowsStandalone target not found
Refreshing native plugins compatible for Editor in 1.72 ms, found 3 plugins.
Preloading 0 native plugins for Editor in 0.00 ms.
Mono: successfully reloaded assembly
- Completed reload, in  0.899 seconds
Domain Reload Profiling:
	ReloadAssembly (899ms)
		BeginReloadAssembly (108ms)
			ExecutionOrderSort (0ms)
			DisableScriptedObjects (4ms)
			BackupInstance (0ms)
			ReleaseScriptingObjects (0ms)
			CreateAndSetChildDomain (28ms)
		EndReloadAssembly (708ms)
			LoadAssemblies (72ms)
			RebuildTransferFunctionScriptingTraits (0ms)
			SetupTypeCache (273ms)
			ReleaseScriptCaches (1ms)
			RebuildScriptCaches (44ms)
			SetupLoadedEditorAssemblies (280ms)
				LogAssemblyErrors (0ms)
				InitializePlatformSupportModulesInManaged (4ms)
				SetLoadedEditorAssemblies (1ms)
				RefreshPlugins (2ms)
				BeforeProcessingInitializeOnLoad (55ms)
				ProcessInitializeOnLoadAttributes (193ms)
				ProcessInitializeOnLoadMethodAttributes (21ms)
				AfterProcessingInitializeOnLoad (5ms)
				EditorAssembliesLoaded (0ms)
			ExecutionOrderSort2 (0ms)
			AwakeInstancesAfterBackupRestoration (6ms)
Platform modules already initialized, skipping
Refreshing native plugins compatible for Editor in 2.38 ms, found 3 plugins.
Preloading 0 native plugins for Editor in 0.00 ms.
Unloading 3823 Unused Serialized files (Serialized files now loaded: 0)
Unloading 59 unused Assets / (1.3 MB). Loaded Objects now: 4374.
Memory consumption went from 166.1 MB to 164.7 MB.
Total: 2.089300 ms (FindLiveObjects: 0.168800 ms CreateObjectMapping: 0.102700 ms MarkObjects: 1.653000 ms  DeleteObjects: 0.164200 ms)

AssetImportParameters requested are different than current active one (requested -> active):
  custom:video-decoder-ogg-theora: a1e56fd34408186e4bbccfd4996cb3dc -> 
  custom:container-muxer-webm: aa71ff27fc2769a1b78a27578f13a17b -> 
  custom:container-demuxer-webm: 4f35f7cbe854078d1ac9338744f61a02 -> 
  custom:video-encoder-webm-vp8: eb34c28f22e8b96e1ab97ce403110664 -> 
  custom:audio-encoder-webm-vorbis: bf7c407c2cedff20999df2af8eb42d56 -> 
  custom:framework-win-MediaFoundation: 216162199b28c13a410421893ffa2e32 -> 
  custom:container-demuxer-ogg: 62fdf1f143b41e24485cea50d1cbac27 -> 
  custom:video-decoder-webm-vp8: 9c59270c3fd7afecdb556c50c9e8de78 -> 
  custom:audio-decoder-ogg-vorbis: bf7c407c2cedff20999df2af8eb42d56 -> 
========================================================================
Received Prepare
Registering precompiled user dll's ...
Registered in 0.007301 seconds.
Begin MonoManager ReloadAssembly
Symbol file LoadedFromMemory doesn't match image C:\Users\cwj27\Documents\GitHub\ohms\ohms-source\Library\PackageCache\com.unity.visualscripting@1.8.0\Editor\VisualScripting.Core\Dependencies\DotNetZip\Unity.VisualScripting.IonicZip.dll
Symbol file LoadedFromMemory doesn't match image C:\Users\cwj27\Documents\GitHub\ohms\ohms-source\Library\PackageCache\com.unity.visualscripting@1.8.0\Editor\VisualScripting.Core\Dependencies\YamlDotNet\Unity.VisualScripting.YamlDotNet.dll
Native extension for WindowsStandalone target not found
Refreshing native plugins compatible for Editor in 1.52 ms, found 3 plugins.
Preloading 0 native plugins for Editor in 0.00 ms.
Mono: successfully reloaded assembly
- Completed reload, in  0.882 seconds
Domain Reload Profiling:
	ReloadAssembly (882ms)
		BeginReloadAssembly (105ms)
			ExecutionOrderSort (0ms)
			DisableScriptedObjects (3ms)
			BackupInstance (0ms)
			ReleaseScriptingObjects (0ms)
			CreateAndSetChildDomain (28ms)
		EndReloadAssembly (697ms)
			LoadAssemblies (75ms)
			RebuildTransferFunctionScriptingTraits (0ms)
			SetupTypeCache (268ms)
			ReleaseScriptCaches (1ms)
			RebuildScriptCaches (37ms)
			SetupLoadedEditorAssemblies (280ms)
				LogAssemblyErrors (0ms)
				InitializePlatformSupportModulesInManaged (4ms)
				SetLoadedEditorAssemblies (1ms)
				RefreshPlugins (2ms)
				BeforeProcessingInitializeOnLoad (50ms)
				ProcessInitializeOnLoadAttributes (196ms)
				ProcessInitializeOnLoadMethodAttributes (22ms)
				AfterProcessingInitializeOnLoad (5ms)
				EditorAssembliesLoaded (0ms)
			ExecutionOrderSort2 (0ms)
			AwakeInstancesAfterBackupRestoration (5ms)
Platform modules already initialized, skipping
Refreshing native plugins compatible for Editor in 3.26 ms, found 3 plugins.
Preloading 0 native plugins for Editor in 0.00 ms.
Unloading 3823 Unused Serialized files (Serialized files now loaded: 0)
Unloading 59 unused Assets / (1.3 MB). Loaded Objects now: 4390.
Memory consumption went from 166.1 MB to 164.8 MB.
Total: 2.328300 ms (FindLiveObjects: 0.180000 ms CreateObjectMapping: 0.087400 ms MarkObjects: 1.894000 ms  DeleteObjects: 0.166100 ms)

AssetImportParameters requested are different than current active one (requested -> active):
  custom:video-decoder-ogg-theora: a1e56fd34408186e4bbccfd4996cb3dc -> 
  custom:container-muxer-webm: aa71ff27fc2769a1b78a27578f13a17b -> 
  custom:container-demuxer-webm: 4f35f7cbe854078d1ac9338744f61a02 -> 
  custom:video-encoder-webm-vp8: eb34c28f22e8b96e1ab97ce403110664 -> 
  custom:audio-encoder-webm-vorbis: bf7c407c2cedff20999df2af8eb42d56 -> 
  custom:framework-win-MediaFoundation: 216162199b28c13a410421893ffa2e32 -> 
  custom:container-demuxer-ogg: 62fdf1f143b41e24485cea50d1cbac27 -> 
  custom:video-decoder-webm-vp8: 9c59270c3fd7afecdb556c50c9e8de78 -> 
  custom:audio-decoder-ogg-vorbis: bf7c407c2cedff20999df2af8eb42d56 -> 
========================================================================
Received Prepare
Registering precompiled user dll's ...
Registered in 0.008657 seconds.
Begin MonoManager ReloadAssembly
Symbol file LoadedFromMemory doesn't match image C:\Users\cwj27\Documents\GitHub\ohms\ohms-source\Library\PackageCache\com.unity.visualscripting@1.8.0\Editor\VisualScripting.Core\Dependencies\DotNetZip\Unity.VisualScripting.IonicZip.dll
Symbol file LoadedFromMemory doesn't match image C:\Users\cwj27\Documents\GitHub\ohms\ohms-source\Library\PackageCache\com.unity.visualscripting@1.8.0\Editor\VisualScripting.Core\Dependencies\YamlDotNet\Unity.VisualScripting.YamlDotNet.dll
Native extension for WindowsStandalone target not found
Refreshing native plugins compatible for Editor in 1.67 ms, found 3 plugins.
Preloading 0 native plugins for Editor in 0.00 ms.
Mono: successfully reloaded assembly
- Completed reload, in  0.823 seconds
Domain Reload Profiling:
	ReloadAssembly (824ms)
		BeginReloadAssembly (105ms)
			ExecutionOrderSort (0ms)
			DisableScriptedObjects (3ms)
			BackupInstance (0ms)
			ReleaseScriptingObjects (0ms)
			CreateAndSetChildDomain (30ms)
		EndReloadAssembly (648ms)
			LoadAssemblies (68ms)
			RebuildTransferFunctionScriptingTraits (0ms)
			SetupTypeCache (236ms)
			ReleaseScriptCaches (1ms)
			RebuildScriptCaches (35ms)
			SetupLoadedEditorAssemblies (271ms)
				LogAssemblyErrors (0ms)
				InitializePlatformSupportModulesInManaged (4ms)
				SetLoadedEditorAssemblies (1ms)
				RefreshPlugins (2ms)
				BeforeProcessingInitializeOnLoad (50ms)
				ProcessInitializeOnLoadAttributes (192ms)
				ProcessInitializeOnLoadMethodAttributes (18ms)
				AfterProcessingInitializeOnLoad (5ms)
				EditorAssembliesLoaded (0ms)
			ExecutionOrderSort2 (0ms)
			AwakeInstancesAfterBackupRestoration (4ms)
Platform modules already initialized, skipping
Refreshing native plugins compatible for Editor in 3.49 ms, found 3 plugins.
Preloading 0 native plugins for Editor in 0.00 ms.
Unloading 3823 Unused Serialized files (Serialized files now loaded: 0)
Unloading 59 unused Assets / (1.3 MB). Loaded Objects now: 4406.
Memory consumption went from 166.1 MB to 164.8 MB.
Total: 2.142900 ms (FindLiveObjects: 0.189100 ms CreateObjectMapping: 0.091500 ms MarkObjects: 1.686500 ms  DeleteObjects: 0.175000 ms)

AssetImportParameters requested are different than current active one (requested -> active):
  custom:video-decoder-ogg-theora: a1e56fd34408186e4bbccfd4996cb3dc -> 
  custom:container-muxer-webm: aa71ff27fc2769a1b78a27578f13a17b -> 
  custom:container-demuxer-webm: 4f35f7cbe854078d1ac9338744f61a02 -> 
  custom:video-encoder-webm-vp8: eb34c28f22e8b96e1ab97ce403110664 -> 
  custom:audio-encoder-webm-vorbis: bf7c407c2cedff20999df2af8eb42d56 -> 
  custom:framework-win-MediaFoundation: 216162199b28c13a410421893ffa2e32 -> 
  custom:container-demuxer-ogg: 62fdf1f143b41e24485cea50d1cbac27 -> 
  custom:video-decoder-webm-vp8: 9c59270c3fd7afecdb556c50c9e8de78 -> 
  custom:audio-decoder-ogg-vorbis: bf7c407c2cedff20999df2af8eb42d56 -> 
========================================================================
Received Import Request.
  Time since last request: 949.211863 seconds.
  path: Assets/polyperfect/Low Poly Icon Pack/Images/_Icons/Animals/icon_bear-polar_LP.png
  artifactKey: Guid(11451bea5ce10fe47a216c1316cf20a2) Importer(815301076,1909f56bfc062723c751e8b465ee728b)
Start importing Assets/polyperfect/Low Poly Icon Pack/Images/_Icons/Animals/icon_bear-polar_LP.png using Guid(11451bea5ce10fe47a216c1316cf20a2) Importer(815301076,1909f56bfc062723c751e8b465ee728b)  -> (artifact id: '5609e29a68d7eaeeb29bfab66ff4b108') in 0.119126 seconds 
========================================================================
Received Import Request.
  Time since last request: 0.000021 seconds.
  path: Assets/polyperfect/Low Poly Icon Pack/Images/_Icons/Animals/icon_fox-head_LP.png
  artifactKey: Guid(8265b1ca3e02c3b4eae8637d51bd2c88) Importer(815301076,1909f56bfc062723c751e8b465ee728b)
Start importing Assets/polyperfect/Low Poly Icon Pack/Images/_Icons/Animals/icon_fox-head_LP.png using Guid(8265b1ca3e02c3b4eae8637d51bd2c88) Importer(815301076,1909f56bfc062723c751e8b465ee728b)  -> (artifact id: '3e72d16cdc2e8e561661fe761d91713a') in 0.062935 seconds 
========================================================================
Received Import Request.
  Time since last request: 0.000021 seconds.
  path: Assets/polyperfect/Low Poly Icon Pack/Images/_Icons/Animals/icon_clam-pearl_LP.png
  artifactKey: Guid(076aa0f9d402e154c9b7bb6516e8c5dd) Importer(815301076,1909f56bfc062723c751e8b465ee728b)
Start importing Assets/polyperfect/Low Poly Icon Pack/Images/_Icons/Animals/icon_clam-pearl_LP.png using Guid(076aa0f9d402e154c9b7bb6516e8c5dd) Importer(815301076,1909f56bfc062723c751e8b465ee728b)  -> (artifact id: '4399841d495953ea174c1fb6a9485c4a') in 0.059258 seconds 
========================================================================
Received Import Request.
  Time since last request: 0.000023 seconds.
  path: Assets/polyperfect/Low Poly Icon Pack/Images/_Icons/Animals/icon_rat_LP.png
  artifactKey: Guid(19b3121e95cf64341a44469ad8660a19) Importer(815301076,1909f56bfc062723c751e8b465ee728b)
Start importing Assets/polyperfect/Low Poly Icon Pack/Images/_Icons/Animals/icon_rat_LP.png using Guid(19b3121e95cf64341a44469ad8660a19) Importer(815301076,1909f56bfc062723c751e8b465ee728b)  -> (artifact id: '0690a361fe802163574dbd31677b612d') in 0.059587 seconds 
========================================================================
Received Import Request.
  Time since last request: 0.000016 seconds.
  path: Assets/polyperfect/Low Poly Icon Pack/Images/_Icons/Animals/icon_chick_LP.png
  artifactKey: Guid(a4d7b487e88d2f24ab0be40214474cfd) Importer(815301076,1909f56bfc062723c751e8b465ee728b)
Start importing Assets/polyperfect/Low Poly Icon Pack/Images/_Icons/Animals/icon_chick_LP.png using Guid(a4d7b487e88d2f24ab0be40214474cfd) Importer(815301076,1909f56bfc062723c751e8b465ee728b)  -> (artifact id: 'c35b36c757f3beb474e4d25089098d5c') in 0.056766 seconds 
========================================================================
Received Import Request.
  Time since last request: 0.000016 seconds.
  path: Assets/polyperfect/Low Poly Icon Pack/Images/_Icons/Animals/icon_rhino_LP.png
  artifactKey: Guid(050c946888365bb49b2dd2cb16ee08e7) Importer(815301076,1909f56bfc062723c751e8b465ee728b)
Start importing Assets/polyperfect/Low Poly Icon Pack/Images/_Icons/Animals/icon_rhino_LP.png using Guid(050c946888365bb49b2dd2cb16ee08e7) Importer(815301076,1909f56bfc062723c751e8b465ee728b)  -> (artifact id: 'be8becec669f2f0e135d08e51e638886') in 0.062536 seconds 
========================================================================
Received Import Request.
  Time since last request: 0.000017 seconds.
  path: Assets/polyperfect/Low Poly Icon Pack/Images/_Icons/Animals/icon_cat-orange-head_LP.png
  artifactKey: Guid(0d9c23555f978f442bf2646d9bcd0392) Importer(815301076,1909f56bfc062723c751e8b465ee728b)
Start importing Assets/polyperfect/Low Poly Icon Pack/Images/_Icons/Animals/icon_cat-orange-head_LP.png using Guid(0d9c23555f978f442bf2646d9bcd0392) Importer(815301076,1909f56bfc062723c751e8b465ee728b)  -> (artifact id: '91e79f4f37dad60ce38ab72745c72093') in 0.057822 seconds 
========================================================================
Received Import Request.
  Time since last request: 0.000022 seconds.
  path: Assets/polyperfect/Low Poly Icon Pack/Images/_Icons/Animals/icon_boar-head_LP.png
  artifactKey: Guid(86feeda5ebf2f9f48bc8b1ec56ba42b6) Importer(815301076,1909f56bfc062723c751e8b465ee728b)
Start importing Assets/polyperfect/Low Poly Icon Pack/Images/_Icons/Animals/icon_boar-head_LP.png using Guid(86feeda5ebf2f9f48bc8b1ec56ba42b6) Importer(815301076,1909f56bfc062723c751e8b465ee728b)  -> (artifact id: '34f3617fcbc2e7d3674b810df5de7b37') in 0.056162 seconds 
========================================================================
Received Import Request.
  Time since last request: 0.000024 seconds.
  path: Assets/polyperfect/Low Poly Icon Pack/Images/_Icons/Animals/icon_cat-orange_LP.png
  artifactKey: Guid(bcc4205a240d06748afd2a701b4b1192) Importer(815301076,1909f56bfc062723c751e8b465ee728b)
Start importing Assets/polyperfect/Low Poly Icon Pack/Images/_Icons/Animals/icon_cat-orange_LP.png using Guid(bcc4205a240d06748afd2a701b4b1192) Importer(815301076,1909f56bfc062723c751e8b465ee728b)  -> (artifact id: '8afccc1a657b4e71fba830f910b92184') in 0.057829 seconds 
========================================================================
Received Import Request.
  Time since last request: 0.000019 seconds.
  path: Assets/polyperfect/Low Poly Icon Pack/Images/_Icons/Animals/icon_cat-white_LP.png
  artifactKey: Guid(9f4c5e50fcb705c4198c47e490e83337) Importer(815301076,1909f56bfc062723c751e8b465ee728b)
Start importing Assets/polyperfect/Low Poly Icon Pack/Images/_Icons/Animals/icon_cat-white_LP.png using Guid(9f4c5e50fcb705c4198c47e490e83337) Importer(815301076,1909f56bfc062723c751e8b465ee728b)  -> (artifact id: '92168468d5b61b160d49ba2a56ecb396') in 0.053811 seconds 
========================================================================
Received Import Request.
  Time since last request: 0.000018 seconds.
  path: Assets/polyperfect/Low Poly Icon Pack/Images/_Icons/Animals/icon_boar_LP.png
  artifactKey: Guid(6e608b5477e81d14d922b5f27f8b35f0) Importer(815301076,1909f56bfc062723c751e8b465ee728b)
Start importing Assets/polyperfect/Low Poly Icon Pack/Images/_Icons/Animals/icon_boar_LP.png using Guid(6e608b5477e81d14d922b5f27f8b35f0) Importer(815301076,1909f56bfc062723c751e8b465ee728b)  -> (artifact id: 'f200500b69141a1082a73700ff38e2a5') in 0.061104 seconds 
========================================================================
Received Import Request.
  Time since last request: 0.000017 seconds.
  path: Assets/polyperfect/Low Poly Icon Pack/Images/_Icons/Animals/icon_snake_LP.png
  artifactKey: Guid(182622f9b40923845af46f3bcb453660) Importer(815301076,1909f56bfc062723c751e8b465ee728b)
Start importing Assets/polyperfect/Low Poly Icon Pack/Images/_Icons/Animals/icon_snake_LP.png using Guid(182622f9b40923845af46f3bcb453660) Importer(815301076,1909f56bfc062723c751e8b465ee728b)  -> (artifact id: 'f411ece32f234c22eeb4e9b050c04f32') in 0.051274 seconds 
========================================================================
Received Import Request.
  Time since last request: 0.000018 seconds.
  path: Assets/polyperfect/Low Poly Icon Pack/Images/_Icons/Animals/icon_starfish_LP.png
  artifactKey: Guid(d2e27e7330960d64097908cef7d3147a) Importer(815301076,1909f56bfc062723c751e8b465ee728b)
Start importing Assets/polyperfect/Low Poly Icon Pack/Images/_Icons/Animals/icon_starfish_LP.png using Guid(d2e27e7330960d64097908cef7d3147a) Importer(815301076,1909f56bfc062723c751e8b465ee728b)  -> (artifact id: 'fce1025e55e58c2536fc1dbdad8edf36') in 0.059649 seconds 
========================================================================
Received Import Request.
  Time since last request: 0.000023 seconds.
  path: Assets/polyperfect/Low Poly Icon Pack/Images/_Icons/Animals/icon_cat-black-head_LP.png
  artifactKey: Guid(396e788cc99182b44b68ed536776341c) Importer(815301076,1909f56bfc062723c751e8b465ee728b)
Start importing Assets/polyperfect/Low Poly Icon Pack/Images/_Icons/Animals/icon_cat-black-head_LP.png using Guid(396e788cc99182b44b68ed536776341c) Importer(815301076,1909f56bfc062723c751e8b465ee728b)  -> (artifact id: '19d8fb8fa9491a838663042f9606d7da') in 0.062209 seconds 
========================================================================
Received Import Request.
  Time since last request: 0.000016 seconds.
  path: Assets/polyperfect/Low Poly Icon Pack/Images/_Icons/Animals/icon_clam_LP.png
  artifactKey: Guid(59a72447dd22d3542914b2e421196806) Importer(815301076,1909f56bfc062723c751e8b465ee728b)
Start importing Assets/polyperfect/Low Poly Icon Pack/Images/_Icons/Animals/icon_clam_LP.png using Guid(59a72447dd22d3542914b2e421196806) Importer(815301076,1909f56bfc062723c751e8b465ee728b)  -> (artifact id: 'a828e996004a99b98d2f066f21bb5150') in 0.052878 seconds 
========================================================================
Received Import Request.
  Time since last request: 0.000019 seconds.
  path: Assets/polyperfect/Low Poly Icon Pack/Images/_Icons/Animals/icon_horse-head_LP.png
  artifactKey: Guid(ddbea291ba9f0d849891146a672169e1) Importer(815301076,1909f56bfc062723c751e8b465ee728b)
Start importing Assets/polyperfect/Low Poly Icon Pack/Images/_Icons/Animals/icon_horse-head_LP.png using Guid(ddbea291ba9f0d849891146a672169e1) Importer(815301076,1909f56bfc062723c751e8b465ee728b)  -> (artifact id: '98b48eac3a5d6133028d7749e14eed8f') in 0.059738 seconds 
========================================================================
Received Import Request.
  Time since last request: 0.000017 seconds.
  path: Assets/polyperfect/Low Poly Icon Pack/Images/_Icons/Animals/icon_deer_LP.png
  artifactKey: Guid(1f6903fa4acd9e149a7cf8c151c6a2ca) Importer(815301076,1909f56bfc062723c751e8b465ee728b)
Start importing Assets/polyperfect/Low Poly Icon Pack/Images/_Icons/Animals/icon_deer_LP.png using Guid(1f6903fa4acd9e149a7cf8c151c6a2ca) Importer(815301076,1909f56bfc062723c751e8b465ee728b)  -> (artifact id: '4d525457adda1fd1ca9f9f37832417b3') in 0.057335 seconds 
========================================================================
Received Import Request.
  Time since last request: 0.000023 seconds.
  path: Assets/polyperfect/Low Poly Icon Pack/Images/_Icons/Animals/icon_orca_LP.png
  artifactKey: Guid(9ae34b7413e9e3848aadc622bbeacd0a) Importer(815301076,1909f56bfc062723c751e8b465ee728b)
Start importing Assets/polyperfect/Low Poly Icon Pack/Images/_Icons/Animals/icon_orca_LP.png using Guid(9ae34b7413e9e3848aadc622bbeacd0a) Importer(815301076,1909f56bfc062723c751e8b465ee728b)  -> (artifact id: '1fb6abb549c111c311750025b9dfc643') in 0.054189 seconds 
========================================================================
Received Import Request.
  Time since last request: 0.000024 seconds.
  path: Assets/polyperfect/Low Poly Icon Pack/Images/_Icons/Animals/icon_cat-black_LP.png
  artifactKey: Guid(c374ee0440b691e4a8cc839f058981bd) Importer(815301076,1909f56bfc062723c751e8b465ee728b)
Start importing Assets/polyperfect/Low Poly Icon Pack/Images/_Icons/Animals/icon_cat-black_LP.png using Guid(c374ee0440b691e4a8cc839f058981bd) Importer(815301076,1909f56bfc062723c751e8b465ee728b)  -> (artifact id: 'cb1c67aca577e475687b30569181de1d') in 0.054706 seconds 
========================================================================
Received Import Request.
  Time since last request: 0.000015 seconds.
  path: Assets/polyperfect/Low Poly Icon Pack/Images/_Icons/Animals/icon_tiger-head_LP.png
  artifactKey: Guid(ce2a2c8d481b92542910b9bc6cbe915f) Importer(815301076,1909f56bfc062723c751e8b465ee728b)
Start importing Assets/polyperfect/Low Poly Icon Pack/Images/_Icons/Animals/icon_tiger-head_LP.png using Guid(ce2a2c8d481b92542910b9bc6cbe915f) Importer(815301076,1909f56bfc062723c751e8b465ee728b)  -> (artifact id: '8f48c27b87b3e467a949ec9f0be57fd6') in 0.063140 seconds 
========================================================================
Received Import Request.
  Time since last request: 0.000014 seconds.
  path: Assets/polyperfect/Low Poly Icon Pack/Images/_Icons/Animals/icon_shark-head_LP.png
  artifactKey: Guid(30cab538df84db846a6af7d8c1677da8) Importer(815301076,1909f56bfc062723c751e8b465ee728b)
Start importing Assets/polyperfect/Low Poly Icon Pack/Images/_Icons/Animals/icon_shark-head_LP.png using Guid(30cab538df84db846a6af7d8c1677da8) Importer(815301076,1909f56bfc062723c751e8b465ee728b)  -> (artifact id: '1e2d9bbb3723d5c2d2d58391b8a292e2') in 0.058695 seconds 
========================================================================
Received Import Request.
  Time since last request: 0.000019 seconds.
  path: Assets/polyperfect/Low Poly Icon Pack/Images/_Icons/Animals/icon_trex_LP.png
  artifactKey: Guid(18eb8eda5b63a4240949fc5f3d763fb1) Importer(815301076,1909f56bfc062723c751e8b465ee728b)
Start importing Assets/polyperfect/Low Poly Icon Pack/Images/_Icons/Animals/icon_trex_LP.png using Guid(18eb8eda5b63a4240949fc5f3d763fb1) Importer(815301076,1909f56bfc062723c751e8b465ee728b)  -> (artifact id: '33249733d6db2a9755f25867700bc603') in 0.055785 seconds 
========================================================================
Received Import Request.
  Time since last request: 0.000017 seconds.
  path: Assets/polyperfect/Low Poly Icon Pack/Images/_Icons/Animals/icon_frog_LP.png
  artifactKey: Guid(2eaddfba3e42b254698c7f2f41021176) Importer(815301076,1909f56bfc062723c751e8b465ee728b)
Start importing Assets/polyperfect/Low Poly Icon Pack/Images/_Icons/Animals/icon_frog_LP.png using Guid(2eaddfba3e42b254698c7f2f41021176) Importer(815301076,1909f56bfc062723c751e8b465ee728b)  -> (artifact id: '63a78b47c5fc026420b59ec8cb8ecba1') in 0.058143 seconds 
========================================================================
Received Import Request.
  Time since last request: 0.000021 seconds.
  path: Assets/polyperfect/Low Poly Icon Pack/Images/_Icons/Animals/icon_pigeon_LP.png
  artifactKey: Guid(f5bb05a1c581979488bcfd7cb56ede75) Importer(815301076,1909f56bfc062723c751e8b465ee728b)
Start importing Assets/polyperfect/Low Poly Icon Pack/Images/_Icons/Animals/icon_pigeon_LP.png using Guid(f5bb05a1c581979488bcfd7cb56ede75) Importer(815301076,1909f56bfc062723c751e8b465ee728b)  -> (artifact id: '8782e7d091cc7a692952b3f9d3e8bb8a') in 0.047706 seconds 
========================================================================
Received Import Request.
  Time since last request: 0.000015 seconds.
  path: Assets/polyperfect/Low Poly Icon Pack/Images/_Icons/Animals/icon_deer-head_LP.png
  artifactKey: Guid(2da7c2ad229f701428f6638124bd8ab6) Importer(815301076,1909f56bfc062723c751e8b465ee728b)
Start importing Assets/polyperfect/Low Poly Icon Pack/Images/_Icons/Animals/icon_deer-head_LP.png using Guid(2da7c2ad229f701428f6638124bd8ab6) Importer(815301076,1909f56bfc062723c751e8b465ee728b)  -> (artifact id: '0a709364d6936e17778d92f7b90374fa') in 0.059879 seconds 
========================================================================
Received Import Request.
  Time since last request: 0.055917 seconds.
  path: Assets/polyperfect/Low Poly Icon Pack/Images/_Icons/Avatars/icon_knight-head_LP.png
  artifactKey: Guid(a9aa435cce4de3d468a8f2ea9e00823c) Importer(815301076,1909f56bfc062723c751e8b465ee728b)
Start importing Assets/polyperfect/Low Poly Icon Pack/Images/_Icons/Avatars/icon_knight-head_LP.png using Guid(a9aa435cce4de3d468a8f2ea9e00823c) Importer(815301076,1909f56bfc062723c751e8b465ee728b)  -> (artifact id: '8567fa5117187be28bee2be5ccccf346') in 0.049454 seconds 
========================================================================
Received Import Request.
  Time since last request: 0.000021 seconds.
  path: Assets/polyperfect/Low Poly Icon Pack/Images/_Icons/Avatars/icon_pilot-head_LP.png
  artifactKey: Guid(ed0995a6baf21d34694c50f816d539f3) Importer(815301076,1909f56bfc062723c751e8b465ee728b)
Start importing Assets/polyperfect/Low Poly Icon Pack/Images/_Icons/Avatars/icon_pilot-head_LP.png using Guid(ed0995a6baf21d34694c50f816d539f3) Importer(815301076,1909f56bfc062723c751e8b465ee728b)  -> (artifact id: '914e057b03168df354bc8ebaa7820b6a') in 0.055378 seconds 
========================================================================
Received Import Request.
  Time since last request: 0.000036 seconds.
  path: Assets/polyperfect/Low Poly Icon Pack/Images/_Icons/Avatars/icon_skeleton-head_LP.png
  artifactKey: Guid(07df577bfae03d94daedb7d35492f84b) Importer(815301076,1909f56bfc062723c751e8b465ee728b)
Start importing Assets/polyperfect/Low Poly Icon Pack/Images/_Icons/Avatars/icon_skeleton-head_LP.png using Guid(07df577bfae03d94daedb7d35492f84b) Importer(815301076,1909f56bfc062723c751e8b465ee728b)  -> (artifact id: '09e1b1c8d982c7e075df3579bc95fd27') in 0.047136 seconds 
========================================================================
Received Import Request.
  Time since last request: 0.000015 seconds.
  path: Assets/polyperfect/Low Poly Icon Pack/Images/_Icons/Avatars/icon_ninja-head_LP.png
  artifactKey: Guid(bdf246fbe4de88d4ca6f44bcbb49eabb) Importer(815301076,1909f56bfc062723c751e8b465ee728b)
Start importing Assets/polyperfect/Low Poly Icon Pack/Images/_Icons/Avatars/icon_ninja-head_LP.png using Guid(bdf246fbe4de88d4ca6f44bcbb49eabb) Importer(815301076,1909f56bfc062723c751e8b465ee728b)  -> (artifact id: 'd99d9109778d9c462d1374e1887ee98a') in 0.062295 seconds 
========================================================================
Received Import Request.
  Time since last request: 0.000022 seconds.
  path: Assets/polyperfect/Low Poly Icon Pack/Images/_Icons/Avatars/icon_swat-officer-head_LP.png
  artifactKey: Guid(b0bff830f7e230e459670a0896b7f404) Importer(815301076,1909f56bfc062723c751e8b465ee728b)
Start importing Assets/polyperfect/Low Poly Icon Pack/Images/_Icons/Avatars/icon_swat-officer-head_LP.png using Guid(b0bff830f7e230e459670a0896b7f404) Importer(815301076,1909f56bfc062723c751e8b465ee728b)  -> (artifact id: 'b1e83f84553830744e87fb660b81801e') in 0.052684 seconds 
========================================================================
Received Import Request.
  Time since last request: 0.000015 seconds.
  path: Assets/polyperfect/Low Poly Icon Pack/Images/_Icons/Avatars/icon_wizard-head_LP.png
  artifactKey: Guid(d54634b59441cb9478726d89b368ca91) Importer(815301076,1909f56bfc062723c751e8b465ee728b)
Start importing Assets/polyperfect/Low Poly Icon Pack/Images/_Icons/Avatars/icon_wizard-head_LP.png using Guid(d54634b59441cb9478726d89b368ca91) Importer(815301076,1909f56bfc062723c751e8b465ee728b)  -> (artifact id: 'e726725435ad5040f16cec474d94eb38') in 0.054291 seconds 
========================================================================
Received Import Request.
  Time since last request: 0.000016 seconds.
  path: Assets/polyperfect/Low Poly Icon Pack/Images/_Icons/Avatars/icon_prehistoric-woman-head_LP.png
  artifactKey: Guid(cff9ee0b0e3a3d3429e6864101e85719) Importer(815301076,1909f56bfc062723c751e8b465ee728b)
Start importing Assets/polyperfect/Low Poly Icon Pack/Images/_Icons/Avatars/icon_prehistoric-woman-head_LP.png using Guid(cff9ee0b0e3a3d3429e6864101e85719) Importer(815301076,1909f56bfc062723c751e8b465ee728b)  -> (artifact id: 'bb3ccc5a53527e19c083d9832d3209ed') in 0.059091 seconds 
========================================================================
Received Import Request.
  Time since last request: 0.000021 seconds.
  path: Assets/polyperfect/Low Poly Icon Pack/Images/_Icons/Avatars/icon_pirate-head_LP.png
  artifactKey: Guid(aa3c772dfc5fedb4c9999815a1bae168) Importer(815301076,1909f56bfc062723c751e8b465ee728b)
Start importing Assets/polyperfect/Low Poly Icon Pack/Images/_Icons/Avatars/icon_pirate-head_LP.png using Guid(aa3c772dfc5fedb4c9999815a1bae168) Importer(815301076,1909f56bfc062723c751e8b465ee728b)  -> (artifact id: '542ba454a0f99e95849700f454b292f8') in 0.058997 seconds 
========================================================================
Received Import Request.
  Time since last request: 0.000015 seconds.
  path: Assets/polyperfect/Low Poly Icon Pack/Images/_Icons/Avatars/icon_yeti-head_LP.png
  artifactKey: Guid(a5f6ef76cb116b64aa56c8e55d5b7644) Importer(815301076,1909f56bfc062723c751e8b465ee728b)
Start importing Assets/polyperfect/Low Poly Icon Pack/Images/_Icons/Avatars/icon_yeti-head_LP.png using Guid(a5f6ef76cb116b64aa56c8e55d5b7644) Importer(815301076,1909f56bfc062723c751e8b465ee728b)  -> (artifact id: 'da0b274b73aa654ba1dfbec8d37a0f4a') in 0.056330 seconds 
========================================================================
Received Import Request.
  Time since last request: 0.000016 seconds.
  path: Assets/polyperfect/Low Poly Icon Pack/Images/_Icons/Avatars/icon_santa-claus-head_LP.png
  artifactKey: Guid(0c56d2e60d2745140b83fa9cf911e8f4) Importer(815301076,1909f56bfc062723c751e8b465ee728b)
Start importing Assets/polyperfect/Low Poly Icon Pack/Images/_Icons/Avatars/icon_santa-claus-head_LP.png using Guid(0c56d2e60d2745140b83fa9cf911e8f4) Importer(815301076,1909f56bfc062723c751e8b465ee728b)  -> (artifact id: '683f8974eb058b3d1161207d052ef7be') in 0.058748 seconds 
========================================================================
Received Import Request.
  Time since last request: 0.000016 seconds.
  path: Assets/polyperfect/Low Poly Icon Pack/Images/_Icons/Avatars/icon_zombie-head_LP.png
  artifactKey: Guid(9a10fb8f5efdbd74f8a15875334cd987) Importer(815301076,1909f56bfc062723c751e8b465ee728b)
Start importing Assets/polyperfect/Low Poly Icon Pack/Images/_Icons/Avatars/icon_zombie-head_LP.png using Guid(9a10fb8f5efdbd74f8a15875334cd987) Importer(815301076,1909f56bfc062723c751e8b465ee728b)  -> (artifact id: 'e1ec44f97bb93262662bfaed3dedccfb') in 0.055867 seconds 
========================================================================
Received Import Request.
  Time since last request: 0.000016 seconds.
  path: Assets/polyperfect/Low Poly Icon Pack/Images/_Icons/Avatars/icon_soldier-us-head_LP.png
  artifactKey: Guid(036ba6069742bdc4aa1a5c7ed6c39f89) Importer(815301076,1909f56bfc062723c751e8b465ee728b)
Start importing Assets/polyperfect/Low Poly Icon Pack/Images/_Icons/Avatars/icon_soldier-us-head_LP.png using Guid(036ba6069742bdc4aa1a5c7ed6c39f89) Importer(815301076,1909f56bfc062723c751e8b465ee728b)  -> (artifact id: 'd8b72139a7b08221c3102f6dd1f2387d') in 0.062371 seconds 
========================================================================
Received Import Request.
  Time since last request: 1.215756 seconds.
  path: Assets/polyperfect/Low Poly Icon Pack/Images/_Icons/Weapons/icon_arrow-modern_LP.png
  artifactKey: Guid(4576de3ba532ce9458d194390b003857) Importer(815301076,1909f56bfc062723c751e8b465ee728b)
Start importing Assets/polyperfect/Low Poly Icon Pack/Images/_Icons/Weapons/icon_arrow-modern_LP.png using Guid(4576de3ba532ce9458d194390b003857) Importer(815301076,1909f56bfc062723c751e8b465ee728b)  -> (artifact id: '7e9f1b4b5a5525f0558225922d9bb35c') in 0.060313 seconds 
========================================================================
Received Import Request.
  Time since last request: 0.000019 seconds.
  path: Assets/polyperfect/Low Poly Icon Pack/Images/_Icons/Weapons/icon_baseball-bat-nails_LP.png
  artifactKey: Guid(a7f9165d7118a7d43825f9e604d1f3b2) Importer(815301076,1909f56bfc062723c751e8b465ee728b)
Start importing Assets/polyperfect/Low Poly Icon Pack/Images/_Icons/Weapons/icon_baseball-bat-nails_LP.png using Guid(a7f9165d7118a7d43825f9e604d1f3b2) Importer(815301076,1909f56bfc062723c751e8b465ee728b)  -> (artifact id: '523257242d4bf583218827291b35c73d') in 0.055143 seconds 
========================================================================
Received Import Request.
  Time since last request: 0.000027 seconds.
  path: Assets/polyperfect/Low Poly Icon Pack/Images/_Icons/Weapons/icon_katana_LP.png
  artifactKey: Guid(08bb284f2022330419e4b812e13efb0e) Importer(815301076,1909f56bfc062723c751e8b465ee728b)
Start importing Assets/polyperfect/Low Poly Icon Pack/Images/_Icons/Weapons/icon_katana_LP.png using Guid(08bb284f2022330419e4b812e13efb0e) Importer(815301076,1909f56bfc062723c751e8b465ee728b)  -> (artifact id: '9468e09f9a9717b20c8183aaf052af8f') in 0.052223 seconds 
========================================================================
Received Import Request.
  Time since last request: 0.000015 seconds.
  path: Assets/polyperfect/Low Poly Icon Pack/Images/_Icons/Weapons/icon_bow_LP.png
  artifactKey: Guid(c298569e70fb61445942a6233593f916) Importer(815301076,1909f56bfc062723c751e8b465ee728b)
Start importing Assets/polyperfect/Low Poly Icon Pack/Images/_Icons/Weapons/icon_bow_LP.png using Guid(c298569e70fb61445942a6233593f916) Importer(815301076,1909f56bfc062723c751e8b465ee728b)  -> (artifact id: '5fa886a5da58685febb821459eda4906') in 0.054065 seconds 
========================================================================
Received Import Request.
  Time since last request: 0.000015 seconds.
  path: Assets/polyperfect/Low Poly Icon Pack/Images/_Icons/Weapons/icon_pistol-magazine_LP.png
  artifactKey: Guid(4c66028018efe974eb78f66a3a37bac5) Importer(815301076,1909f56bfc062723c751e8b465ee728b)
Start importing Assets/polyperfect/Low Poly Icon Pack/Images/_Icons/Weapons/icon_pistol-magazine_LP.png using Guid(4c66028018efe974eb78f66a3a37bac5) Importer(815301076,1909f56bfc062723c751e8b465ee728b)  -> (artifact id: 'd07563df24296fdd028f6a1859ea5675') in 0.052386 seconds 
========================================================================
Received Import Request.
  Time since last request: 0.000015 seconds.
  path: Assets/polyperfect/Low Poly Icon Pack/Images/_Icons/Weapons/icon_pirate-musket-long_LP.png
  artifactKey: Guid(5c4ae33441c282d4483b139d899ce24e) Importer(815301076,1909f56bfc062723c751e8b465ee728b)
Start importing Assets/polyperfect/Low Poly Icon Pack/Images/_Icons/Weapons/icon_pirate-musket-long_LP.png using Guid(5c4ae33441c282d4483b139d899ce24e) Importer(815301076,1909f56bfc062723c751e8b465ee728b)  -> (artifact id: '55480d3937271ee31c4c0197f50b5583') in 0.063297 seconds 
========================================================================
Received Import Request.
  Time since last request: 0.000016 seconds.
  path: Assets/polyperfect/Low Poly Icon Pack/Images/_Icons/Weapons/icon_shotgun-shells_LP.png
  artifactKey: Guid(5316b4436edb0ee41993f072971769d1) Importer(815301076,1909f56bfc062723c751e8b465ee728b)
Start importing Assets/polyperfect/Low Poly Icon Pack/Images/_Icons/Weapons/icon_shotgun-shells_LP.png using Guid(5316b4436edb0ee41993f072971769d1) Importer(815301076,1909f56bfc062723c751e8b465ee728b)  -> (artifact id: 'ebef5d9954f09dc27c4d9051d0a107fd') in 0.059050 seconds 
========================================================================
Received Import Request.
  Time since last request: 0.655812 seconds.
  path: Assets/polyperfect/Low Poly Icon Pack/Images/_Icons/Winter/icon_candy-cane_LP.png
  artifactKey: Guid(342b330c4777e60408954f4cf060b1f7) Importer(815301076,1909f56bfc062723c751e8b465ee728b)
Start importing Assets/polyperfect/Low Poly Icon Pack/Images/_Icons/Winter/icon_candy-cane_LP.png using Guid(342b330c4777e60408954f4cf060b1f7) Importer(815301076,1909f56bfc062723c751e8b465ee728b)  -> (artifact id: 'c1a7c5f571974a3703156eb0b0ba132f') in 0.057354 seconds 
========================================================================
Received Import Request.
  Time since last request: 0.000021 seconds.
  path: Assets/polyperfect/Low Poly Icon Pack/Images/_Icons/Winter/icon_present-box_LP.png
  artifactKey: Guid(5f840ae623ed0f840ac95639dbe29fc0) Importer(815301076,1909f56bfc062723c751e8b465ee728b)
Start importing Assets/polyperfect/Low Poly Icon Pack/Images/_Icons/Winter/icon_present-box_LP.png using Guid(5f840ae623ed0f840ac95639dbe29fc0) Importer(815301076,1909f56bfc062723c751e8b465ee728b)  -> (artifact id: '406a732b4d2c49878c98cc27255d76cc') in 0.064124 seconds 
========================================================================
Received Import Request.
  Time since last request: 0.000019 seconds.
  path: Assets/polyperfect/Low Poly Icon Pack/Images/_Icons/Winter/icon_igloo_LP.png
  artifactKey: Guid(98aa0f6088a4d3f4b860924126e5f006) Importer(815301076,1909f56bfc062723c751e8b465ee728b)
Start importing Assets/polyperfect/Low Poly Icon Pack/Images/_Icons/Winter/icon_igloo_LP.png using Guid(98aa0f6088a4d3f4b860924126e5f006) Importer(815301076,1909f56bfc062723c751e8b465ee728b)  -> (artifact id: '12863079267013a620c546262086d5f1') in 0.062312 seconds 
========================================================================
Received Import Request.
  Time since last request: 0.995271 seconds.
  path: Assets/polyperfect/Low Poly Icon Pack/Images/_Icons/War/icon_cannon_LP.png
  artifactKey: Guid(c78421e8a485f80459f0fca2c1d8e875) Importer(815301076,1909f56bfc062723c751e8b465ee728b)
Start importing Assets/polyperfect/Low Poly Icon Pack/Images/_Icons/War/icon_cannon_LP.png using Guid(c78421e8a485f80459f0fca2c1d8e875) Importer(815301076,1909f56bfc062723c751e8b465ee728b)  -> (artifact id: '22680774de86da10a760f0a185604988') in 0.059395 seconds 
========================================================================
Received Import Request.
  Time since last request: 0.000024 seconds.
  path: Assets/polyperfect/Low Poly Icon Pack/Images/_Icons/War/icon_tank-tiger_LP.png
  artifactKey: Guid(4bd9f9bff607cc54d8ef143724364d86) Importer(815301076,1909f56bfc062723c751e8b465ee728b)
Start importing Assets/polyperfect/Low Poly Icon Pack/Images/_Icons/War/icon_tank-tiger_LP.png using Guid(4bd9f9bff607cc54d8ef143724364d86) Importer(815301076,1909f56bfc062723c751e8b465ee728b)  -> (artifact id: 'a5cfe9cf0326070c3f324ebc07431ef1') in 0.064098 seconds 
========================================================================
Received Import Request.
  Time since last request: 1.543913 seconds.
  path: Assets/polyperfect/Low Poly Icon Pack/Images/_Icons/Vehicles/icon_canister-gas_LP.png
  artifactKey: Guid(cfde44a9f4dbb7f4d87eb4045b68adf2) Importer(815301076,1909f56bfc062723c751e8b465ee728b)
Start importing Assets/polyperfect/Low Poly Icon Pack/Images/_Icons/Vehicles/icon_canister-gas_LP.png using Guid(cfde44a9f4dbb7f4d87eb4045b68adf2) Importer(815301076,1909f56bfc062723c751e8b465ee728b)  -> (artifact id: '7e77b16bf0587eb7b3a9c1060aa85a2d') in 0.061871 seconds 
========================================================================
Received Import Request.
  Time since last request: 0.000028 seconds.
  path: Assets/polyperfect/Low Poly Icon Pack/Images/_Icons/Vehicles/icon_oil_LP.png
  artifactKey: Guid(bbc9952cd85b1994b96b4fb6fe7123f8) Importer(815301076,1909f56bfc062723c751e8b465ee728b)
Start importing Assets/polyperfect/Low Poly Icon Pack/Images/_Icons/Vehicles/icon_oil_LP.png using Guid(bbc9952cd85b1994b96b4fb6fe7123f8) Importer(815301076,1909f56bfc062723c751e8b465ee728b)  -> (artifact id: 'a41cb91e60e545eea9e5960249d71032') in 0.055830 seconds 
========================================================================
Received Import Request.
  Time since last request: 0.000016 seconds.
  path: Assets/polyperfect/Low Poly Icon Pack/Images/_Icons/Vehicles/icon_f1_LP.png
  artifactKey: Guid(ecaf131160b366b40b064251c660cfaa) Importer(815301076,1909f56bfc062723c751e8b465ee728b)
Start importing Assets/polyperfect/Low Poly Icon Pack/Images/_Icons/Vehicles/icon_f1_LP.png using Guid(ecaf131160b366b40b064251c660cfaa) Importer(815301076,1909f56bfc062723c751e8b465ee728b)  -> (artifact id: '8cf440c9465ada19dc6a241d78a391fa') in 0.064536 seconds 
========================================================================
Received Import Request.
  Time since last request: 4.064815 seconds.
  path: Assets/polyperfect/Low Poly Icon Pack/Images/_Icons/Valentine/icon_candle-heart-valentine_LP.png
  artifactKey: Guid(5abd481f2b4137549b513b34ac122a0f) Importer(815301076,1909f56bfc062723c751e8b465ee728b)
Start importing Assets/polyperfect/Low Poly Icon Pack/Images/_Icons/Valentine/icon_candle-heart-valentine_LP.png using Guid(5abd481f2b4137549b513b34ac122a0f) Importer(815301076,1909f56bfc062723c751e8b465ee728b)  -> (artifact id: '663a48007d000ed9b11331562b5d65e5') in 0.076495 seconds 
========================================================================
Received Import Request.
  Time since last request: 0.000016 seconds.
  path: Assets/polyperfect/Low Poly Icon Pack/Images/_Icons/Valentine/icon_envelope-valentine_LP.png
  artifactKey: Guid(ad121bd2a24e5854884d631a1a03616e) Importer(815301076,1909f56bfc062723c751e8b465ee728b)
Start importing Assets/polyperfect/Low Poly Icon Pack/Images/_Icons/Valentine/icon_envelope-valentine_LP.png using Guid(ad121bd2a24e5854884d631a1a03616e) Importer(815301076,1909f56bfc062723c751e8b465ee728b)  -> (artifact id: '69583671ffcb7c34ec0da94847642e79') in 0.112131 seconds 
========================================================================
Received Import Request.
  Time since last request: 0.790440 seconds.
  path: Assets/polyperfect/Low Poly Icon Pack/Images/_Icons/UI/icon_ui-arrow-left_LP.png
  artifactKey: Guid(cde0d6ed1df301547a385b76cb030ce8) Importer(815301076,1909f56bfc062723c751e8b465ee728b)
Start importing Assets/polyperfect/Low Poly Icon Pack/Images/_Icons/UI/icon_ui-arrow-left_LP.png using Guid(cde0d6ed1df301547a385b76cb030ce8) Importer(815301076,1909f56bfc062723c751e8b465ee728b)  -> (artifact id: '0f5138eadf66afb3d22131e58733b8ff') in 0.057595 seconds 
========================================================================
Received Import Request.
  Time since last request: 0.000026 seconds.
  path: Assets/polyperfect/Low Poly Icon Pack/Images/_Icons/UI/icon_ui-gear-wheel-inside_LP.png
  artifactKey: Guid(f3d2856878813cf488b93bca4e0884bc) Importer(815301076,1909f56bfc062723c751e8b465ee728b)
Start importing Assets/polyperfect/Low Poly Icon Pack/Images/_Icons/UI/icon_ui-gear-wheel-inside_LP.png using Guid(f3d2856878813cf488b93bca4e0884bc) Importer(815301076,1909f56bfc062723c751e8b465ee728b)  -> (artifact id: 'c9ecdbd2d7b2fa5585e1940ef29b5f44') in 0.099319 seconds 
========================================================================
Received Import Request.
  Time since last request: 0.000019 seconds.
  path: Assets/polyperfect/Low Poly Icon Pack/Images/_Icons/UI/icon_ui-arrow-up_LP.png
  artifactKey: Guid(87664436ab8d45d4aace0214b39a05e5) Importer(815301076,1909f56bfc062723c751e8b465ee728b)
Start importing Assets/polyperfect/Low Poly Icon Pack/Images/_Icons/UI/icon_ui-arrow-up_LP.png using Guid(87664436ab8d45d4aace0214b39a05e5) Importer(815301076,1909f56bfc062723c751e8b465ee728b)  -> (artifact id: 'b264725edc7f536a053a2b726e91479e') in 0.099349 seconds 
========================================================================
Received Import Request.
  Time since last request: 0.000019 seconds.
  path: Assets/polyperfect/Low Poly Icon Pack/Images/_Icons/UI/icon_ui-menu_LP.png
  artifactKey: Guid(a0b0d6382838e7845aa162ea737e701b) Importer(815301076,1909f56bfc062723c751e8b465ee728b)
Start importing Assets/polyperfect/Low Poly Icon Pack/Images/_Icons/UI/icon_ui-menu_LP.png using Guid(a0b0d6382838e7845aa162ea737e701b) Importer(815301076,1909f56bfc062723c751e8b465ee728b)  -> (artifact id: '0629f148f5bc0473d2639d55dce05784') in 0.090027 seconds 
========================================================================
Received Import Request.
  Time since last request: 0.000020 seconds.
  path: Assets/polyperfect/Low Poly Icon Pack/Images/_Icons/UI/icon_ui-gear-wheels_LP.png
  artifactKey: Guid(b1abe14b6313a2741a0036f95137b959) Importer(815301076,1909f56bfc062723c751e8b465ee728b)
Start importing Assets/polyperfect/Low Poly Icon Pack/Images/_Icons/UI/icon_ui-gear-wheels_LP.png using Guid(b1abe14b6313a2741a0036f95137b959) Importer(815301076,1909f56bfc062723c751e8b465ee728b)  -> (artifact id: '35c81b2d8725bd68e22aa3d0860efb1f') in 0.056438 seconds 
========================================================================
Received Import Request.
  Time since last request: 0.000021 seconds.
  path: Assets/polyperfect/Low Poly Icon Pack/Images/_Icons/UI/icon_ui-checkmark_LP.png
  artifactKey: Guid(ed3668097989819469ce110f33ec19d6) Importer(815301076,1909f56bfc062723c751e8b465ee728b)
Start importing Assets/polyperfect/Low Poly Icon Pack/Images/_Icons/UI/icon_ui-checkmark_LP.png using Guid(ed3668097989819469ce110f33ec19d6) Importer(815301076,1909f56bfc062723c751e8b465ee728b)  -> (artifact id: '3048b1f77141ab7e200ee8dca6c038a5') in 0.057612 seconds 
========================================================================
Received Import Request.
  Time since last request: 1.052403 seconds.
  path: Assets/polyperfect/Low Poly Icon Pack/Images/_Icons/Tools/icon_axe_LP.png
  artifactKey: Guid(a50aa657da7c1714098a26a4eb7a8891) Importer(815301076,1909f56bfc062723c751e8b465ee728b)
Start importing Assets/polyperfect/Low Poly Icon Pack/Images/_Icons/Tools/icon_axe_LP.png using Guid(a50aa657da7c1714098a26a4eb7a8891) Importer(815301076,1909f56bfc062723c751e8b465ee728b)  -> (artifact id: 'efecea272ffc53a9838ce2241b121ae9') in 0.056299 seconds 
========================================================================
Received Import Request.
  Time since last request: 0.000025 seconds.
  path: Assets/polyperfect/Low Poly Icon Pack/Images/_Icons/Tools/icon_fishing-pole_LP.png
  artifactKey: Guid(79f58e732a4d141478c677c473ae4aad) Importer(815301076,1909f56bfc062723c751e8b465ee728b)
Start importing Assets/polyperfect/Low Poly Icon Pack/Images/_Icons/Tools/icon_fishing-pole_LP.png using Guid(79f58e732a4d141478c677c473ae4aad) Importer(815301076,1909f56bfc062723c751e8b465ee728b)  -> (artifact id: 'f453085ca1d5ab3d6d44a9054bd7f449') in 0.056143 seconds 
========================================================================
Received Import Request.
  Time since last request: 0.000016 seconds.
  path: Assets/polyperfect/Low Poly Icon Pack/Images/_Icons/Tools/icon_hammer_LP.png
  artifactKey: Guid(43065d27e24e1ee4a8d81b0ac7106245) Importer(815301076,1909f56bfc062723c751e8b465ee728b)
Start importing Assets/polyperfect/Low Poly Icon Pack/Images/_Icons/Tools/icon_hammer_LP.png using Guid(43065d27e24e1ee4a8d81b0ac7106245) Importer(815301076,1909f56bfc062723c751e8b465ee728b)  -> (artifact id: 'af087896fdc0b6295ca2eb157f3c977f') in 0.057343 seconds 
========================================================================
Received Import Request.
  Time since last request: 0.000016 seconds.
  path: Assets/polyperfect/Low Poly Icon Pack/Images/_Icons/Tools/icon_pitchfork_LP.png
  artifactKey: Guid(0ffe02a6a8928714cbbfbecb46e0a9c9) Importer(815301076,1909f56bfc062723c751e8b465ee728b)
Start importing Assets/polyperfect/Low Poly Icon Pack/Images/_Icons/Tools/icon_pitchfork_LP.png using Guid(0ffe02a6a8928714cbbfbecb46e0a9c9) Importer(815301076,1909f56bfc062723c751e8b465ee728b)  -> (artifact id: 'bfb2e6dc961253ccd9d9922445503220') in 0.055885 seconds 
========================================================================
Received Import Request.
  Time since last request: 0.000023 seconds.
  path: Assets/polyperfect/Low Poly Icon Pack/Images/_Icons/Tools/icon_pickaxe_LP.png
  artifactKey: Guid(aa8fa20837202344aad0095517d53bc4) Importer(815301076,1909f56bfc062723c751e8b465ee728b)
Start importing Assets/polyperfect/Low Poly Icon Pack/Images/_Icons/Tools/icon_pickaxe_LP.png using Guid(aa8fa20837202344aad0095517d53bc4) Importer(815301076,1909f56bfc062723c751e8b465ee728b)  -> (artifact id: '5a9726e104d945f921f4bb322bf30d5d') in 0.050010 seconds 
========================================================================
Received Import Request.
  Time since last request: 0.000017 seconds.
  path: Assets/polyperfect/Low Poly Icon Pack/Images/_Icons/Tools/icon_map_LP.png
  artifactKey: Guid(2f4a04ceb7b4e894291c6ae583b2c761) Importer(815301076,1909f56bfc062723c751e8b465ee728b)
Start importing Assets/polyperfect/Low Poly Icon Pack/Images/_Icons/Tools/icon_map_LP.png using Guid(2f4a04ceb7b4e894291c6ae583b2c761) Importer(815301076,1909f56bfc062723c751e8b465ee728b)  -> (artifact id: 'e36d2d2007d953f6619541fb2e84b302') in 0.060109 seconds 
========================================================================
Received Import Request.
  Time since last request: 6.922682 seconds.
  path: Assets/polyperfect/Low Poly Icon Pack/Images/_Icons/Survival/icon_backbag_LP.png
  artifactKey: Guid(241df97a372aa0f47895f04844efde4b) Importer(815301076,1909f56bfc062723c751e8b465ee728b)
Start importing Assets/polyperfect/Low Poly Icon Pack/Images/_Icons/Survival/icon_backbag_LP.png using Guid(241df97a372aa0f47895f04844efde4b) Importer(815301076,1909f56bfc062723c751e8b465ee728b)  -> (artifact id: '436ae52470d08d60d92d4e8a41672768') in 0.073251 seconds 
========================================================================
Received Import Request.
  Time since last request: 0.000023 seconds.
  path: Assets/polyperfect/Low Poly Icon Pack/Images/_Icons/Survival/icon_bear-trap_LP.png
  artifactKey: Guid(b736bd66bddb234468a04b4cdb3805c1) Importer(815301076,1909f56bfc062723c751e8b465ee728b)
Start importing Assets/polyperfect/Low Poly Icon Pack/Images/_Icons/Survival/icon_bear-trap_LP.png using Guid(b736bd66bddb234468a04b4cdb3805c1) Importer(815301076,1909f56bfc062723c751e8b465ee728b)  -> (artifact id: '4149206300bcacc2891e03e7e0f5534f') in 0.111579 seconds 
========================================================================
Received Import Request.
  Time since last request: 0.000023 seconds.
  path: Assets/polyperfect/Low Poly Icon Pack/Images/_Icons/Survival/icon_matches-box_LP.png
  artifactKey: Guid(becb76cac48501942b52bb04f4acd064) Importer(815301076,1909f56bfc062723c751e8b465ee728b)
Start importing Assets/polyperfect/Low Poly Icon Pack/Images/_Icons/Survival/icon_matches-box_LP.png using Guid(becb76cac48501942b52bb04f4acd064) Importer(815301076,1909f56bfc062723c751e8b465ee728b)  -> (artifact id: '305f0b65a22174edd913e3aeab2cb0e9') in 0.113028 seconds 
========================================================================
Received Import Request.
  Time since last request: 0.000022 seconds.
  path: Assets/polyperfect/Low Poly Icon Pack/Images/_Icons/Survival/icon_cooker_LP.png
  artifactKey: Guid(13a04c1b860753541a1abd35f61a4c00) Importer(815301076,1909f56bfc062723c751e8b465ee728b)
Start importing Assets/polyperfect/Low Poly Icon Pack/Images/_Icons/Survival/icon_cooker_LP.png using Guid(13a04c1b860753541a1abd35f61a4c00) Importer(815301076,1909f56bfc062723c751e8b465ee728b)  -> (artifact id: '6aef8de8ada35adb91e4cfaae70e9296') in 0.075743 seconds 
========================================================================
Received Import Request.
  Time since last request: 0.000017 seconds.
  path: Assets/polyperfect/Low Poly Icon Pack/Images/_Icons/Survival/icon_box-cans_LP.png
  artifactKey: Guid(6bee1788f6802d9469adae61898a14bb) Importer(815301076,1909f56bfc062723c751e8b465ee728b)
Start importing Assets/polyperfect/Low Poly Icon Pack/Images/_Icons/Survival/icon_box-cans_LP.png using Guid(6bee1788f6802d9469adae61898a14bb) Importer(815301076,1909f56bfc062723c751e8b465ee728b)  -> (artifact id: '3dda6ffc4e125d36fe0ac29377452be8') in 0.049634 seconds 
========================================================================
Received Import Request.
  Time since last request: 0.000021 seconds.
  path: Assets/polyperfect/Low Poly Icon Pack/Images/_Icons/Survival/icon_ladder-wood_LP.png
  artifactKey: Guid(d81df98a12e03e94382a925a5d402dd8) Importer(815301076,1909f56bfc062723c751e8b465ee728b)
Start importing Assets/polyperfect/Low Poly Icon Pack/Images/_Icons/Survival/icon_ladder-wood_LP.png using Guid(d81df98a12e03e94382a925a5d402dd8) Importer(815301076,1909f56bfc062723c751e8b465ee728b)  -> (artifact id: 'f8f32f03a88f1c9fb7eca2c0645ad1fa') in 0.053051 seconds 
========================================================================
Received Import Request.
  Time since last request: 0.000025 seconds.
  path: Assets/polyperfect/Low Poly Icon Pack/Images/_Icons/Survival/icon_walkie-talkie_LP.png
  artifactKey: Guid(79d9b1cb6931a2b46891050751211324) Importer(815301076,1909f56bfc062723c751e8b465ee728b)
Start importing Assets/polyperfect/Low Poly Icon Pack/Images/_Icons/Survival/icon_walkie-talkie_LP.png using Guid(79d9b1cb6931a2b46891050751211324) Importer(815301076,1909f56bfc062723c751e8b465ee728b)  -> (artifact id: '9f282f5c77ff17ddc38fd48ffa97a024') in 0.053103 seconds 
========================================================================
Received Import Request.
  Time since last request: 0.000022 seconds.
  path: Assets/polyperfect/Low Poly Icon Pack/Images/_Icons/Survival/icon_toilet-paper_LP.png
  artifactKey: Guid(138cc248c68f2fb4d95214239eb5517d) Importer(815301076,1909f56bfc062723c751e8b465ee728b)
Start importing Assets/polyperfect/Low Poly Icon Pack/Images/_Icons/Survival/icon_toilet-paper_LP.png using Guid(138cc248c68f2fb4d95214239eb5517d) Importer(815301076,1909f56bfc062723c751e8b465ee728b)  -> (artifact id: 'd4f2f621f570d3bd2fa7ab68f21bfd78') in 0.058550 seconds 
========================================================================
Received Import Request.
  Time since last request: 0.000017 seconds.
  path: Assets/polyperfect/Low Poly Icon Pack/Images/_Icons/Survival/icon_sleeping-bag_LP.png
  artifactKey: Guid(bf15ef8415443424aa55b15385b59baf) Importer(815301076,1909f56bfc062723c751e8b465ee728b)
Start importing Assets/polyperfect/Low Poly Icon Pack/Images/_Icons/Survival/icon_sleeping-bag_LP.png using Guid(bf15ef8415443424aa55b15385b59baf) Importer(815301076,1909f56bfc062723c751e8b465ee728b)  -> (artifact id: 'ea32bcf47f551f9142d3fa63e5cd5716') in 0.057984 seconds 
========================================================================
Received Import Request.
  Time since last request: 0.000027 seconds.
  path: Assets/polyperfect/Low Poly Icon Pack/Images/_Icons/Survival/icon_outdoor-pot_LP.png
  artifactKey: Guid(f6204d89fe7961840ad2a27223ae7f14) Importer(815301076,1909f56bfc062723c751e8b465ee728b)
Start importing Assets/polyperfect/Low Poly Icon Pack/Images/_Icons/Survival/icon_outdoor-pot_LP.png using Guid(f6204d89fe7961840ad2a27223ae7f14) Importer(815301076,1909f56bfc062723c751e8b465ee728b)  -> (artifact id: 'b52569675474293ef3ee2a00b4f97511') in 0.055509 seconds 
========================================================================
Received Import Request.
  Time since last request: 0.000018 seconds.
  path: Assets/polyperfect/Low Poly Icon Pack/Images/_Icons/Survival/icon_tent_LP.png
  artifactKey: Guid(6310bb17cbe071b49814aba195b69a3f) Importer(815301076,1909f56bfc062723c751e8b465ee728b)
Start importing Assets/polyperfect/Low Poly Icon Pack/Images/_Icons/Survival/icon_tent_LP.png using Guid(6310bb17cbe071b49814aba195b69a3f) Importer(815301076,1909f56bfc062723c751e8b465ee728b)  -> (artifact id: '4bbda5f2bf0400827948e1857b406f54') in 0.060421 seconds 
========================================================================
Received Import Request.
  Time since last request: 51.533228 seconds.
  path: Assets/polyperfect/Low Poly Icon Pack/Images/_Icons/Space/icon_moon_LP.png
  artifactKey: Guid(07d9b7cd3131ca64e955e3e21044deb1) Importer(815301076,1909f56bfc062723c751e8b465ee728b)
Start importing Assets/polyperfect/Low Poly Icon Pack/Images/_Icons/Space/icon_moon_LP.png using Guid(07d9b7cd3131ca64e955e3e21044deb1) Importer(815301076,1909f56bfc062723c751e8b465ee728b)  -> (artifact id: 'e0829782d24fe9f58bf3fed87e874c98') in 0.076259 seconds 
========================================================================
Received Import Request.
  Time since last request: 0.000020 seconds.
  path: Assets/polyperfect/Low Poly Icon Pack/Images/_Icons/Space/icon_ufo_LP.png
  artifactKey: Guid(86b2ce5207208904092fe66b59bc5fbf) Importer(815301076,1909f56bfc062723c751e8b465ee728b)
Start importing Assets/polyperfect/Low Poly Icon Pack/Images/_Icons/Space/icon_ufo_LP.png using Guid(86b2ce5207208904092fe66b59bc5fbf) Importer(815301076,1909f56bfc062723c751e8b465ee728b)  -> (artifact id: 'a25a43f559155611ee13ee8adb9f9add') in 0.074475 seconds 
========================================================================
Received Import Request.
  Time since last request: 0.441103 seconds.
  path: Assets/polyperfect/Low Poly Icon Pack/Images/_Icons/Sport/icon_ball-basket_LP.png
  artifactKey: Guid(3b4d8c6be7c3c914897ef03e125f8e44) Importer(815301076,1909f56bfc062723c751e8b465ee728b)
Start importing Assets/polyperfect/Low Poly Icon Pack/Images/_Icons/Sport/icon_ball-basket_LP.png using Guid(3b4d8c6be7c3c914897ef03e125f8e44) Importer(815301076,1909f56bfc062723c751e8b465ee728b)  -> (artifact id: 'af3c11dce7f0089b7cb4a14635e36420') in 0.068238 seconds 
========================================================================
Received Import Request.
  Time since last request: 0.000018 seconds.
  path: Assets/polyperfect/Low Poly Icon Pack/Images/_Icons/Sport/icon_box-attack_LP.png
  artifactKey: Guid(479df1c852d6f7f4891ebec3af25e2ae) Importer(815301076,1909f56bfc062723c751e8b465ee728b)
Start importing Assets/polyperfect/Low Poly Icon Pack/Images/_Icons/Sport/icon_box-attack_LP.png using Guid(479df1c852d6f7f4891ebec3af25e2ae) Importer(815301076,1909f56bfc062723c751e8b465ee728b)  -> (artifact id: 'c377d5a882fbc6deb1f1cc72014cb1eb') in 0.054607 seconds 
========================================================================
Received Import Request.
  Time since last request: 0.000018 seconds.
  path: Assets/polyperfect/Low Poly Icon Pack/Images/_Icons/Sport/icon_tennis-racket_LP.png
  artifactKey: Guid(8a419103cf875ff49beb284f626a7e00) Importer(815301076,1909f56bfc062723c751e8b465ee728b)
Start importing Assets/polyperfect/Low Poly Icon Pack/Images/_Icons/Sport/icon_tennis-racket_LP.png using Guid(8a419103cf875ff49beb284f626a7e00) Importer(815301076,1909f56bfc062723c751e8b465ee728b)  -> (artifact id: '8e3ce80b3c5dfcfd6919e0bddaccc44e') in 0.059152 seconds 
========================================================================
Received Import Request.
  Time since last request: 0.000024 seconds.
  path: Assets/polyperfect/Low Poly Icon Pack/Images/_Icons/Sport/icon_ball-tennis_LP.png
  artifactKey: Guid(14254a5f052799a4f8cb82e0dbfc6d38) Importer(815301076,1909f56bfc062723c751e8b465ee728b)
Start importing Assets/polyperfect/Low Poly Icon Pack/Images/_Icons/Sport/icon_ball-tennis_LP.png using Guid(14254a5f052799a4f8cb82e0dbfc6d38) Importer(815301076,1909f56bfc062723c751e8b465ee728b)  -> (artifact id: '9569616999e64f8f291cde5d390966c3') in 0.056585 seconds 
========================================================================
Received Import Request.
  Time since last request: 0.000029 seconds.
  path: Assets/polyperfect/Low Poly Icon Pack/Images/_Icons/Sport/icon_soccer-ball_LP.png
  artifactKey: Guid(6c231bbded82eb3489c28fb1815f101c) Importer(815301076,1909f56bfc062723c751e8b465ee728b)
Start importing Assets/polyperfect/Low Poly Icon Pack/Images/_Icons/Sport/icon_soccer-ball_LP.png using Guid(6c231bbded82eb3489c28fb1815f101c) Importer(815301076,1909f56bfc062723c751e8b465ee728b)  -> (artifact id: '65868ce08e873d0a14ef2a554a187b69') in 0.057505 seconds 
========================================================================
Received Import Request.
  Time since last request: 0.570229 seconds.
  path: Assets/polyperfect/Low Poly Icon Pack/Images/_Icons/Scifi/icon_scifi-belt_LP.png
  artifactKey: Guid(30846ed42d0809a43a81835c58c7b053) Importer(815301076,1909f56bfc062723c751e8b465ee728b)
Start importing Assets/polyperfect/Low Poly Icon Pack/Images/_Icons/Scifi/icon_scifi-belt_LP.png using Guid(30846ed42d0809a43a81835c58c7b053) Importer(815301076,1909f56bfc062723c751e8b465ee728b)  -> (artifact id: '301720a2df617c3c7917af9a53210be8') in 0.056137 seconds 
========================================================================
Received Import Request.
  Time since last request: 0.000017 seconds.
  path: Assets/polyperfect/Low Poly Icon Pack/Images/_Icons/Scifi/icon_scifi-buggy_LP.png
  artifactKey: Guid(a1e8329fe3e789649887fc1e23c6ea2c) Importer(815301076,1909f56bfc062723c751e8b465ee728b)
Start importing Assets/polyperfect/Low Poly Icon Pack/Images/_Icons/Scifi/icon_scifi-buggy_LP.png using Guid(a1e8329fe3e789649887fc1e23c6ea2c) Importer(815301076,1909f56bfc062723c751e8b465ee728b)  -> (artifact id: '0e76336fcf3d4fc1d69e95d0d11f4256') in 0.057356 seconds 
========================================================================
Received Import Request.
  Time since last request: 0.000015 seconds.
  path: Assets/polyperfect/Low Poly Icon Pack/Images/_Icons/Scifi/icon_scifi-chemistry-lab_LP.png
  artifactKey: Guid(eaf6236b81fa6bf4fb98560f98bead77) Importer(815301076,1909f56bfc062723c751e8b465ee728b)
Start importing Assets/polyperfect/Low Poly Icon Pack/Images/_Icons/Scifi/icon_scifi-chemistry-lab_LP.png using Guid(eaf6236b81fa6bf4fb98560f98bead77) Importer(815301076,1909f56bfc062723c751e8b465ee728b)  -> (artifact id: 'af464874e40a0c773bd11bfb0754f621') in 0.051969 seconds 
========================================================================
Received Import Request.
  Time since last request: 0.000022 seconds.
  path: Assets/polyperfect/Low Poly Icon Pack/Images/_Icons/Scifi/icon_scifi-smelter-LP.png
  artifactKey: Guid(2665d032367fc9f40aa95b5eca104a26) Importer(815301076,1909f56bfc062723c751e8b465ee728b)
Start importing Assets/polyperfect/Low Poly Icon Pack/Images/_Icons/Scifi/icon_scifi-smelter-LP.png using Guid(2665d032367fc9f40aa95b5eca104a26) Importer(815301076,1909f56bfc062723c751e8b465ee728b)  -> (artifact id: '8ebbecc25c1fdf5312e1e17b9fd43435') in 0.053594 seconds 
========================================================================
Received Import Request.
  Time since last request: 0.000022 seconds.
  path: Assets/polyperfect/Low Poly Icon Pack/Images/_Icons/Scifi/icon_scifi-wall-stripe_LP.png
  artifactKey: Guid(62599d0c275371f4f92f5e81aae75425) Importer(815301076,1909f56bfc062723c751e8b465ee728b)
Start importing Assets/polyperfect/Low Poly Icon Pack/Images/_Icons/Scifi/icon_scifi-wall-stripe_LP.png using Guid(62599d0c275371f4f92f5e81aae75425) Importer(815301076,1909f56bfc062723c751e8b465ee728b)  -> (artifact id: '525da384d37b2278ca0d178fcd216e50') in 0.050046 seconds 
========================================================================
Received Import Request.
  Time since last request: 0.000029 seconds.
  path: Assets/polyperfect/Low Poly Icon Pack/Images/_Icons/Scifi/icon_scifi-roof-lights-corridor-LP.png
  artifactKey: Guid(0f8245ec6a29a2c4da38398204b25123) Importer(815301076,1909f56bfc062723c751e8b465ee728b)
Start importing Assets/polyperfect/Low Poly Icon Pack/Images/_Icons/Scifi/icon_scifi-roof-lights-corridor-LP.png using Guid(0f8245ec6a29a2c4da38398204b25123) Importer(815301076,1909f56bfc062723c751e8b465ee728b)  -> (artifact id: '2b9a5e59b444331e5bb8f511532e4e6e') in 0.053804 seconds 
========================================================================
Received Import Request.
  Time since last request: 0.000018 seconds.
  path: Assets/polyperfect/Low Poly Icon Pack/Images/_Icons/Scifi/icon_scifi-oxygen-generator-LP.png
  artifactKey: Guid(1d18974856616174cb0fa212deb534e6) Importer(815301076,1909f56bfc062723c751e8b465ee728b)
Start importing Assets/polyperfect/Low Poly Icon Pack/Images/_Icons/Scifi/icon_scifi-oxygen-generator-LP.png using Guid(1d18974856616174cb0fa212deb534e6) Importer(815301076,1909f56bfc062723c751e8b465ee728b)  -> (artifact id: '221d16f95a1de1c28e6adfcc6df5ec46') in 0.052753 seconds 
========================================================================
Received Import Request.
  Time since last request: 0.734952 seconds.
  path: Assets/polyperfect/Low Poly Icon Pack/Images/_Icons/Resources Nature/icon_canabis_LP.png
  artifactKey: Guid(e4eee81d270ef374bbd94b96dcece940) Importer(815301076,1909f56bfc062723c751e8b465ee728b)
Start importing Assets/polyperfect/Low Poly Icon Pack/Images/_Icons/Resources Nature/icon_canabis_LP.png using Guid(e4eee81d270ef374bbd94b96dcece940) Importer(815301076,1909f56bfc062723c751e8b465ee728b)  -> (artifact id: '31157801d5990fcca3bdacf0dd92c44f') in 0.071399 seconds 
========================================================================
Received Import Request.
  Time since last request: 0.000015 seconds.
  path: Assets/polyperfect/Low Poly Icon Pack/Images/_Icons/Resources Nature/icon_gems-blue_LP.png
  artifactKey: Guid(be85a5c5f1cb6cf4881c348d30581cfe) Importer(815301076,1909f56bfc062723c751e8b465ee728b)
Start importing Assets/polyperfect/Low Poly Icon Pack/Images/_Icons/Resources Nature/icon_gems-blue_LP.png using Guid(be85a5c5f1cb6cf4881c348d30581cfe) Importer(815301076,1909f56bfc062723c751e8b465ee728b)  -> (artifact id: 'c4fabc8a136262e69aad3a2badc80696') in 0.059948 seconds 
========================================================================
Received Import Request.
  Time since last request: 0.000017 seconds.
  path: Assets/polyperfect/Low Poly Icon Pack/Images/_Icons/Resources Nature/icon_salt_LP.png
  artifactKey: Guid(9e97e2cadb3b19d4a91ee91ba8efb34d) Importer(815301076,1909f56bfc062723c751e8b465ee728b)
Start importing Assets/polyperfect/Low Poly Icon Pack/Images/_Icons/Resources Nature/icon_salt_LP.png using Guid(9e97e2cadb3b19d4a91ee91ba8efb34d) Importer(815301076,1909f56bfc062723c751e8b465ee728b)  -> (artifact id: '756ae66e6c9aaaa4ad7fe478d88914e8') in 0.061033 seconds 
========================================================================
Received Import Request.
  Time since last request: 0.000020 seconds.
  path: Assets/polyperfect/Low Poly Icon Pack/Images/_Icons/Resources Nature/icon_wheat_LP.png
  artifactKey: Guid(89318b081ecf2874083296ed93b1fc66) Importer(815301076,1909f56bfc062723c751e8b465ee728b)
Start importing Assets/polyperfect/Low Poly Icon Pack/Images/_Icons/Resources Nature/icon_wheat_LP.png using Guid(89318b081ecf2874083296ed93b1fc66) Importer(815301076,1909f56bfc062723c751e8b465ee728b)  -> (artifact id: 'cd929709ed144f0a633283b4994ff33e') in 0.056096 seconds 
========================================================================
Received Import Request.
  Time since last request: 0.000032 seconds.
  path: Assets/polyperfect/Low Poly Icon Pack/Images/_Icons/Resources Nature/icon_epoxy-resin_LP.png
  artifactKey: Guid(ab0eb4e156f8c5b4189c0b8e43c1d817) Importer(815301076,1909f56bfc062723c751e8b465ee728b)
Start importing Assets/polyperfect/Low Poly Icon Pack/Images/_Icons/Resources Nature/icon_epoxy-resin_LP.png using Guid(ab0eb4e156f8c5b4189c0b8e43c1d817) Importer(815301076,1909f56bfc062723c751e8b465ee728b)  -> (artifact id: '8da00a1359494a81b404c7fbc66a2d0d') in 0.055077 seconds 
========================================================================
Received Import Request.
  Time since last request: 0.000019 seconds.
  path: Assets/polyperfect/Low Poly Icon Pack/Images/_Icons/Resources Nature/icon_resource-aluminium_LP.png
  artifactKey: Guid(6a561b57361843f4eb56b6d89109a678) Importer(815301076,1909f56bfc062723c751e8b465ee728b)
Start importing Assets/polyperfect/Low Poly Icon Pack/Images/_Icons/Resources Nature/icon_resource-aluminium_LP.png using Guid(6a561b57361843f4eb56b6d89109a678) Importer(815301076,1909f56bfc062723c751e8b465ee728b)  -> (artifact id: '442e33e0532e3779753336519de57c5d') in 0.054482 seconds 
========================================================================
Received Import Request.
  Time since last request: 0.000020 seconds.
  path: Assets/polyperfect/Low Poly Icon Pack/Images/_Icons/Resources Nature/icon_stone-snow_LP.png
  artifactKey: Guid(134f12d2aaec5af409ed3c575c797cd8) Importer(815301076,1909f56bfc062723c751e8b465ee728b)
Start importing Assets/polyperfect/Low Poly Icon Pack/Images/_Icons/Resources Nature/icon_stone-snow_LP.png using Guid(134f12d2aaec5af409ed3c575c797cd8) Importer(815301076,1909f56bfc062723c751e8b465ee728b)  -> (artifact id: 'a6a3698f2e892961fab5921a9ad97bee') in 0.058700 seconds 
========================================================================
Received Import Request.
  Time since last request: 0.000017 seconds.
  path: Assets/polyperfect/Low Poly Icon Pack/Images/_Icons/Resources Nature/icon_tea-leaves_LP.png
  artifactKey: Guid(7c083ef03b87d514ebca7b7c7dbdc064) Importer(815301076,1909f56bfc062723c751e8b465ee728b)
Start importing Assets/polyperfect/Low Poly Icon Pack/Images/_Icons/Resources Nature/icon_tea-leaves_LP.png using Guid(7c083ef03b87d514ebca7b7c7dbdc064) Importer(815301076,1909f56bfc062723c751e8b465ee728b)  -> (artifact id: 'dd00f27f8ff1fb40bc3d04f496f79ce5') in 0.054547 seconds 
========================================================================
Received Import Request.
  Time since last request: 0.000021 seconds.
  path: Assets/polyperfect/Low Poly Icon Pack/Images/_Icons/Resources Nature/icon_resource-silicon_LP.png
  artifactKey: Guid(ec34b6acefa922143bf318e82daece29) Importer(815301076,1909f56bfc062723c751e8b465ee728b)
Start importing Assets/polyperfect/Low Poly Icon Pack/Images/_Icons/Resources Nature/icon_resource-silicon_LP.png using Guid(ec34b6acefa922143bf318e82daece29) Importer(815301076,1909f56bfc062723c751e8b465ee728b)  -> (artifact id: '38892c9981c460e3b935525df04e6052') in 0.055308 seconds 
========================================================================
Received Import Request.
  Time since last request: 0.000025 seconds.
  path: Assets/polyperfect/Low Poly Icon Pack/Images/_Icons/Resources Nature/icon_magma-ore-LP.png
  artifactKey: Guid(29aba4a13a31a2c44a67b9bac8b0c181) Importer(815301076,1909f56bfc062723c751e8b465ee728b)
Start importing Assets/polyperfect/Low Poly Icon Pack/Images/_Icons/Resources Nature/icon_magma-ore-LP.png using Guid(29aba4a13a31a2c44a67b9bac8b0c181) Importer(815301076,1909f56bfc062723c751e8b465ee728b)  -> (artifact id: '56aa0e4ca9708bcd108b037091eeead6') in 0.058283 seconds 
========================================================================
Received Import Request.
  Time since last request: 0.000015 seconds.
  path: Assets/polyperfect/Low Poly Icon Pack/Images/_Icons/Resources Nature/icon_resource-iron_LP.png
  artifactKey: Guid(4c0304db686647848ba5e61b9c6061fb) Importer(815301076,1909f56bfc062723c751e8b465ee728b)
Start importing Assets/polyperfect/Low Poly Icon Pack/Images/_Icons/Resources Nature/icon_resource-iron_LP.png using Guid(4c0304db686647848ba5e61b9c6061fb) Importer(815301076,1909f56bfc062723c751e8b465ee728b)  -> (artifact id: '26f37bb5816133c9f687171681cb1bb6') in 0.056347 seconds 
Editor requested this worker to shutdown with reason: Scaling down because of idle timeout
AssetImportWorker is now disconnected from the server
Process exiting
Exiting without the bug reporter. Application will terminate with return code 0