Using pre-set license
Built from '2021.3/staging' branch; Version is '2021.3.25f1 (68ef2c4f8861) revision 6876972'; Using compiler version '192829333'; Build Type 'Release'
OS: 'Windows 11  (10.0.22621) 64bit Core' Language: 'ko' Physical Memory: 16220 MB
BatchMode: 1, IsHumanControllingUs: 0, StartBugReporterOnCrash: 0, Is64bit: 1, IsPro: 1

COMMAND LINE ARGUMENTS:
C:\Program Files\Unity\Hub\Editor\2021.3.25f1\Editor\Unity.exe
-adb2
-batchMode
-noUpm
-name
AssetImportWorker6
-projectPath
C:/Users/PC/Documents/GitHub/ohms/ohms-source
-logFile
Logs/AssetImportWorker6.log
-srvPort
55564
Successfully changed project path to: C:/Users/PC/Documents/GitHub/ohms/ohms-source
C:/Users/PC/Documents/GitHub/ohms/ohms-source
[UnityMemory] Configuration Parameters - Can be set up in boot.config
    "memorysetup-bucket-allocator-granularity=16"
    "memorysetup-bucket-allocator-bucket-count=8"
    "memorysetup-bucket-allocator-block-size=33554432"
    "memorysetup-bucket-allocator-block-count=8"
    "memorysetup-main-allocator-block-size=16777216"
    "memorysetup-thread-allocator-block-size=16777216"
    "memorysetup-gfx-main-allocator-block-size=16777216"
    "memorysetup-gfx-thread-allocator-block-size=16777216"
    "memorysetup-cache-allocator-block-size=4194304"
    "memorysetup-typetree-allocator-block-size=2097152"
    "memorysetup-profiler-bucket-allocator-granularity=16"
    "memorysetup-profiler-bucket-allocator-bucket-count=8"
    "memorysetup-profiler-bucket-allocator-block-size=33554432"
    "memorysetup-profiler-bucket-allocator-block-count=8"
    "memorysetup-profiler-allocator-block-size=16777216"
    "memorysetup-profiler-editor-allocator-block-size=1048576"
    "memorysetup-temp-allocator-size-main=16777216"
    "memorysetup-job-temp-allocator-block-size=2097152"
    "memorysetup-job-temp-allocator-block-size-background=1048576"
    "memorysetup-job-temp-allocator-reduction-small-platforms=262144"
    "memorysetup-temp-allocator-size-background-worker=32768"
    "memorysetup-temp-allocator-size-job-worker=262144"
    "memorysetup-temp-allocator-size-preload-manager=33554432"
    "memorysetup-temp-allocator-size-nav-mesh-worker=65536"
    "memorysetup-temp-allocator-size-audio-worker=65536"
    "memorysetup-temp-allocator-size-cloud-worker=32768"
    "memorysetup-temp-allocator-size-gi-baking-worker=262144"
    "memorysetup-temp-allocator-size-gfx=262144"
Player connection [47280] Host "[IP] 192.168.0.103 [Port] 0 [Flags] 2 [Guid] 3072263995 [EditorId] 3072263995 [Version] 1048832 [Id] WindowsEditor(7,gugyeoj1n) [Debug] 1 [PackageName] WindowsEditor [ProjectName] Editor" joined multi-casting on [225.0.0.222:54997]...

Player connection [47280] Host "[IP] 192.168.0.103 [Port] 0 [Flags] 2 [Guid] 3072263995 [EditorId] 3072263995 [Version] 1048832 [Id] WindowsEditor(7,gugyeoj1n) [Debug] 1 [PackageName] WindowsEditor [ProjectName] Editor" joined alternative multi-casting on [225.0.0.222:34997]...

Refreshing native plugins compatible for Editor in 137.37 ms, found 3 plugins.
Preloading 0 native plugins for Editor in 0.00 ms.
Initialize engine version: 2021.3.25f1 (68ef2c4f8861)
[Subsystems] Discovering subsystems at path C:/Program Files/Unity/Hub/Editor/2021.3.25f1/Editor/Data/Resources/UnitySubsystems
[Subsystems] Discovering subsystems at path C:/Users/PC/Documents/GitHub/ohms/ohms-source/Assets
GfxDevice: creating device client; threaded=0; jobified=0
Direct3D:
    Version:  Direct3D 11.0 [level 11.1]
    Renderer: NVIDIA GeForce RTX 3060 (ID=0x2487)
    Vendor:   NVIDIA
    VRAM:     12124 MB
    Driver:   31.0.15.3168
Initialize mono
Mono path[0] = 'C:/Program Files/Unity/Hub/Editor/2021.3.25f1/Editor/Data/Managed'
Mono path[1] = 'C:/Program Files/Unity/Hub/Editor/2021.3.25f1/Editor/Data/MonoBleedingEdge/lib/mono/unityjit-win32'
Mono config path = 'C:/Program Files/Unity/Hub/Editor/2021.3.25f1/Editor/Data/MonoBleedingEdge/etc'
Using monoOptions --debugger-agent=transport=dt_socket,embedding=1,server=y,suspend=n,address=127.0.0.1:56588
Begin MonoManager ReloadAssembly
Registering precompiled unity dll's ...
Register platform support module: C:/Program Files/Unity/Hub/Editor/2021.3.25f1/Editor/Data/PlaybackEngines/WindowsStandaloneSupport/UnityEditor.WindowsStandalone.Extensions.dll
Registered in 0.003323 seconds.
Native extension for WindowsStandalone target not found
Refreshing native plugins compatible for Editor in 129.55 ms, found 3 plugins.
Preloading 0 native plugins for Editor in 0.00 ms.
Mono: successfully reloaded assembly
- Completed reload, in  0.573 seconds
Domain Reload Profiling:
	ReloadAssembly (574ms)
		BeginReloadAssembly (72ms)
			ExecutionOrderSort (0ms)
			DisableScriptedObjects (0ms)
			BackupInstance (0ms)
			ReleaseScriptingObjects (0ms)
			CreateAndSetChildDomain (0ms)
		EndReloadAssembly (428ms)
			LoadAssemblies (70ms)
			RebuildTransferFunctionScriptingTraits (0ms)
			SetupTypeCache (75ms)
			ReleaseScriptCaches (0ms)
			RebuildScriptCaches (27ms)
			SetupLoadedEditorAssemblies (283ms)
				LogAssemblyErrors (0ms)
				InitializePlatformSupportModulesInManaged (7ms)
				SetLoadedEditorAssemblies (0ms)
				RefreshPlugins (130ms)
				BeforeProcessingInitializeOnLoad (1ms)
				ProcessInitializeOnLoadAttributes (97ms)
				ProcessInitializeOnLoadMethodAttributes (48ms)
				AfterProcessingInitializeOnLoad (0ms)
				EditorAssembliesLoaded (0ms)
			ExecutionOrderSort2 (0ms)
			AwakeInstancesAfterBackupRestoration (0ms)
Platform modules already initialized, skipping
Registering precompiled user dll's ...
Registered in 0.016091 seconds.
Begin MonoManager ReloadAssembly
Symbol file LoadedFromMemory doesn't match image C:\Users\PC\Documents\GitHub\ohms\ohms-source\Library\PackageCache\com.unity.visualscripting@1.8.0\Editor\VisualScripting.Core\Dependencies\DotNetZip\Unity.VisualScripting.IonicZip.dll
Symbol file LoadedFromMemory doesn't match image C:\Users\PC\Documents\GitHub\ohms\ohms-source\Library\PackageCache\com.unity.visualscripting@1.8.0\Editor\VisualScripting.Core\Dependencies\YamlDotNet\Unity.VisualScripting.YamlDotNet.dll
Native extension for WindowsStandalone target not found
Refreshing native plugins compatible for Editor in 1.53 ms, found 3 plugins.
Preloading 0 native plugins for Editor in 0.00 ms.
Mono: successfully reloaded assembly
- Completed reload, in  0.933 seconds
Domain Reload Profiling:
	ReloadAssembly (934ms)
		BeginReloadAssembly (100ms)
			ExecutionOrderSort (0ms)
			DisableScriptedObjects (4ms)
			BackupInstance (0ms)
			ReleaseScriptingObjects (0ms)
			CreateAndSetChildDomain (13ms)
		EndReloadAssembly (756ms)
			LoadAssemblies (80ms)
			RebuildTransferFunctionScriptingTraits (0ms)
			SetupTypeCache (249ms)
			ReleaseScriptCaches (0ms)
			RebuildScriptCaches (52ms)
			SetupLoadedEditorAssemblies (348ms)
				LogAssemblyErrors (0ms)
				InitializePlatformSupportModulesInManaged (5ms)
				SetLoadedEditorAssemblies (1ms)
				RefreshPlugins (2ms)
				BeforeProcessingInitializeOnLoad (60ms)
				ProcessInitializeOnLoadAttributes (254ms)
				ProcessInitializeOnLoadMethodAttributes (22ms)
				AfterProcessingInitializeOnLoad (6ms)
				EditorAssembliesLoaded (0ms)
			ExecutionOrderSort2 (0ms)
			AwakeInstancesAfterBackupRestoration (11ms)
Platform modules already initialized, skipping
========================================================================
Worker process is ready to serve import requests
Launched and connected shader compiler UnityShaderCompiler.exe after 0.04 seconds
Refreshing native plugins compatible for Editor in 1.26 ms, found 3 plugins.
Preloading 0 native plugins for Editor in 0.00 ms.
Unloading 3809 Unused Serialized files (Serialized files now loaded: 0)
Unloading 81 unused Assets / (1.4 MB). Loaded Objects now: 4244.
Memory consumption went from 172.6 MB to 171.2 MB.
Total: 2.261100 ms (FindLiveObjects: 0.176000 ms CreateObjectMapping: 0.086000 ms MarkObjects: 1.780700 ms  DeleteObjects: 0.217600 ms)

AssetImportParameters requested are different than current active one (requested -> active):
  custom:video-decoder-ogg-theora: a1e56fd34408186e4bbccfd4996cb3dc -> 
  custom:container-muxer-webm: aa71ff27fc2769a1b78a27578f13a17b -> 
  custom:container-demuxer-webm: 4f35f7cbe854078d1ac9338744f61a02 -> 
  custom:video-encoder-webm-vp8: eb34c28f22e8b96e1ab97ce403110664 -> 
  custom:audio-encoder-webm-vorbis: bf7c407c2cedff20999df2af8eb42d56 -> 
  custom:framework-win-MediaFoundation: 216162199b28c13a410421893ffa2e32 -> 
  custom:container-demuxer-ogg: 62fdf1f143b41e24485cea50d1cbac27 -> 
  custom:video-decoder-webm-vp8: 9c59270c3fd7afecdb556c50c9e8de78 -> 
  custom:audio-decoder-ogg-vorbis: bf7c407c2cedff20999df2af8eb42d56 -> 
========================================================================
Received Prepare
Registering precompiled user dll's ...
Registered in 0.013220 seconds.
Begin MonoManager ReloadAssembly
Symbol file LoadedFromMemory doesn't match image C:\Users\PC\Documents\GitHub\ohms\ohms-source\Library\PackageCache\com.unity.visualscripting@1.8.0\Editor\VisualScripting.Core\Dependencies\DotNetZip\Unity.VisualScripting.IonicZip.dll
Symbol file LoadedFromMemory doesn't match image C:\Users\PC\Documents\GitHub\ohms\ohms-source\Library\PackageCache\com.unity.visualscripting@1.8.0\Editor\VisualScripting.Core\Dependencies\YamlDotNet\Unity.VisualScripting.YamlDotNet.dll
Native extension for WindowsStandalone target not found
Refreshing native plugins compatible for Editor in 1.48 ms, found 3 plugins.
Preloading 0 native plugins for Editor in 0.00 ms.
Mono: successfully reloaded assembly
- Completed reload, in  0.922 seconds
Domain Reload Profiling:
	ReloadAssembly (923ms)
		BeginReloadAssembly (121ms)
			ExecutionOrderSort (0ms)
			DisableScriptedObjects (3ms)
			BackupInstance (0ms)
			ReleaseScriptingObjects (0ms)
			CreateAndSetChildDomain (28ms)
		EndReloadAssembly (720ms)
			LoadAssemblies (98ms)
			RebuildTransferFunctionScriptingTraits (0ms)
			SetupTypeCache (290ms)
			ReleaseScriptCaches (1ms)
			RebuildScriptCaches (28ms)
			SetupLoadedEditorAssemblies (269ms)
				LogAssemblyErrors (0ms)
				InitializePlatformSupportModulesInManaged (4ms)
				SetLoadedEditorAssemblies (0ms)
				RefreshPlugins (2ms)
				BeforeProcessingInitializeOnLoad (46ms)
				ProcessInitializeOnLoadAttributes (187ms)
				ProcessInitializeOnLoadMethodAttributes (24ms)
				AfterProcessingInitializeOnLoad (6ms)
				EditorAssembliesLoaded (0ms)
			ExecutionOrderSort2 (0ms)
			AwakeInstancesAfterBackupRestoration (14ms)
Platform modules already initialized, skipping
Refreshing native plugins compatible for Editor in 2.61 ms, found 3 plugins.
Preloading 0 native plugins for Editor in 0.00 ms.
Unloading 3746 Unused Serialized files (Serialized files now loaded: 0)
Unloading 61 unused Assets / (1.4 MB). Loaded Objects now: 4260.
Memory consumption went from 165.2 MB to 163.8 MB.
Total: 2.360400 ms (FindLiveObjects: 0.190600 ms CreateObjectMapping: 0.089800 ms MarkObjects: 1.776500 ms  DeleteObjects: 0.302600 ms)

AssetImportParameters requested are different than current active one (requested -> active):
  custom:video-decoder-ogg-theora: a1e56fd34408186e4bbccfd4996cb3dc -> 
  custom:container-muxer-webm: aa71ff27fc2769a1b78a27578f13a17b -> 
  custom:container-demuxer-webm: 4f35f7cbe854078d1ac9338744f61a02 -> 
  custom:video-encoder-webm-vp8: eb34c28f22e8b96e1ab97ce403110664 -> 
  custom:audio-encoder-webm-vorbis: bf7c407c2cedff20999df2af8eb42d56 -> 
  custom:framework-win-MediaFoundation: 216162199b28c13a410421893ffa2e32 -> 
  custom:container-demuxer-ogg: 62fdf1f143b41e24485cea50d1cbac27 -> 
  custom:video-decoder-webm-vp8: 9c59270c3fd7afecdb556c50c9e8de78 -> 
  custom:audio-decoder-ogg-vorbis: bf7c407c2cedff20999df2af8eb42d56 -> 
========================================================================
Received Import Request.
  Time since last request: 239873.265579 seconds.
  path: Assets/polyperfect/Low Poly Ultimate Pack/M/- Meshes_M/People_M/Rigs_M/girl-beach_Rig.fbx
  artifactKey: Guid(314c1476203e75646bb2b3461ba3fc5a) Importer(815301076,1909f56bfc062723c751e8b465ee728b)
Start importing Assets/polyperfect/Low Poly Ultimate Pack/M/- Meshes_M/People_M/Rigs_M/girl-beach_Rig.fbx using Guid(314c1476203e75646bb2b3461ba3fc5a) Importer(815301076,1909f56bfc062723c751e8b465ee728b)  -> (artifact id: 'e58d58d30cf4d2031d204be727936798') in 0.228128 seconds 
========================================================================
Received Import Request.
  Time since last request: 0.000020 seconds.
  path: Assets/polyperfect/Low Poly Ultimate Pack/M/- Meshes_M/People_M/Rigs_M/man-lad-rival_Rig.fbx
  artifactKey: Guid(e09696edcf0730c4fb09f2368907c051) Importer(815301076,1909f56bfc062723c751e8b465ee728b)
Start importing Assets/polyperfect/Low Poly Ultimate Pack/M/- Meshes_M/People_M/Rigs_M/man-lad-rival_Rig.fbx using Guid(e09696edcf0730c4fb09f2368907c051) Importer(815301076,1909f56bfc062723c751e8b465ee728b)  -> (artifact id: '1344679ab6261417fbca190d47883b4e') in 0.076578 seconds 
========================================================================
Received Import Request.
  Time since last request: 0.000028 seconds.
  path: Assets/polyperfect/Low Poly Ultimate Pack/M/- Meshes_M/People_M/Rigs_M/girl-skirt_Rig.fbx
  artifactKey: Guid(8365b248a990f4249955c232797f3eda) Importer(815301076,1909f56bfc062723c751e8b465ee728b)
Start importing Assets/polyperfect/Low Poly Ultimate Pack/M/- Meshes_M/People_M/Rigs_M/girl-skirt_Rig.fbx using Guid(8365b248a990f4249955c232797f3eda) Importer(815301076,1909f56bfc062723c751e8b465ee728b)  -> (artifact id: '60dffa1afd12fd1df9b882ca28b97175') in 0.052364 seconds 
========================================================================
Received Import Request.
  Time since last request: 0.000018 seconds.
  path: Assets/polyperfect/Low Poly Ultimate Pack/M/- Meshes_M/People_M/Rigs_M/man-fire_Rig.fbx
  artifactKey: Guid(b3a65084f7757a944b0ae664336660f3) Importer(815301076,1909f56bfc062723c751e8b465ee728b)
Start importing Assets/polyperfect/Low Poly Ultimate Pack/M/- Meshes_M/People_M/Rigs_M/man-fire_Rig.fbx using Guid(b3a65084f7757a944b0ae664336660f3) Importer(815301076,1909f56bfc062723c751e8b465ee728b)  -> (artifact id: '70c4bb2cce5e1f6e2535eb547e0b727f') in 0.021720 seconds 
========================================================================
Received Import Request.
  Time since last request: 0.000018 seconds.
  path: Assets/polyperfect/Low Poly Ultimate Pack/M/- Meshes_M/People_M/Rigs_M/man-guy_Rig.fbx
  artifactKey: Guid(8912dc0af20acee4a9b25d572b657afe) Importer(815301076,1909f56bfc062723c751e8b465ee728b)
Start importing Assets/polyperfect/Low Poly Ultimate Pack/M/- Meshes_M/People_M/Rigs_M/man-guy_Rig.fbx using Guid(8912dc0af20acee4a9b25d572b657afe) Importer(815301076,1909f56bfc062723c751e8b465ee728b)  -> (artifact id: '952b5c95771432b995b65dc7812c2570') in 0.023460 seconds 
========================================================================
Received Import Request.
  Time since last request: 0.000014 seconds.
  path: Assets/polyperfect/Low Poly Ultimate Pack/M/- Meshes_M/People_M/Rigs_M/man-egypt-soldier_Rig.fbx
  artifactKey: Guid(e3bb8aacfdf75064a9dbdebbd716eef3) Importer(815301076,1909f56bfc062723c751e8b465ee728b)
Start importing Assets/polyperfect/Low Poly Ultimate Pack/M/- Meshes_M/People_M/Rigs_M/man-egypt-soldier_Rig.fbx using Guid(e3bb8aacfdf75064a9dbdebbd716eef3) Importer(815301076,1909f56bfc062723c751e8b465ee728b)  -> (artifact id: '0a424e72c37da5b1f2244f48764cff20') in 0.020846 seconds 
========================================================================
Received Import Request.
  Time since last request: 0.000014 seconds.
  path: Assets/polyperfect/Low Poly Ultimate Pack/M/- Meshes_M/People_M/Rigs_M/man-EOD_Rig.fbx
  artifactKey: Guid(b59aac97837a7e340ae4113e18c0c345) Importer(815301076,1909f56bfc062723c751e8b465ee728b)
Start importing Assets/polyperfect/Low Poly Ultimate Pack/M/- Meshes_M/People_M/Rigs_M/man-EOD_Rig.fbx using Guid(b59aac97837a7e340ae4113e18c0c345) Importer(815301076,1909f56bfc062723c751e8b465ee728b)  -> (artifact id: '25e063cc6cad22e85414f54d07d9320f') in 0.019582 seconds 
========================================================================
Received Import Request.
  Time since last request: 0.000016 seconds.
  path: Assets/polyperfect/Low Poly Ultimate Pack/M/- Meshes_M/People_M/Rigs_M/man-beach_Rig.fbx
  artifactKey: Guid(524d280c1d16f2242a47d7ebdb2096b4) Importer(815301076,1909f56bfc062723c751e8b465ee728b)
Start importing Assets/polyperfect/Low Poly Ultimate Pack/M/- Meshes_M/People_M/Rigs_M/man-beach_Rig.fbx using Guid(524d280c1d16f2242a47d7ebdb2096b4) Importer(815301076,1909f56bfc062723c751e8b465ee728b)  -> (artifact id: 'ae4f597e86906494a9bc93c65cb5b27e') in 0.022950 seconds 
========================================================================
Received Import Request.
  Time since last request: 0.000015 seconds.
  path: Assets/polyperfect/Low Poly Ultimate Pack/M/- Meshes_M/People_M/Rigs_M/man-lord_Rig.fbx
  artifactKey: Guid(08deac5bc567a544696c38237004734c) Importer(815301076,1909f56bfc062723c751e8b465ee728b)
Start importing Assets/polyperfect/Low Poly Ultimate Pack/M/- Meshes_M/People_M/Rigs_M/man-lord_Rig.fbx using Guid(08deac5bc567a544696c38237004734c) Importer(815301076,1909f56bfc062723c751e8b465ee728b)  -> (artifact id: '2f8bdb052f6c426435f09b1f520425f7') in 0.022050 seconds 
========================================================================
Received Import Request.
  Time since last request: 0.000023 seconds.
  path: Assets/polyperfect/Low Poly Ultimate Pack/M/- Meshes_M/People_M/Rigs_M/man-casual_Rig.fbx
  artifactKey: Guid(335edc00892e0d145b434558fb3ff151) Importer(815301076,1909f56bfc062723c751e8b465ee728b)
Start importing Assets/polyperfect/Low Poly Ultimate Pack/M/- Meshes_M/People_M/Rigs_M/man-casual_Rig.fbx using Guid(335edc00892e0d145b434558fb3ff151) Importer(815301076,1909f56bfc062723c751e8b465ee728b)  -> (artifact id: '48bec3f20c61e2d2edc823d57a906721') in 0.021140 seconds 
========================================================================
Received Import Request.
  Time since last request: 0.000028 seconds.
  path: Assets/polyperfect/Low Poly Ultimate Pack/M/- Meshes_M/People_M/Rigs_M/man-eskimo_Rig.fbx
  artifactKey: Guid(1605299843d3a3540ae1a7c1f444abdd) Importer(815301076,1909f56bfc062723c751e8b465ee728b)
Start importing Assets/polyperfect/Low Poly Ultimate Pack/M/- Meshes_M/People_M/Rigs_M/man-eskimo_Rig.fbx using Guid(1605299843d3a3540ae1a7c1f444abdd) Importer(815301076,1909f56bfc062723c751e8b465ee728b)  -> (artifact id: '1d3eb30d7870127dc007293fbadd73b3') in 0.020375 seconds 
========================================================================
Received Import Request.
  Time since last request: 0.000023 seconds.
  path: Assets/polyperfect/Low Poly Ultimate Pack/M/- Meshes_M/People_M/Rigs_M/man-football_Rig.fbx
  artifactKey: Guid(bc080303492b4444b98ef823bf77c76a) Importer(815301076,1909f56bfc062723c751e8b465ee728b)
Start importing Assets/polyperfect/Low Poly Ultimate Pack/M/- Meshes_M/People_M/Rigs_M/man-football_Rig.fbx using Guid(bc080303492b4444b98ef823bf77c76a) Importer(815301076,1909f56bfc062723c751e8b465ee728b)  -> (artifact id: '3893d25980240750411a77d24ee57252') in 0.020529 seconds 
========================================================================
Received Import Request.
  Time since last request: 0.000029 seconds.
  path: Assets/polyperfect/Low Poly Ultimate Pack/M/- Meshes_M/People_M/Rigs_M/man-explorer_Rig.fbx
  artifactKey: Guid(0c518ace2a3cca347a4a2895c2d6b0d7) Importer(815301076,1909f56bfc062723c751e8b465ee728b)
Start importing Assets/polyperfect/Low Poly Ultimate Pack/M/- Meshes_M/People_M/Rigs_M/man-explorer_Rig.fbx using Guid(0c518ace2a3cca347a4a2895c2d6b0d7) Importer(815301076,1909f56bfc062723c751e8b465ee728b)  -> (artifact id: 'dadc9e88af5d9be701f3e6ca101c9cdb') in 0.021884 seconds 
========================================================================
Received Import Request.
  Time since last request: 0.000022 seconds.
  path: Assets/polyperfect/Low Poly Ultimate Pack/M/- Meshes_M/People_M/Rigs_M/man-golf_Rig.fbx
  artifactKey: Guid(70fa6fb57ec5ed44fb4ab8d18b9c8e3e) Importer(815301076,1909f56bfc062723c751e8b465ee728b)
Start importing Assets/polyperfect/Low Poly Ultimate Pack/M/- Meshes_M/People_M/Rigs_M/man-golf_Rig.fbx using Guid(70fa6fb57ec5ed44fb4ab8d18b9c8e3e) Importer(815301076,1909f56bfc062723c751e8b465ee728b)  -> (artifact id: '513c742da92d8f3051c228e9f14c04fa') in 0.020342 seconds 
========================================================================
Received Import Request.
  Time since last request: 0.000021 seconds.
  path: Assets/polyperfect/Low Poly Ultimate Pack/M/- Meshes_M/People_M/Rigs_M/man-doctor.fbx
  artifactKey: Guid(556b5ec0d96b02f4397f7bf0d0068027) Importer(815301076,1909f56bfc062723c751e8b465ee728b)
Start importing Assets/polyperfect/Low Poly Ultimate Pack/M/- Meshes_M/People_M/Rigs_M/man-doctor.fbx using Guid(556b5ec0d96b02f4397f7bf0d0068027) Importer(815301076,1909f56bfc062723c751e8b465ee728b)  -> (artifact id: '0f5d7baf22bf150cd43b18381b8c93cf') in 0.030661 seconds 
========================================================================
Received Import Request.
  Time since last request: 0.271718 seconds.
  path: Assets/polyperfect/Low Poly Ultimate Pack/M/- Meshes_M/People_M/Rigs_M/man-metalhead_Rig.fbx
  artifactKey: Guid(6a9d0b2fc2bc96a44aa0c09483e7b54f) Importer(815301076,1909f56bfc062723c751e8b465ee728b)
Start importing Assets/polyperfect/Low Poly Ultimate Pack/M/- Meshes_M/People_M/Rigs_M/man-metalhead_Rig.fbx using Guid(6a9d0b2fc2bc96a44aa0c09483e7b54f) Importer(815301076,1909f56bfc062723c751e8b465ee728b)  -> (artifact id: 'e91bbe36d6f98d1934055c857b2a4d7f') in 0.022397 seconds 
========================================================================
Received Import Request.
  Time since last request: 0.000015 seconds.
  path: Assets/polyperfect/Low Poly Ultimate Pack/M/- Meshes_M/People_M/Rigs_M/man-monk_Rig.fbx
  artifactKey: Guid(7edf583c5b2c66b42870010219f7d7b7) Importer(815301076,1909f56bfc062723c751e8b465ee728b)
Start importing Assets/polyperfect/Low Poly Ultimate Pack/M/- Meshes_M/People_M/Rigs_M/man-monk_Rig.fbx using Guid(7edf583c5b2c66b42870010219f7d7b7) Importer(815301076,1909f56bfc062723c751e8b465ee728b)  -> (artifact id: '0fce8ef2aa1f5b98b2e554ad17848517') in 0.021199 seconds 
========================================================================
Received Import Request.
  Time since last request: 0.000022 seconds.
  path: Assets/polyperfect/Low Poly Ultimate Pack/M/- Meshes_M/People_M/Rigs_M/man-native_Rig.fbx
  artifactKey: Guid(efa991dadb5889943a9c878e82994bc2) Importer(815301076,1909f56bfc062723c751e8b465ee728b)
Start importing Assets/polyperfect/Low Poly Ultimate Pack/M/- Meshes_M/People_M/Rigs_M/man-native_Rig.fbx using Guid(efa991dadb5889943a9c878e82994bc2) Importer(815301076,1909f56bfc062723c751e8b465ee728b)  -> (artifact id: '323553d9abd5e47a1d60ce4282286da6') in 0.021746 seconds 
========================================================================
Received Import Request.
  Time since last request: 0.000366 seconds.
  path: Assets/polyperfect/Low Poly Ultimate Pack/M/- Meshes_M/People_M/Rigs_M/man-pedestrian-rival-young_Rig.fbx
  artifactKey: Guid(d4530fdd04b4c4f4996ec950afe3bd5e) Importer(815301076,1909f56bfc062723c751e8b465ee728b)
Start importing Assets/polyperfect/Low Poly Ultimate Pack/M/- Meshes_M/People_M/Rigs_M/man-pedestrian-rival-young_Rig.fbx using Guid(d4530fdd04b4c4f4996ec950afe3bd5e) Importer(815301076,1909f56bfc062723c751e8b465ee728b)  -> (artifact id: '623ca83f4f5a6b043c8fa41eaaaca3bc') in 0.021353 seconds 
========================================================================
Received Import Request.
  Time since last request: 0.000020 seconds.
  path: Assets/polyperfect/Low Poly Ultimate Pack/M/- Meshes_M/People_M/Rigs_M/man-pedestrian_Rig.fbx
  artifactKey: Guid(9c1cf81a177447c4da458925704c0333) Importer(815301076,1909f56bfc062723c751e8b465ee728b)
Start importing Assets/polyperfect/Low Poly Ultimate Pack/M/- Meshes_M/People_M/Rigs_M/man-pedestrian_Rig.fbx using Guid(9c1cf81a177447c4da458925704c0333) Importer(815301076,1909f56bfc062723c751e8b465ee728b)  -> (artifact id: '8612c15d08665a3f44b367e9920d46b8') in 0.022905 seconds 
Editor requested this worker to shutdown with reason: Scaling down because of idle timeout
AssetImportWorker is now disconnected from the server
Process exiting
Exiting without the bug reporter. Application will terminate with return code 0