Unity Editor version:    2021.3.25f1 (68ef2c4f8861)
Branch:                  2021.3/staging
Build type:              Release
Batch mode:              YES
macOS version:           Version 13.3.1 (a) (Build 22E772610a)
Darwin version:          22.4.0
Architecture:            x86_64
Running under Rosetta:   NO
Available memory:        16384 MB
Using pre-set license
Pro License: YES

COMMAND LINE ARGUMENTS:
/Applications/Unity/Hub/Editor/2021.3.25f1/Unity.app/Contents/MacOS/Unity
-adb2
-batchMode
-noUpm
-name
AssetImportWorker8
-projectPath
/Users/woojin/Documents/GitHub/ohms/ohms-source
-logFile
Logs/AssetImportWorker8.log
-srvPort
52221
Successfully changed project path to: /Users/woojin/Documents/GitHub/ohms/ohms-source
/Users/woojin/Documents/GitHub/ohms/ohms-source
[UnityMemory] Configuration Parameters - Can be set up in boot.config
    "memorysetup-bucket-allocator-granularity=16"
    "memorysetup-bucket-allocator-bucket-count=8"
    "memorysetup-bucket-allocator-block-size=33554432"
    "memorysetup-bucket-allocator-block-count=8"
    "memorysetup-main-allocator-block-size=16777216"
    "memorysetup-thread-allocator-block-size=16777216"
    "memorysetup-gfx-main-allocator-block-size=16777216"
    "memorysetup-gfx-thread-allocator-block-size=16777216"
    "memorysetup-cache-allocator-block-size=4194304"
    "memorysetup-typetree-allocator-block-size=2097152"
    "memorysetup-profiler-bucket-allocator-granularity=16"
    "memorysetup-profiler-bucket-allocator-bucket-count=8"
    "memorysetup-profiler-bucket-allocator-block-size=33554432"
    "memorysetup-profiler-bucket-allocator-block-count=8"
    "memorysetup-profiler-allocator-block-size=16777216"
    "memorysetup-profiler-editor-allocator-block-size=1048576"
    "memorysetup-temp-allocator-size-main=16777216"
    "memorysetup-job-temp-allocator-block-size=2097152"
    "memorysetup-job-temp-allocator-block-size-background=1048576"
    "memorysetup-job-temp-allocator-reduction-small-platforms=262144"
    "memorysetup-temp-allocator-size-background-worker=32768"
    "memorysetup-temp-allocator-size-job-worker=262144"
    "memorysetup-temp-allocator-size-preload-manager=33554432"
    "memorysetup-temp-allocator-size-nav-mesh-worker=65536"
    "memorysetup-temp-allocator-size-audio-worker=65536"
    "memorysetup-temp-allocator-size-cloud-worker=32768"
    "memorysetup-temp-allocator-size-gi-baking-worker=262144"
    "memorysetup-temp-allocator-size-gfx=262144"
Player connection [140704540734272] Host "[IP] 172.30.1.63 [Port] 0 [Flags] 2 [Guid] 1358773949 [EditorId] 1358773949 [Version] 1048832 [Id] OSXEditor(0,WOOJIN-JUNIOR.local) [Debug] 1 [PackageName] OSXEditor [ProjectName] Editor" joined multi-casting on [225.0.0.222:54997]...

Player connection [140704540734272] Host "[IP] 172.30.1.63 [Port] 0 [Flags] 2 [Guid] 1358773949 [EditorId] 1358773949 [Version] 1048832 [Id] OSXEditor(0,WOOJIN-JUNIOR.local) [Debug] 1 [PackageName] OSXEditor [ProjectName] Editor" joined alternative multi-casting on [225.0.0.222:34997]...

Refreshing native plugins compatible for Editor in 166.15 ms, found 2 plugins.
Preloading 0 native plugins for Editor in 0.00 ms.
Initialize engine version: 2021.3.25f1 (68ef2c4f8861)
[Subsystems] Discovering subsystems at path /Applications/Unity/Hub/Editor/2021.3.25f1/Unity.app/Contents/Resources/UnitySubsystems
[Subsystems] Discovering subsystems at path /Users/woojin/Documents/GitHub/ohms/ohms-source/Assets
GfxDevice: creating device client; threaded=0; jobified=0
Color LCD preferred device: Intel(R) Iris(TM) Plus Graphics 655 (low power)
Metal devices available: 1
0: Intel(R) Iris(TM) Plus Graphics 655 (low power)
Using device Intel(R) Iris(TM) Plus Graphics 655 (low power)
Initializing Metal device caps: Intel(R) Iris(TM) Plus Graphics 655
Initialize mono
Mono path[0] = '/Applications/Unity/Hub/Editor/2021.3.25f1/Unity.app/Contents/Managed'
Mono path[1] = '/Applications/Unity/Hub/Editor/2021.3.25f1/Unity.app/Contents/MonoBleedingEdge/lib/mono/unityjit-macos'
Mono config path = '/Applications/Unity/Hub/Editor/2021.3.25f1/Unity.app/Contents/MonoBleedingEdge/etc'
Using monoOptions --debugger-agent=transport=dt_socket,embedding=1,server=y,suspend=n,address=127.0.0.1:56158
Begin MonoManager ReloadAssembly
Registering precompiled unity dll's ...
Register platform support module: /Applications/Unity/Hub/Editor/2021.3.25f1/Unity.app/Contents/PlaybackEngines/MacStandaloneSupport/UnityEditor.OSXStandalone.Extensions.dll
Registered in 0.003186 seconds.
Native extension for OSXStandalone target not found
Refreshing native plugins compatible for Editor in 162.10 ms, found 2 plugins.
Preloading 0 native plugins for Editor in 0.00 ms.
Mono: successfully reloaded assembly
- Completed reload, in  1.269 seconds
Domain Reload Profiling:
	ReloadAssembly (1270ms)
		BeginReloadAssembly (148ms)
			ExecutionOrderSort (0ms)
			DisableScriptedObjects (0ms)
			BackupInstance (0ms)
			ReleaseScriptingObjects (0ms)
			CreateAndSetChildDomain (1ms)
		EndReloadAssembly (924ms)
			LoadAssemblies (146ms)
			RebuildTransferFunctionScriptingTraits (0ms)
			SetupTypeCache (223ms)
			ReleaseScriptCaches (0ms)
			RebuildScriptCaches (59ms)
			SetupLoadedEditorAssemblies (556ms)
				LogAssemblyErrors (0ms)
				InitializePlatformSupportModulesInManaged (11ms)
				SetLoadedEditorAssemblies (0ms)
				RefreshPlugins (162ms)
				BeforeProcessingInitializeOnLoad (4ms)
				ProcessInitializeOnLoadAttributes (282ms)
				ProcessInitializeOnLoadMethodAttributes (96ms)
				AfterProcessingInitializeOnLoad (0ms)
				EditorAssembliesLoaded (0ms)
			ExecutionOrderSort2 (0ms)
			AwakeInstancesAfterBackupRestoration (0ms)
Platform modules already initialized, skipping
Registering precompiled user dll's ...
Registered in 0.004900 seconds.
Begin MonoManager ReloadAssembly
Symbol file LoadedFromMemory doesn't match image /Users/woojin/Documents/GitHub/ohms/ohms-source/Library/PackageCache/com.unity.visualscripting@1.8.0/Editor/VisualScripting.Core/Dependencies/YamlDotNet/Unity.VisualScripting.YamlDotNet.dll
Symbol file LoadedFromMemory doesn't match image /Users/woojin/Documents/GitHub/ohms/ohms-source/Library/PackageCache/com.unity.visualscripting@1.8.0/Editor/VisualScripting.Core/Dependencies/DotNetZip/Unity.VisualScripting.IonicZip.dll
Native extension for OSXStandalone target not found
Refreshing native plugins compatible for Editor in 0.99 ms, found 2 plugins.
Preloading 0 native plugins for Editor in 0.00 ms.
Mono: successfully reloaded assembly
- Completed reload, in  2.045 seconds
Domain Reload Profiling:
	ReloadAssembly (2046ms)
		BeginReloadAssembly (223ms)
			ExecutionOrderSort (0ms)
			DisableScriptedObjects (12ms)
			BackupInstance (0ms)
			ReleaseScriptingObjects (0ms)
			CreateAndSetChildDomain (50ms)
		EndReloadAssembly (1611ms)
			LoadAssemblies (151ms)
			RebuildTransferFunctionScriptingTraits (0ms)
			SetupTypeCache (575ms)
			ReleaseScriptCaches (1ms)
			RebuildScriptCaches (116ms)
			SetupLoadedEditorAssemblies (703ms)
				LogAssemblyErrors (0ms)
				InitializePlatformSupportModulesInManaged (9ms)
				SetLoadedEditorAssemblies (1ms)
				RefreshPlugins (1ms)
				BeforeProcessingInitializeOnLoad (130ms)
				ProcessInitializeOnLoadAttributes (521ms)
				ProcessInitializeOnLoadMethodAttributes (38ms)
				AfterProcessingInitializeOnLoad (3ms)
				EditorAssembliesLoaded (0ms)
			ExecutionOrderSort2 (0ms)
			AwakeInstancesAfterBackupRestoration (7ms)
Platform modules already initialized, skipping
========================================================================
Worker process is ready to serve import requests
Launching external process: /Applications/Unity/Hub/Editor/2021.3.25f1/Unity.app/Contents/Tools/UnityShaderCompiler
Launched and connected shader compiler UnityShaderCompiler after 0.14 seconds
Refreshing native plugins compatible for Editor in 1.05 ms, found 2 plugins.
Preloading 0 native plugins for Editor in 0.00 ms.
Unloading 3404 Unused Serialized files (Serialized files now loaded: 0)
Unloading 48 unused Assets / (1.3 MB). Loaded Objects now: 3862.
Memory consumption went from 139.2 MB to 137.9 MB.
Total: 6.063893 ms (FindLiveObjects: 0.373433 ms CreateObjectMapping: 0.256288 ms MarkObjects: 4.954649 ms  DeleteObjects: 0.478226 ms)

AssetImportParameters requested are different than current active one (requested -> active):
  custom:video-decoder-ogg-theora: a1e56fd34408186e4bbccfd4996cb3dc -> 
  custom:container-muxer-webm: aa71ff27fc2769a1b78a27578f13a17b -> 
  custom:container-demuxer-webm: 4f35f7cbe854078d1ac9338744f61a02 -> 
  custom:video-encoder-webm-vp8: eb34c28f22e8b96e1ab97ce403110664 -> 
  custom:framework-osx-AVFoundation: e770b220cccbd017edd2c1fefb359320 -> 
  custom:audio-encoder-webm-vorbis: bf7c407c2cedff20999df2af8eb42d56 -> 
  custom:container-demuxer-ogg: 62fdf1f143b41e24485cea50d1cbac27 -> 
  custom:video-decoder-webm-vp8: 9c59270c3fd7afecdb556c50c9e8de78 -> 
  custom:audio-decoder-ogg-vorbis: bf7c407c2cedff20999df2af8eb42d56 -> 
========================================================================
Received Import Request.
  Time since last request: 46132.781405 seconds.
  path: Assets/BrokenVector/LowPolyStoragePack/Prefabs/Giftbox_02_Green.prefab
  artifactKey: Guid(f132b7480e2d1db40a65bbae13a582fc) Importer(815301076,1909f56bfc062723c751e8b465ee728b)
Start importing Assets/BrokenVector/LowPolyStoragePack/Prefabs/Giftbox_02_Green.prefab using Guid(f132b7480e2d1db40a65bbae13a582fc) Importer(815301076,1909f56bfc062723c751e8b465ee728b)  -> (artifact id: '80e5df6deb86ec54f3f636b28369a5c0') in 0.466721 seconds 
========================================================================
Received Import Request.
  Time since last request: 93.794230 seconds.
  path: Assets/Low Poly Furniture/Prefabs/Bed/Single Bed.prefab
  artifactKey: Guid(1189904b73d88054fa88fa5c364c51f3) Importer(815301076,1909f56bfc062723c751e8b465ee728b)
Start importing Assets/Low Poly Furniture/Prefabs/Bed/Single Bed.prefab using Guid(1189904b73d88054fa88fa5c364c51f3) Importer(815301076,1909f56bfc062723c751e8b465ee728b)  -> (artifact id: 'fe7b769ee457c2e2a73b96a544ff25f1') in 0.016949 seconds 
========================================================================
Received Import Request.
  Time since last request: 0.918914 seconds.
  path: Assets/Low Poly Furniture/Prefabs/Book/Blue Book.prefab
  artifactKey: Guid(68fd4dcfbe5154d4e89043e3df713c11) Importer(815301076,1909f56bfc062723c751e8b465ee728b)
Start importing Assets/Low Poly Furniture/Prefabs/Book/Blue Book.prefab using Guid(68fd4dcfbe5154d4e89043e3df713c11) Importer(815301076,1909f56bfc062723c751e8b465ee728b)  -> (artifact id: '3aa3747921a4a83d6fac9307b513441f') in 0.014384 seconds 
========================================================================
Received Import Request.
  Time since last request: 0.000123 seconds.
  path: Assets/Low Poly Furniture/Prefabs/Book/Purple Book.prefab
  artifactKey: Guid(2bd5455a29123e64287c30781ba4c46b) Importer(815301076,1909f56bfc062723c751e8b465ee728b)
Start importing Assets/Low Poly Furniture/Prefabs/Book/Purple Book.prefab using Guid(2bd5455a29123e64287c30781ba4c46b) Importer(815301076,1909f56bfc062723c751e8b465ee728b)  -> (artifact id: '4dc7dd77af087e88a0a0146b027080a3') in 0.031591 seconds 
========================================================================
Received Import Request.
  Time since last request: 0.000230 seconds.
  path: Assets/Low Poly Furniture/Prefabs/Book/Yellow Book.prefab
  artifactKey: Guid(26492f5dcfa40dc45851efb6af9c985a) Importer(815301076,1909f56bfc062723c751e8b465ee728b)
Start importing Assets/Low Poly Furniture/Prefabs/Book/Yellow Book.prefab using Guid(26492f5dcfa40dc45851efb6af9c985a) Importer(815301076,1909f56bfc062723c751e8b465ee728b)  -> (artifact id: 'c95717f64055b8aefcf84277ba8cabac') in 0.024480 seconds 
========================================================================
Received Import Request.
  Time since last request: 0.723845 seconds.
  path: Assets/Low Poly Furniture/Prefabs/Bookshelf/Standart Bookshelf.prefab
  artifactKey: Guid(7abc5df1f075a844e93c14e4a85be936) Importer(815301076,1909f56bfc062723c751e8b465ee728b)
Start importing Assets/Low Poly Furniture/Prefabs/Bookshelf/Standart Bookshelf.prefab using Guid(7abc5df1f075a844e93c14e4a85be936) Importer(815301076,1909f56bfc062723c751e8b465ee728b)  -> (artifact id: '74903e6288eb3e2daa283a0fdcb96534') in 0.014763 seconds 
========================================================================
Received Import Request.
  Time since last request: 0.000163 seconds.
  path: Assets/Low Poly Furniture/Prefabs/Bookshelf/Wall Bookshelf Small.prefab
  artifactKey: Guid(70c65ab571624df4786d8004c0a570c2) Importer(815301076,1909f56bfc062723c751e8b465ee728b)
Start importing Assets/Low Poly Furniture/Prefabs/Bookshelf/Wall Bookshelf Small.prefab using Guid(70c65ab571624df4786d8004c0a570c2) Importer(815301076,1909f56bfc062723c751e8b465ee728b)  -> (artifact id: '2829af42882cda6e6a308fbd9fdb2c56') in 0.035343 seconds 
========================================================================
Received Import Request.
  Time since last request: 0.576832 seconds.
  path: Assets/Low Poly Furniture/Prefabs/Case/Larger Case.prefab
  artifactKey: Guid(51a146c33418f27438d3ce21d7f9575d) Importer(815301076,1909f56bfc062723c751e8b465ee728b)
Start importing Assets/Low Poly Furniture/Prefabs/Case/Larger Case.prefab using Guid(51a146c33418f27438d3ce21d7f9575d) Importer(815301076,1909f56bfc062723c751e8b465ee728b)  -> (artifact id: 'de9d19d75107ed73f09be7a19ff3f4d6') in 0.013146 seconds 
========================================================================
Received Import Request.
  Time since last request: 1.641120 seconds.
  path: Assets/Low Poly Furniture/Prefabs/Chair/Gaming Chair.prefab
  artifactKey: Guid(67f2aad6c8f7dea47979d81797fe5da7) Importer(815301076,1909f56bfc062723c751e8b465ee728b)
Start importing Assets/Low Poly Furniture/Prefabs/Chair/Gaming Chair.prefab using Guid(67f2aad6c8f7dea47979d81797fe5da7) Importer(815301076,1909f56bfc062723c751e8b465ee728b)  -> (artifact id: '33616a07aadb8e932016f42ccbb9f282') in 0.013999 seconds 
========================================================================
Received Import Request.
  Time since last request: 0.000117 seconds.
  path: Assets/Low Poly Furniture/Prefabs/Chair/Thin Chair.prefab
  artifactKey: Guid(3ca427402f0ef1347adc69f0ba78d0bf) Importer(815301076,1909f56bfc062723c751e8b465ee728b)
Start importing Assets/Low Poly Furniture/Prefabs/Chair/Thin Chair.prefab using Guid(3ca427402f0ef1347adc69f0ba78d0bf) Importer(815301076,1909f56bfc062723c751e8b465ee728b)  -> (artifact id: '4a7e0e1c19234c85eab384b505f6db18') in 0.034781 seconds 
========================================================================
Received Import Request.
  Time since last request: 0.836741 seconds.
  path: Assets/Low Poly Furniture/Prefabs/Couch/L-Shaped Couch.prefab
  artifactKey: Guid(b7c1d7bef3c9c8444a9260a8cdc9e891) Importer(815301076,1909f56bfc062723c751e8b465ee728b)
Start importing Assets/Low Poly Furniture/Prefabs/Couch/L-Shaped Couch.prefab using Guid(b7c1d7bef3c9c8444a9260a8cdc9e891) Importer(815301076,1909f56bfc062723c751e8b465ee728b)  -> (artifact id: 'e81e47c4485c1e70d606a8e6e1572fd4') in 0.014065 seconds 
========================================================================
Received Import Request.
  Time since last request: 0.825122 seconds.
  path: Assets/Low Poly Furniture/Prefabs/Flower/Green Plant.prefab
  artifactKey: Guid(075d303e2713a5a4d9c21f5f934b45ea) Importer(815301076,1909f56bfc062723c751e8b465ee728b)
Start importing Assets/Low Poly Furniture/Prefabs/Flower/Green Plant.prefab using Guid(075d303e2713a5a4d9c21f5f934b45ea) Importer(815301076,1909f56bfc062723c751e8b465ee728b)  -> (artifact id: '84048ddcc08146c3326964d45ecb0e9a') in 0.012570 seconds 
========================================================================
Received Import Request.
  Time since last request: 0.000135 seconds.
  path: Assets/Low Poly Furniture/Prefabs/Flower/Triple Flower.prefab
  artifactKey: Guid(dda99278950b796449f1c83e0d5a0078) Importer(815301076,1909f56bfc062723c751e8b465ee728b)
Start importing Assets/Low Poly Furniture/Prefabs/Flower/Triple Flower.prefab using Guid(dda99278950b796449f1c83e0d5a0078) Importer(815301076,1909f56bfc062723c751e8b465ee728b)  -> (artifact id: '418c6cb02be28d9ef9456f985565ea5a') in 0.033850 seconds 
========================================================================
Received Import Request.
  Time since last request: 0.427553 seconds.
  path: Assets/Low Poly Furniture/Prefabs/Keyboard/Old Keyboard.prefab
  artifactKey: Guid(24c0ed6a224302a4a98a00ea1b3c45ca) Importer(815301076,1909f56bfc062723c751e8b465ee728b)
Start importing Assets/Low Poly Furniture/Prefabs/Keyboard/Old Keyboard.prefab using Guid(24c0ed6a224302a4a98a00ea1b3c45ca) Importer(815301076,1909f56bfc062723c751e8b465ee728b)  -> (artifact id: '47318bdd35fb0428dd6d657afe5d1dbc') in 0.014086 seconds 
========================================================================
Received Import Request.
  Time since last request: 0.717156 seconds.
  path: Assets/Low Poly Furniture/Prefabs/Lamp/Lamp.prefab
  artifactKey: Guid(3dec8914decffc747832ead31a1e1d0a) Importer(815301076,1909f56bfc062723c751e8b465ee728b)
Start importing Assets/Low Poly Furniture/Prefabs/Lamp/Lamp.prefab using Guid(3dec8914decffc747832ead31a1e1d0a) Importer(815301076,1909f56bfc062723c751e8b465ee728b)  -> (artifact id: 'c0aa8b3d9135cf419726c85cca6a4732') in 0.014722 seconds 
========================================================================
Received Import Request.
  Time since last request: 0.623170 seconds.
  path: Assets/Low Poly Furniture/Prefabs/Mouse/Small Mouse.prefab
  artifactKey: Guid(aa7a24ace3c55c247afa56de78afca81) Importer(815301076,1909f56bfc062723c751e8b465ee728b)
Start importing Assets/Low Poly Furniture/Prefabs/Mouse/Small Mouse.prefab using Guid(aa7a24ace3c55c247afa56de78afca81) Importer(815301076,1909f56bfc062723c751e8b465ee728b)  -> (artifact id: '6af9662add3cb8061e1b65e7a6837ad8') in 0.013355 seconds 
========================================================================
Received Import Request.
  Time since last request: 5.557851 seconds.
  path: Assets/Low Poly Furniture/Models/Green Plant.fbx
  artifactKey: Guid(f150b4c37a4c40047a9633b96429c219) Importer(815301076,1909f56bfc062723c751e8b465ee728b)
Start importing Assets/Low Poly Furniture/Models/Green Plant.fbx using Guid(f150b4c37a4c40047a9633b96429c219) Importer(815301076,1909f56bfc062723c751e8b465ee728b)  -> (artifact id: 'daf092bb0811a7b2e7614cd58aa85403') in 0.275248 seconds 
========================================================================
Received Import Request.
  Time since last request: 0.000104 seconds.
  path: Assets/Low Poly Furniture/Models/Triple Cactus.fbx
  artifactKey: Guid(3ea3d2a5bf18aa84284124fe246a65b1) Importer(815301076,1909f56bfc062723c751e8b465ee728b)
Start importing Assets/Low Poly Furniture/Models/Triple Cactus.fbx using Guid(3ea3d2a5bf18aa84284124fe246a65b1) Importer(815301076,1909f56bfc062723c751e8b465ee728b)  -> (artifact id: '5fe3021d067c68fec403badd0eb3e3c2') in 0.056356 seconds 
========================================================================
Received Import Request.
  Time since last request: 0.000113 seconds.
  path: Assets/Low Poly Furniture/Models/Thin Chair.fbx
  artifactKey: Guid(78ade105789c1114f91e52abcdd9f12b) Importer(815301076,1909f56bfc062723c751e8b465ee728b)
Start importing Assets/Low Poly Furniture/Models/Thin Chair.fbx using Guid(78ade105789c1114f91e52abcdd9f12b) Importer(815301076,1909f56bfc062723c751e8b465ee728b)  -> (artifact id: '3e95ce4c8e3ff9d63b74a922c6d7a4eb') in 0.041798 seconds 
========================================================================
Received Import Request.
  Time since last request: 0.000134 seconds.
  path: Assets/Low Poly Furniture/Models/Rectangle Table.fbx
  artifactKey: Guid(36df2876932ca6b448b29d0333cec2ba) Importer(815301076,1909f56bfc062723c751e8b465ee728b)
Start importing Assets/Low Poly Furniture/Models/Rectangle Table.fbx using Guid(36df2876932ca6b448b29d0333cec2ba) Importer(815301076,1909f56bfc062723c751e8b465ee728b)  -> (artifact id: '335aeca000e6d7c61f0eefa666bc1093') in 0.047020 seconds 
========================================================================
Received Import Request.
  Time since last request: 0.000092 seconds.
  path: Assets/Low Poly Furniture/Models/L-Shaped Desk.fbx
  artifactKey: Guid(c8dce477da05e754e8e912991abfd95f) Importer(815301076,1909f56bfc062723c751e8b465ee728b)
Start importing Assets/Low Poly Furniture/Models/L-Shaped Desk.fbx using Guid(c8dce477da05e754e8e912991abfd95f) Importer(815301076,1909f56bfc062723c751e8b465ee728b)  -> (artifact id: '5aded5a2243445d28600d2437b5ccce4') in 0.057222 seconds 
========================================================================
Received Import Request.
  Time since last request: 0.000127 seconds.
  path: Assets/Low Poly Furniture/Models/Laptop.fbx
  artifactKey: Guid(d8ea38793a6bd104aa20d7dc912caba7) Importer(815301076,1909f56bfc062723c751e8b465ee728b)
Start importing Assets/Low Poly Furniture/Models/Laptop.fbx using Guid(d8ea38793a6bd104aa20d7dc912caba7) Importer(815301076,1909f56bfc062723c751e8b465ee728b)  -> (artifact id: 'eb1dd96a97dba3646d0375feffc002e2') in 0.038626 seconds 
========================================================================
Received Import Request.
  Time since last request: 0.000098 seconds.
  path: Assets/Low Poly Furniture/Models/Single Bed.fbx
  artifactKey: Guid(88bfcb4cfbf572c4090d7535fdd4fed5) Importer(815301076,1909f56bfc062723c751e8b465ee728b)
Start importing Assets/Low Poly Furniture/Models/Single Bed.fbx using Guid(88bfcb4cfbf572c4090d7535fdd4fed5) Importer(815301076,1909f56bfc062723c751e8b465ee728b)  -> (artifact id: 'f10af0e70492909420051c869cd0ad3f') in 0.061687 seconds 
========================================================================
Received Import Request.
  Time since last request: 0.000087 seconds.
  path: Assets/Low Poly Furniture/Models/Triple Flower.fbx
  artifactKey: Guid(635b559c754cc8341b32a152e4059ce9) Importer(815301076,1909f56bfc062723c751e8b465ee728b)
Start importing Assets/Low Poly Furniture/Models/Triple Flower.fbx using Guid(635b559c754cc8341b32a152e4059ce9) Importer(815301076,1909f56bfc062723c751e8b465ee728b)  -> (artifact id: '9037f37e0dec03fc61cbccccba44038d') in 0.044044 seconds 
========================================================================
Received Import Request.
  Time since last request: 2.593997 seconds.
  path: Assets/Low Poly Furniture/Models/Dark Case.fbx
  artifactKey: Guid(627c4ae26f127244e95c3bd0d160c879) Importer(815301076,1909f56bfc062723c751e8b465ee728b)
Start importing Assets/Low Poly Furniture/Models/Dark Case.fbx using Guid(627c4ae26f127244e95c3bd0d160c879) Importer(815301076,1909f56bfc062723c751e8b465ee728b)  -> (artifact id: '6791da2c757a617165b3b139f32bc280') in 0.033434 seconds 
========================================================================
Received Import Request.
  Time since last request: 0.000180 seconds.
  path: Assets/Low Poly Furniture/Models/Double Bed.fbx
  artifactKey: Guid(e81c5345af796424b8bed30fdfaa6b09) Importer(815301076,1909f56bfc062723c751e8b465ee728b)
Start importing Assets/Low Poly Furniture/Models/Double Bed.fbx using Guid(e81c5345af796424b8bed30fdfaa6b09) Importer(815301076,1909f56bfc062723c751e8b465ee728b)  -> (artifact id: '2139249e7187469d9a16ab8c5df6ad82') in 0.110824 seconds 
========================================================================
Received Import Request.
  Time since last request: 8.939998 seconds.
  path: Assets/Low Poly Furniture/Models/Couch.fbx
  artifactKey: Guid(09667bf18d5e2f5489accb5ca7e3b7bc) Importer(815301076,1909f56bfc062723c751e8b465ee728b)
Start importing Assets/Low Poly Furniture/Models/Couch.fbx using Guid(09667bf18d5e2f5489accb5ca7e3b7bc) Importer(815301076,1909f56bfc062723c751e8b465ee728b)  -> (artifact id: '94cd5ecf969dd9495ef4238f3788f4a3') in 0.069247 seconds 
========================================================================
Received Prepare
Refreshing native plugins compatible for Editor in 5.09 ms, found 2 plugins.
Preloading 0 native plugins for Editor in 0.00 ms.
Unloading 29 Unused Serialized files (Serialized files now loaded: 0)
Unloading 29 unused Assets / (1.3 MB). Loaded Objects now: 3907.
Memory consumption went from 76.6 MB to 75.3 MB.
Total: 5.581235 ms (FindLiveObjects: 0.400894 ms CreateObjectMapping: 0.302559 ms MarkObjects: 4.574836 ms  DeleteObjects: 0.301695 ms)

AssetImportParameters requested are different than current active one (requested -> active):
  custom:video-decoder-ogg-theora: a1e56fd34408186e4bbccfd4996cb3dc -> 
  custom:container-muxer-webm: aa71ff27fc2769a1b78a27578f13a17b -> 
  custom:container-demuxer-webm: 4f35f7cbe854078d1ac9338744f61a02 -> 
  custom:video-encoder-webm-vp8: eb34c28f22e8b96e1ab97ce403110664 -> 
  custom:framework-osx-AVFoundation: e770b220cccbd017edd2c1fefb359320 -> 
  custom:audio-encoder-webm-vorbis: bf7c407c2cedff20999df2af8eb42d56 -> 
  custom:container-demuxer-ogg: 62fdf1f143b41e24485cea50d1cbac27 -> 
  custom:video-decoder-webm-vp8: 9c59270c3fd7afecdb556c50c9e8de78 -> 
  custom:audio-decoder-ogg-vorbis: bf7c407c2cedff20999df2af8eb42d56 -> 
========================================================================
Received Import Request.
  Time since last request: 220.953658 seconds.
  path: Assets/Low Poly Furniture/Prefabs/Screen/Laptop.prefab
  artifactKey: Guid(89169722889f81e4eacf361fd33f5b8d) Importer(815301076,1909f56bfc062723c751e8b465ee728b)
Start importing Assets/Low Poly Furniture/Prefabs/Screen/Laptop.prefab using Guid(89169722889f81e4eacf361fd33f5b8d) Importer(815301076,1909f56bfc062723c751e8b465ee728b)  -> (artifact id: '7c51c42cc78c0fcbda156ce77f6c69b5') in 0.171157 seconds 
========================================================================
Received Import Request.
  Time since last request: 0.403179 seconds.
  path: Assets/Low Poly Furniture/Prefabs/Table/L-Shaped Desk.prefab
  artifactKey: Guid(ced3f6d891a29e341bddee5b657dcb5b) Importer(815301076,1909f56bfc062723c751e8b465ee728b)
Start importing Assets/Low Poly Furniture/Prefabs/Table/L-Shaped Desk.prefab using Guid(ced3f6d891a29e341bddee5b657dcb5b) Importer(815301076,1909f56bfc062723c751e8b465ee728b)  -> (artifact id: 'c0a09adb8868c036492a7a86059103ea') in 0.135808 seconds 
========================================================================
Received Import Request.
  Time since last request: 0.000172 seconds.
  path: Assets/Low Poly Furniture/Prefabs/Table/Table.prefab
  artifactKey: Guid(e8fdddcfe6bbce444aff1122997577f4) Importer(815301076,1909f56bfc062723c751e8b465ee728b)
Start importing Assets/Low Poly Furniture/Prefabs/Table/Table.prefab using Guid(e8fdddcfe6bbce444aff1122997577f4) Importer(815301076,1909f56bfc062723c751e8b465ee728b)  -> (artifact id: '6fa81467e370878ddd0f0531e961b268') in 0.132096 seconds 
========================================================================
Received Import Request.
  Time since last request: 0.000154 seconds.
  path: Assets/Low Poly Furniture/Prefabs/Table/Round Table.prefab
  artifactKey: Guid(0f76269ae1c485146a382146b683886b) Importer(815301076,1909f56bfc062723c751e8b465ee728b)
Start importing Assets/Low Poly Furniture/Prefabs/Table/Round Table.prefab using Guid(0f76269ae1c485146a382146b683886b) Importer(815301076,1909f56bfc062723c751e8b465ee728b)  -> (artifact id: 'cd6e67c8d9a6970ce0da68566b1fde8e') in 0.116708 seconds 
========================================================================
Received Import Request.
  Time since last request: 1.542869 seconds.
  path: Assets/Low Poly Furniture/Prefabs/Vase/Pink Vase.prefab
  artifactKey: Guid(b2f6d75dfcfd9154ca36c2fc7880137c) Importer(815301076,1909f56bfc062723c751e8b465ee728b)
Start importing Assets/Low Poly Furniture/Prefabs/Vase/Pink Vase.prefab using Guid(b2f6d75dfcfd9154ca36c2fc7880137c) Importer(815301076,1909f56bfc062723c751e8b465ee728b)  -> (artifact id: '693ec4ff57aec7734884794726de4cec') in 0.103455 seconds 
========================================================================
Received Import Request.
  Time since last request: 0.000217 seconds.
  path: Assets/Low Poly Furniture/Prefabs/Vase/Yellow Vase.prefab
  artifactKey: Guid(ad406b2edb3da9942884b71642b7693b) Importer(815301076,1909f56bfc062723c751e8b465ee728b)
Start importing Assets/Low Poly Furniture/Prefabs/Vase/Yellow Vase.prefab using Guid(ad406b2edb3da9942884b71642b7693b) Importer(815301076,1909f56bfc062723c751e8b465ee728b)  -> (artifact id: '7ef3960c5c919d6da7e3b0682b9e0717') in 0.125959 seconds 
========================================================================
Received Import Request.
  Time since last request: 0.795879 seconds.
  path: Assets/Low Poly Furniture/Prefabs/Wardrobe/Twin Wardrobe.prefab
  artifactKey: Guid(3203d32c7186a84419e35d7ce08429da) Importer(815301076,1909f56bfc062723c751e8b465ee728b)
Start importing Assets/Low Poly Furniture/Prefabs/Wardrobe/Twin Wardrobe.prefab using Guid(3203d32c7186a84419e35d7ce08429da) Importer(815301076,1909f56bfc062723c751e8b465ee728b)  -> (artifact id: 'cba2074fce148f37b636867e043f06dc') in 0.159031 seconds 
========================================================================
Received Import Request.
  Time since last request: 41.661344 seconds.
  path: Assets/Low Poly Furniture/Models/Wall Bookshelf Large.fbx
  artifactKey: Guid(64dccf619abaee04ab1842c4ec5e5f70) Importer(815301076,1909f56bfc062723c751e8b465ee728b)
Start importing Assets/Low Poly Furniture/Models/Wall Bookshelf Large.fbx using Guid(64dccf619abaee04ab1842c4ec5e5f70) Importer(815301076,1909f56bfc062723c751e8b465ee728b)  -> (artifact id: 'afe3e0ec45119a5ff465c6ac1f3ae897') in 0.257132 seconds 
========================================================================
Received Import Request.
  Time since last request: 0.000190 seconds.
  path: Assets/Low Poly Furniture/Models/Yellow Book.fbx
  artifactKey: Guid(bb35e30754ded1b458a77799176309ad) Importer(815301076,1909f56bfc062723c751e8b465ee728b)
Start importing Assets/Low Poly Furniture/Models/Yellow Book.fbx using Guid(bb35e30754ded1b458a77799176309ad) Importer(815301076,1909f56bfc062723c751e8b465ee728b)  -> (artifact id: '5610d8338147892bf59584212115d97d') in 0.199284 seconds 
Editor requested this worker to shutdown with reason: Scaling down because of idle timeout
AssetImportWorker is now disconnected from the server
Process exiting
