Using pre-set license
Built from '2021.3/staging' branch; Version is '2021.3.25f1 (68ef2c4f8861) revision 6876972'; Using compiler version '192829333'; Build Type 'Release'
OS: 'Windows 11  (10.0.22621) 64bit Core' Language: 'ko' Physical Memory: 16220 MB
BatchMode: 1, IsHumanControllingUs: 0, StartBugReporterOnCrash: 0, Is64bit: 1, IsPro: 1

COMMAND LINE ARGUMENTS:
C:\Program Files\Unity\Hub\Editor\2021.3.25f1\Editor\Unity.exe
-adb2
-batchMode
-noUpm
-name
AssetImportWorker7
-projectPath
C:/Users/PC/Documents/GitHub/ohms/ohms-source
-logFile
Logs/AssetImportWorker7.log
-srvPort
63301
Successfully changed project path to: C:/Users/PC/Documents/GitHub/ohms/ohms-source
C:/Users/PC/Documents/GitHub/ohms/ohms-source
[UnityMemory] Configuration Parameters - Can be set up in boot.config
    "memorysetup-bucket-allocator-granularity=16"
    "memorysetup-bucket-allocator-bucket-count=8"
    "memorysetup-bucket-allocator-block-size=33554432"
    "memorysetup-bucket-allocator-block-count=8"
    "memorysetup-main-allocator-block-size=16777216"
    "memorysetup-thread-allocator-block-size=16777216"
    "memorysetup-gfx-main-allocator-block-size=16777216"
    "memorysetup-gfx-thread-allocator-block-size=16777216"
    "memorysetup-cache-allocator-block-size=4194304"
    "memorysetup-typetree-allocator-block-size=2097152"
    "memorysetup-profiler-bucket-allocator-granularity=16"
    "memorysetup-profiler-bucket-allocator-bucket-count=8"
    "memorysetup-profiler-bucket-allocator-block-size=33554432"
    "memorysetup-profiler-bucket-allocator-block-count=8"
    "memorysetup-profiler-allocator-block-size=16777216"
    "memorysetup-profiler-editor-allocator-block-size=1048576"
    "memorysetup-temp-allocator-size-main=16777216"
    "memorysetup-job-temp-allocator-block-size=2097152"
    "memorysetup-job-temp-allocator-block-size-background=1048576"
    "memorysetup-job-temp-allocator-reduction-small-platforms=262144"
    "memorysetup-temp-allocator-size-background-worker=32768"
    "memorysetup-temp-allocator-size-job-worker=262144"
    "memorysetup-temp-allocator-size-preload-manager=33554432"
    "memorysetup-temp-allocator-size-nav-mesh-worker=65536"
    "memorysetup-temp-allocator-size-audio-worker=65536"
    "memorysetup-temp-allocator-size-cloud-worker=32768"
    "memorysetup-temp-allocator-size-gi-baking-worker=262144"
    "memorysetup-temp-allocator-size-gfx=262144"
Player connection [19856] Host "[IP] 192.168.0.103 [Port] 0 [Flags] 2 [Guid] 3881871683 [EditorId] 3881871683 [Version] 1048832 [Id] WindowsEditor(7,gugyeoj1n) [Debug] 1 [PackageName] WindowsEditor [ProjectName] Editor" joined multi-casting on [225.0.0.222:54997]...

Player connection [19856] Host "[IP] 192.168.0.103 [Port] 0 [Flags] 2 [Guid] 3881871683 [EditorId] 3881871683 [Version] 1048832 [Id] WindowsEditor(7,gugyeoj1n) [Debug] 1 [PackageName] WindowsEditor [ProjectName] Editor" joined alternative multi-casting on [225.0.0.222:34997]...

Refreshing native plugins compatible for Editor in 145.73 ms, found 3 plugins.
Preloading 0 native plugins for Editor in 0.00 ms.
Initialize engine version: 2021.3.25f1 (68ef2c4f8861)
[Subsystems] Discovering subsystems at path C:/Program Files/Unity/Hub/Editor/2021.3.25f1/Editor/Data/Resources/UnitySubsystems
[Subsystems] Discovering subsystems at path C:/Users/PC/Documents/GitHub/ohms/ohms-source/Assets
GfxDevice: creating device client; threaded=0; jobified=0
Direct3D:
    Version:  Direct3D 11.0 [level 11.1]
    Renderer: NVIDIA GeForce RTX 3060 (ID=0x2487)
    Vendor:   NVIDIA
    VRAM:     12124 MB
    Driver:   31.0.15.3168
Initialize mono
Mono path[0] = 'C:/Program Files/Unity/Hub/Editor/2021.3.25f1/Editor/Data/Managed'
Mono path[1] = 'C:/Program Files/Unity/Hub/Editor/2021.3.25f1/Editor/Data/MonoBleedingEdge/lib/mono/unityjit-win32'
Mono config path = 'C:/Program Files/Unity/Hub/Editor/2021.3.25f1/Editor/Data/MonoBleedingEdge/etc'
Using monoOptions --debugger-agent=transport=dt_socket,embedding=1,server=y,suspend=n,address=127.0.0.1:56500
Begin MonoManager ReloadAssembly
Registering precompiled unity dll's ...
Register platform support module: C:/Program Files/Unity/Hub/Editor/2021.3.25f1/Editor/Data/PlaybackEngines/WindowsStandaloneSupport/UnityEditor.WindowsStandalone.Extensions.dll
Registered in 0.003174 seconds.
Native extension for WindowsStandalone target not found
Refreshing native plugins compatible for Editor in 118.44 ms, found 3 plugins.
Preloading 0 native plugins for Editor in 0.00 ms.
Mono: successfully reloaded assembly
- Completed reload, in  0.482 seconds
Domain Reload Profiling:
	ReloadAssembly (483ms)
		BeginReloadAssembly (60ms)
			ExecutionOrderSort (0ms)
			DisableScriptedObjects (0ms)
			BackupInstance (0ms)
			ReleaseScriptingObjects (0ms)
			CreateAndSetChildDomain (1ms)
		EndReloadAssembly (359ms)
			LoadAssemblies (58ms)
			RebuildTransferFunctionScriptingTraits (0ms)
			SetupTypeCache (69ms)
			ReleaseScriptCaches (0ms)
			RebuildScriptCaches (17ms)
			SetupLoadedEditorAssemblies (238ms)
				LogAssemblyErrors (0ms)
				InitializePlatformSupportModulesInManaged (5ms)
				SetLoadedEditorAssemblies (0ms)
				RefreshPlugins (119ms)
				BeforeProcessingInitializeOnLoad (1ms)
				ProcessInitializeOnLoadAttributes (79ms)
				ProcessInitializeOnLoadMethodAttributes (34ms)
				AfterProcessingInitializeOnLoad (0ms)
				EditorAssembliesLoaded (0ms)
			ExecutionOrderSort2 (0ms)
			AwakeInstancesAfterBackupRestoration (0ms)
Platform modules already initialized, skipping
Registering precompiled user dll's ...
Registered in 0.010699 seconds.
Begin MonoManager ReloadAssembly
Symbol file LoadedFromMemory doesn't match image C:\Users\PC\Documents\GitHub\ohms\ohms-source\Library\PackageCache\com.unity.visualscripting@1.8.0\Editor\VisualScripting.Core\Dependencies\DotNetZip\Unity.VisualScripting.IonicZip.dll
Symbol file LoadedFromMemory doesn't match image C:\Users\PC\Documents\GitHub\ohms\ohms-source\Library\PackageCache\com.unity.visualscripting@1.8.0\Editor\VisualScripting.Core\Dependencies\YamlDotNet\Unity.VisualScripting.YamlDotNet.dll
Native extension for WindowsStandalone target not found
Refreshing native plugins compatible for Editor in 1.11 ms, found 3 plugins.
Preloading 0 native plugins for Editor in 0.00 ms.
Mono: successfully reloaded assembly
- Completed reload, in  0.821 seconds
Domain Reload Profiling:
	ReloadAssembly (821ms)
		BeginReloadAssembly (79ms)
			ExecutionOrderSort (0ms)
			DisableScriptedObjects (3ms)
			BackupInstance (0ms)
			ReleaseScriptingObjects (0ms)
			CreateAndSetChildDomain (11ms)
		EndReloadAssembly (671ms)
			LoadAssemblies (73ms)
			RebuildTransferFunctionScriptingTraits (0ms)
			SetupTypeCache (240ms)
			ReleaseScriptCaches (0ms)
			RebuildScriptCaches (38ms)
			SetupLoadedEditorAssemblies (298ms)
				LogAssemblyErrors (0ms)
				InitializePlatformSupportModulesInManaged (3ms)
				SetLoadedEditorAssemblies (0ms)
				RefreshPlugins (1ms)
				BeforeProcessingInitializeOnLoad (58ms)
				ProcessInitializeOnLoadAttributes (216ms)
				ProcessInitializeOnLoadMethodAttributes (15ms)
				AfterProcessingInitializeOnLoad (4ms)
				EditorAssembliesLoaded (0ms)
			ExecutionOrderSort2 (0ms)
			AwakeInstancesAfterBackupRestoration (9ms)
Platform modules already initialized, skipping
========================================================================
Worker process is ready to serve import requests
Launched and connected shader compiler UnityShaderCompiler.exe after 0.04 seconds
Refreshing native plugins compatible for Editor in 1.15 ms, found 3 plugins.
Preloading 0 native plugins for Editor in 0.00 ms.
Unloading 3887 Unused Serialized files (Serialized files now loaded: 0)
Unloading 81 unused Assets / (1.4 MB). Loaded Objects now: 4322.
Memory consumption went from 174.9 MB to 173.5 MB.
Total: 2.112500 ms (FindLiveObjects: 0.161400 ms CreateObjectMapping: 0.079400 ms MarkObjects: 1.670700 ms  DeleteObjects: 0.200400 ms)

AssetImportParameters requested are different than current active one (requested -> active):
  custom:video-decoder-ogg-theora: a1e56fd34408186e4bbccfd4996cb3dc -> 
  custom:container-muxer-webm: aa71ff27fc2769a1b78a27578f13a17b -> 
  custom:container-demuxer-webm: 4f35f7cbe854078d1ac9338744f61a02 -> 
  custom:video-encoder-webm-vp8: eb34c28f22e8b96e1ab97ce403110664 -> 
  custom:audio-encoder-webm-vorbis: bf7c407c2cedff20999df2af8eb42d56 -> 
  custom:framework-win-MediaFoundation: 216162199b28c13a410421893ffa2e32 -> 
  custom:container-demuxer-ogg: 62fdf1f143b41e24485cea50d1cbac27 -> 
  custom:video-decoder-webm-vp8: 9c59270c3fd7afecdb556c50c9e8de78 -> 
  custom:audio-decoder-ogg-vorbis: bf7c407c2cedff20999df2af8eb42d56 -> 
========================================================================
Received Import Request.
  Time since last request: 319799.527702 seconds.
  path: Assets/polyperfect/Low Poly Ultimate Pack/M/- Prefabs_M/Fantasy_M/bed-prison.prefab
  artifactKey: Guid(c35059bbd587c4c7c82bed959ef72cb2) Importer(815301076,1909f56bfc062723c751e8b465ee728b)
Start importing Assets/polyperfect/Low Poly Ultimate Pack/M/- Prefabs_M/Fantasy_M/bed-prison.prefab using Guid(c35059bbd587c4c7c82bed959ef72cb2) Importer(815301076,1909f56bfc062723c751e8b465ee728b)  -> (artifact id: 'a4cc0bde5ddbc1f702a1f1746120357b') in 0.128953 seconds 
========================================================================
Received Import Request.
  Time since last request: 0.000018 seconds.
  path: Assets/polyperfect/Low Poly Ultimate Pack/M/- Prefabs_M/Fantasy_M/carpet-corner.prefab
  artifactKey: Guid(7969ab2d8778749f0b28fd93f0d80494) Importer(815301076,1909f56bfc062723c751e8b465ee728b)
Start importing Assets/polyperfect/Low Poly Ultimate Pack/M/- Prefabs_M/Fantasy_M/carpet-corner.prefab using Guid(7969ab2d8778749f0b28fd93f0d80494) Importer(815301076,1909f56bfc062723c751e8b465ee728b)  -> (artifact id: '9ce879e4ed20ca6da5c784b920c028d7') in 0.017843 seconds 
========================================================================
Received Import Request.
  Time since last request: 0.000019 seconds.
  path: Assets/polyperfect/Low Poly Ultimate Pack/M/- Prefabs_M/Fantasy_M/dungeon-door-stone.prefab
  artifactKey: Guid(17462986d76284d599dd3f87e1100aea) Importer(815301076,1909f56bfc062723c751e8b465ee728b)
Start importing Assets/polyperfect/Low Poly Ultimate Pack/M/- Prefabs_M/Fantasy_M/dungeon-door-stone.prefab using Guid(17462986d76284d599dd3f87e1100aea) Importer(815301076,1909f56bfc062723c751e8b465ee728b)  -> (artifact id: '6c8a617f6ac04a82d1263e23cc97b0a8') in 0.019735 seconds 
========================================================================
Received Import Request.
  Time since last request: 0.000019 seconds.
  path: Assets/polyperfect/Low Poly Ultimate Pack/M/- Prefabs_M/Fantasy_M/dungeon-pillar-stone-half.prefab
  artifactKey: Guid(9e7f3397efa9f46d8a601bcdf91c3dd9) Importer(815301076,1909f56bfc062723c751e8b465ee728b)
Start importing Assets/polyperfect/Low Poly Ultimate Pack/M/- Prefabs_M/Fantasy_M/dungeon-pillar-stone-half.prefab using Guid(9e7f3397efa9f46d8a601bcdf91c3dd9) Importer(815301076,1909f56bfc062723c751e8b465ee728b)  -> (artifact id: '00e462e6dda192c06b8b0b3aa3675f60') in 0.018974 seconds 
========================================================================
Received Import Request.
  Time since last request: 0.000020 seconds.
  path: Assets/polyperfect/Low Poly Ultimate Pack/M/- Prefabs_M/Fantasy_M/candles.prefab
  artifactKey: Guid(16e6d7d87ccd64bdab349c38ee97ac3e) Importer(815301076,1909f56bfc062723c751e8b465ee728b)
Start importing Assets/polyperfect/Low Poly Ultimate Pack/M/- Prefabs_M/Fantasy_M/candles.prefab using Guid(16e6d7d87ccd64bdab349c38ee97ac3e) Importer(815301076,1909f56bfc062723c751e8b465ee728b)  -> (artifact id: 'b9f993b297ca34b5b486463eddb5ee6e') in 0.018596 seconds 
========================================================================
Received Import Request.
  Time since last request: 0.000021 seconds.
  path: Assets/polyperfect/Low Poly Ultimate Pack/M/- Prefabs_M/Fantasy_M/dungeon-floor-dirt.prefab
  artifactKey: Guid(19a24b7e36bf7403caaeb9d5e79f2c73) Importer(815301076,1909f56bfc062723c751e8b465ee728b)
Start importing Assets/polyperfect/Low Poly Ultimate Pack/M/- Prefabs_M/Fantasy_M/dungeon-floor-dirt.prefab using Guid(19a24b7e36bf7403caaeb9d5e79f2c73) Importer(815301076,1909f56bfc062723c751e8b465ee728b)  -> (artifact id: 'cb5192a2e4da95182a85846dc17a6851') in 0.018767 seconds 
========================================================================
Received Import Request.
  Time since last request: 0.000024 seconds.
  path: Assets/polyperfect/Low Poly Ultimate Pack/M/- Prefabs_M/Fantasy_M/dungeon-door-prison.prefab
  artifactKey: Guid(a6c1a425713cf460a84b5e1f6a4fae83) Importer(815301076,1909f56bfc062723c751e8b465ee728b)
Start importing Assets/polyperfect/Low Poly Ultimate Pack/M/- Prefabs_M/Fantasy_M/dungeon-door-prison.prefab using Guid(a6c1a425713cf460a84b5e1f6a4fae83) Importer(815301076,1909f56bfc062723c751e8b465ee728b)  -> (artifact id: '5a73edd078fc499c07d60f7444ece571') in 0.019234 seconds 
========================================================================
Received Import Request.
  Time since last request: 0.000024 seconds.
  path: Assets/polyperfect/Low Poly Ultimate Pack/M/- Prefabs_M/Fantasy_M/book-open.prefab
  artifactKey: Guid(0bafe321caa3d475daa026d61222d930) Importer(815301076,1909f56bfc062723c751e8b465ee728b)
Start importing Assets/polyperfect/Low Poly Ultimate Pack/M/- Prefabs_M/Fantasy_M/book-open.prefab using Guid(0bafe321caa3d475daa026d61222d930) Importer(815301076,1909f56bfc062723c751e8b465ee728b)  -> (artifact id: 'e2520b7b8c6ab180b6745fd60d2d2a47') in 0.020179 seconds 
========================================================================
Received Import Request.
  Time since last request: 0.990444 seconds.
  path: Assets/polyperfect/Low Poly Ultimate Pack/M/- Prefabs_M/Fantasy_M/dungeon-stairs-stone.prefab
  artifactKey: Guid(4322b8e4aa2b04639b52484fa6748359) Importer(815301076,1909f56bfc062723c751e8b465ee728b)
Start importing Assets/polyperfect/Low Poly Ultimate Pack/M/- Prefabs_M/Fantasy_M/dungeon-stairs-stone.prefab using Guid(4322b8e4aa2b04639b52484fa6748359) Importer(815301076,1909f56bfc062723c751e8b465ee728b)  -> (artifact id: '739f65fa8855d5d734bde8c687a3a5ba') in 0.023448 seconds 
========================================================================
Received Import Request.
  Time since last request: 0.000020 seconds.
  path: Assets/polyperfect/Low Poly Ultimate Pack/M/- Prefabs_M/Fantasy_M/dungeon-wall-stone.prefab
  artifactKey: Guid(2e9bb0112b1a3428f94ba8550d668f2f) Importer(815301076,1909f56bfc062723c751e8b465ee728b)
Start importing Assets/polyperfect/Low Poly Ultimate Pack/M/- Prefabs_M/Fantasy_M/dungeon-wall-stone.prefab using Guid(2e9bb0112b1a3428f94ba8550d668f2f) Importer(815301076,1909f56bfc062723c751e8b465ee728b)  -> (artifact id: '3cd4330d1e12062dafc5b4f826d713e1') in 0.022239 seconds 
========================================================================
Received Import Request.
  Time since last request: 0.000018 seconds.
  path: Assets/polyperfect/Low Poly Ultimate Pack/M/- Prefabs_M/Fantasy_M/dungeon-wall-window-middle-stone.prefab
  artifactKey: Guid(db2b60f06015848d8ae2e5fd94bc3161) Importer(815301076,1909f56bfc062723c751e8b465ee728b)
Start importing Assets/polyperfect/Low Poly Ultimate Pack/M/- Prefabs_M/Fantasy_M/dungeon-wall-window-middle-stone.prefab using Guid(db2b60f06015848d8ae2e5fd94bc3161) Importer(815301076,1909f56bfc062723c751e8b465ee728b)  -> (artifact id: '8826831261fb613d22b911e65243917d') in 0.017912 seconds 
========================================================================
Received Import Request.
  Time since last request: 0.000021 seconds.
  path: Assets/polyperfect/Low Poly Ultimate Pack/M/- Prefabs_M/Fantasy_M/dungeon-wall-window-stone.prefab
  artifactKey: Guid(ebdd4dfd0781d4a22ac696b64ada401d) Importer(815301076,1909f56bfc062723c751e8b465ee728b)
Start importing Assets/polyperfect/Low Poly Ultimate Pack/M/- Prefabs_M/Fantasy_M/dungeon-wall-window-stone.prefab using Guid(ebdd4dfd0781d4a22ac696b64ada401d) Importer(815301076,1909f56bfc062723c751e8b465ee728b)  -> (artifact id: 'd4b58d07c5f4eb87138e91ebc46b4833') in 0.018491 seconds 
========================================================================
Received Import Request.
  Time since last request: 0.000017 seconds.
  path: Assets/polyperfect/Low Poly Ultimate Pack/M/- Prefabs_M/Fantasy_M/gravestone-round.prefab
  artifactKey: Guid(637afabd5785a4b9e9a19b0b82b6d5c3) Importer(815301076,1909f56bfc062723c751e8b465ee728b)
Start importing Assets/polyperfect/Low Poly Ultimate Pack/M/- Prefabs_M/Fantasy_M/gravestone-round.prefab using Guid(637afabd5785a4b9e9a19b0b82b6d5c3) Importer(815301076,1909f56bfc062723c751e8b465ee728b)  -> (artifact id: '13739f8f1f5bb3af92ef106d14f1ba42') in 0.016394 seconds 
========================================================================
Received Import Request.
  Time since last request: 0.000017 seconds.
  path: Assets/polyperfect/Low Poly Ultimate Pack/M/- Prefabs_M/Fantasy_M/jar-big.prefab
  artifactKey: Guid(2c0ffdce1d2808e41bbd608cc0e901a4) Importer(815301076,1909f56bfc062723c751e8b465ee728b)
Start importing Assets/polyperfect/Low Poly Ultimate Pack/M/- Prefabs_M/Fantasy_M/jar-big.prefab using Guid(2c0ffdce1d2808e41bbd608cc0e901a4) Importer(815301076,1909f56bfc062723c751e8b465ee728b)  -> (artifact id: '0601a30dd62bee9acefee1fcdb46826a') in 0.016782 seconds 
========================================================================
Received Import Request.
  Time since last request: 0.000019 seconds.
  path: Assets/polyperfect/Low Poly Ultimate Pack/M/- Prefabs_M/Fantasy_M/goblet.prefab
  artifactKey: Guid(120a84a7ec3f442a499df90eed8c29fc) Importer(815301076,1909f56bfc062723c751e8b465ee728b)
Start importing Assets/polyperfect/Low Poly Ultimate Pack/M/- Prefabs_M/Fantasy_M/goblet.prefab using Guid(120a84a7ec3f442a499df90eed8c29fc) Importer(815301076,1909f56bfc062723c751e8b465ee728b)  -> (artifact id: 'b020fe98476e1f715ad838bd9ed59d41') in 0.017702 seconds 
========================================================================
Received Import Request.
  Time since last request: 0.229138 seconds.
  path: Assets/polyperfect/Low Poly Ultimate Pack/M/- Prefabs_M/Fantasy_M/ladder-small-wood.prefab
  artifactKey: Guid(1dce6e46679e848a2923dd90a24982c4) Importer(815301076,1909f56bfc062723c751e8b465ee728b)
Start importing Assets/polyperfect/Low Poly Ultimate Pack/M/- Prefabs_M/Fantasy_M/ladder-small-wood.prefab using Guid(1dce6e46679e848a2923dd90a24982c4) Importer(815301076,1909f56bfc062723c751e8b465ee728b)  -> (artifact id: 'e32ad7361212a1453365493756e2cccd') in 0.020863 seconds 
========================================================================
Received Import Request.
  Time since last request: 0.000019 seconds.
  path: Assets/polyperfect/Low Poly Ultimate Pack/M/- Prefabs_M/Fantasy_M/library.prefab
  artifactKey: Guid(209d1084f90d24df2903902969097dae) Importer(815301076,1909f56bfc062723c751e8b465ee728b)
Start importing Assets/polyperfect/Low Poly Ultimate Pack/M/- Prefabs_M/Fantasy_M/library.prefab using Guid(209d1084f90d24df2903902969097dae) Importer(815301076,1909f56bfc062723c751e8b465ee728b)  -> (artifact id: '49cf1b291c71730e0dffd1491de5cc1e') in 0.020015 seconds 
========================================================================
Received Import Request.
  Time since last request: 0.000020 seconds.
  path: Assets/polyperfect/Low Poly Ultimate Pack/M/- Prefabs_M/Fantasy_M/potion.prefab
  artifactKey: Guid(a7aaa4751f0b64b06ab7c008ecf4fbfd) Importer(815301076,1909f56bfc062723c751e8b465ee728b)
Start importing Assets/polyperfect/Low Poly Ultimate Pack/M/- Prefabs_M/Fantasy_M/potion.prefab using Guid(a7aaa4751f0b64b06ab7c008ecf4fbfd) Importer(815301076,1909f56bfc062723c751e8b465ee728b)  -> (artifact id: '7c6ec5d70222bc9fbbe5900287127228') in 0.017795 seconds 
========================================================================
Received Import Request.
  Time since last request: 0.000022 seconds.
  path: Assets/polyperfect/Low Poly Ultimate Pack/M/- Prefabs_M/Fantasy_M/scroll.prefab
  artifactKey: Guid(ed784d07f629e48a191a3bab51dd3015) Importer(815301076,1909f56bfc062723c751e8b465ee728b)
Start importing Assets/polyperfect/Low Poly Ultimate Pack/M/- Prefabs_M/Fantasy_M/scroll.prefab using Guid(ed784d07f629e48a191a3bab51dd3015) Importer(815301076,1909f56bfc062723c751e8b465ee728b)  -> (artifact id: 'e01b34f8aa2301cd8c04be798570ba9d') in 0.020530 seconds 
========================================================================
Received Import Request.
  Time since last request: 0.237112 seconds.
  path: Assets/polyperfect/Low Poly Ultimate Pack/M/- Prefabs_M/Fantasy_M/statue-knight.prefab
  artifactKey: Guid(8ec982bfd2efc4ecfa6e6d20e4f84e05) Importer(815301076,1909f56bfc062723c751e8b465ee728b)
Start importing Assets/polyperfect/Low Poly Ultimate Pack/M/- Prefabs_M/Fantasy_M/statue-knight.prefab using Guid(8ec982bfd2efc4ecfa6e6d20e4f84e05) Importer(815301076,1909f56bfc062723c751e8b465ee728b)  -> (artifact id: '4386b42d4378397f17334f812f49a17b') in 0.020065 seconds 
========================================================================
Received Import Request.
  Time since last request: 0.000024 seconds.
  path: Assets/polyperfect/Low Poly Ultimate Pack/M/- Prefabs_M/Fantasy_M/table-broken-wood.prefab
  artifactKey: Guid(cd81efad6fd334cfbb23afe0f591c67a) Importer(815301076,1909f56bfc062723c751e8b465ee728b)
Start importing Assets/polyperfect/Low Poly Ultimate Pack/M/- Prefabs_M/Fantasy_M/table-broken-wood.prefab using Guid(cd81efad6fd334cfbb23afe0f591c67a) Importer(815301076,1909f56bfc062723c751e8b465ee728b)  -> (artifact id: '557a259bbf31dacb204e5398be0106a3') in 0.018472 seconds 
========================================================================
Received Import Request.
  Time since last request: 0.000017 seconds.
  path: Assets/polyperfect/Low Poly Ultimate Pack/M/- Prefabs_M/Fantasy_M/torture-head.prefab
  artifactKey: Guid(e902e4f326b9f4a92bcaf1c0ecc9ddae) Importer(815301076,1909f56bfc062723c751e8b465ee728b)
Start importing Assets/polyperfect/Low Poly Ultimate Pack/M/- Prefabs_M/Fantasy_M/torture-head.prefab using Guid(e902e4f326b9f4a92bcaf1c0ecc9ddae) Importer(815301076,1909f56bfc062723c751e8b465ee728b)  -> (artifact id: 'e29071fe43fc474bb1cca023f2eeb787') in 0.018868 seconds 
========================================================================
Received Import Request.
  Time since last request: 0.000017 seconds.
  path: Assets/polyperfect/Low Poly Ultimate Pack/M/- Prefabs_M/Fantasy_M/table-wood.prefab
  artifactKey: Guid(8036420a35be94a7fb651ad06f9c6a7d) Importer(815301076,1909f56bfc062723c751e8b465ee728b)
Start importing Assets/polyperfect/Low Poly Ultimate Pack/M/- Prefabs_M/Fantasy_M/table-wood.prefab using Guid(8036420a35be94a7fb651ad06f9c6a7d) Importer(815301076,1909f56bfc062723c751e8b465ee728b)  -> (artifact id: '0ee5a5f51e080cd03d2402a0b53c8d69') in 0.014634 seconds 
========================================================================
Received Import Request.
  Time since last request: 2.754143 seconds.
  path: Assets/polyperfect/Low Poly Ultimate Pack/M/- Prefabs_M/Food_M/mokka-pot.prefab
  artifactKey: Guid(8b004d8823d4bc445a7cc883931486d0) Importer(815301076,1909f56bfc062723c751e8b465ee728b)
Start importing Assets/polyperfect/Low Poly Ultimate Pack/M/- Prefabs_M/Food_M/mokka-pot.prefab using Guid(8b004d8823d4bc445a7cc883931486d0) Importer(815301076,1909f56bfc062723c751e8b465ee728b)  -> (artifact id: '495836543ecede10ae727f95ac53aa08') in 0.020188 seconds 
========================================================================
Received Import Request.
  Time since last request: 0.000016 seconds.
  path: Assets/polyperfect/Low Poly Ultimate Pack/M/- Prefabs_M/Food_M/pizza-cheese-slice.prefab
  artifactKey: Guid(da3e1ddc94dfc431b8d3039c6c1db3f9) Importer(815301076,1909f56bfc062723c751e8b465ee728b)
Start importing Assets/polyperfect/Low Poly Ultimate Pack/M/- Prefabs_M/Food_M/pizza-cheese-slice.prefab using Guid(da3e1ddc94dfc431b8d3039c6c1db3f9) Importer(815301076,1909f56bfc062723c751e8b465ee728b)  -> (artifact id: '690821e71d7ca6a42b0040c70f43d45e') in 0.019244 seconds 
========================================================================
Received Import Request.
  Time since last request: 0.000017 seconds.
  path: Assets/polyperfect/Low Poly Ultimate Pack/M/- Prefabs_M/Food_M/rum-bottle.prefab
  artifactKey: Guid(d588b16af5846a744b13a2d27a64239e) Importer(815301076,1909f56bfc062723c751e8b465ee728b)
Start importing Assets/polyperfect/Low Poly Ultimate Pack/M/- Prefabs_M/Food_M/rum-bottle.prefab using Guid(d588b16af5846a744b13a2d27a64239e) Importer(815301076,1909f56bfc062723c751e8b465ee728b)  -> (artifact id: 'e91b823dfc2f50cd4df023004321dc43') in 0.018889 seconds 
========================================================================
Received Import Request.
  Time since last request: 0.000016 seconds.
  path: Assets/polyperfect/Low Poly Ultimate Pack/M/- Prefabs_M/Food_M/tray.prefab
  artifactKey: Guid(a5f375f83b96a47e09efe7e529062f94) Importer(815301076,1909f56bfc062723c751e8b465ee728b)
Start importing Assets/polyperfect/Low Poly Ultimate Pack/M/- Prefabs_M/Food_M/tray.prefab using Guid(a5f375f83b96a47e09efe7e529062f94) Importer(815301076,1909f56bfc062723c751e8b465ee728b)  -> (artifact id: 'cc11122c899f1b1da42a6e5ffb42cb5a') in 0.019091 seconds 
========================================================================
Received Import Request.
  Time since last request: 0.000015 seconds.
  path: Assets/polyperfect/Low Poly Ultimate Pack/M/- Prefabs_M/Food_M/pizza-mozzarella.prefab
  artifactKey: Guid(7dbdd11837d8b494e8ef6ae74e7a62dd) Importer(815301076,1909f56bfc062723c751e8b465ee728b)
Start importing Assets/polyperfect/Low Poly Ultimate Pack/M/- Prefabs_M/Food_M/pizza-mozzarella.prefab using Guid(7dbdd11837d8b494e8ef6ae74e7a62dd) Importer(815301076,1909f56bfc062723c751e8b465ee728b)  -> (artifact id: '5e2f38c27eb968ea7d11cf98d44dd23b') in 0.084051 seconds 
========================================================================
Received Import Request.
  Time since last request: 0.000021 seconds.
  path: Assets/polyperfect/Low Poly Ultimate Pack/M/- Prefabs_M/Food_M/pizza-frozen.prefab
  artifactKey: Guid(dc35b891544ef404097d196762cfb9aa) Importer(815301076,1909f56bfc062723c751e8b465ee728b)
Start importing Assets/polyperfect/Low Poly Ultimate Pack/M/- Prefabs_M/Food_M/pizza-frozen.prefab using Guid(dc35b891544ef404097d196762cfb9aa) Importer(815301076,1909f56bfc062723c751e8b465ee728b)  -> (artifact id: '09e586b0cbf67a3f09a6fe819a24da19') in 0.029017 seconds 
========================================================================
Received Import Request.
  Time since last request: 0.000025 seconds.
  path: Assets/polyperfect/Low Poly Ultimate Pack/M/- Prefabs_M/Food_M/water-cooling-bottle.prefab
  artifactKey: Guid(43b96e626f45d4248909b59db52c4a84) Importer(815301076,1909f56bfc062723c751e8b465ee728b)
Start importing Assets/polyperfect/Low Poly Ultimate Pack/M/- Prefabs_M/Food_M/water-cooling-bottle.prefab using Guid(43b96e626f45d4248909b59db52c4a84) Importer(815301076,1909f56bfc062723c751e8b465ee728b)  -> (artifact id: '0eb5c80d6811178e82300ce6a47ec638') in 0.018292 seconds 
========================================================================
Received Import Request.
  Time since last request: 1.682401 seconds.
  path: Assets/polyperfect/Low Poly Ultimate Pack/M/- Prefabs_M/Food_M/gingerbread-man.prefab
  artifactKey: Guid(6e4926889b228c64d89801d958e3ae68) Importer(815301076,1909f56bfc062723c751e8b465ee728b)
Start importing Assets/polyperfect/Low Poly Ultimate Pack/M/- Prefabs_M/Food_M/gingerbread-man.prefab using Guid(6e4926889b228c64d89801d958e3ae68) Importer(815301076,1909f56bfc062723c751e8b465ee728b)  -> (artifact id: '3a13ddeb3d4eb83758276b785be85094') in 0.020604 seconds 
========================================================================
Received Import Request.
  Time since last request: 0.931112 seconds.
  path: Assets/polyperfect/Low Poly Ultimate Pack/M/- Prefabs_M/Food_M/jar-syrup-empty.prefab
  artifactKey: Guid(c658be610350f4a4e9cc0873f778e11b) Importer(815301076,1909f56bfc062723c751e8b465ee728b)
Start importing Assets/polyperfect/Low Poly Ultimate Pack/M/- Prefabs_M/Food_M/jar-syrup-empty.prefab using Guid(c658be610350f4a4e9cc0873f778e11b) Importer(815301076,1909f56bfc062723c751e8b465ee728b)  -> (artifact id: '28cb17ce1cbd9b7d31d2ceccbfa2c82a') in 0.024594 seconds 
========================================================================
Received Import Request.
  Time since last request: 0.000020 seconds.
  path: Assets/polyperfect/Low Poly Ultimate Pack/M/- Prefabs_M/Food_M/meat-steak.prefab
  artifactKey: Guid(b98101da930d640bda11dae60f8ef3b3) Importer(815301076,1909f56bfc062723c751e8b465ee728b)
Start importing Assets/polyperfect/Low Poly Ultimate Pack/M/- Prefabs_M/Food_M/meat-steak.prefab using Guid(b98101da930d640bda11dae60f8ef3b3) Importer(815301076,1909f56bfc062723c751e8b465ee728b)  -> (artifact id: '08588bdf0fb8325090ba95d8b2eaf3bf') in 0.020480 seconds 
========================================================================
Received Import Request.
  Time since last request: 2.222617 seconds.
  path: Assets/polyperfect/Low Poly Ultimate Pack/M/- Prefabs_M/Japan_M/base-japan-edge_medium.prefab
  artifactKey: Guid(08ba6755dcb6a40c49c42673ca43c1c3) Importer(815301076,1909f56bfc062723c751e8b465ee728b)
Start importing Assets/polyperfect/Low Poly Ultimate Pack/M/- Prefabs_M/Japan_M/base-japan-edge_medium.prefab using Guid(08ba6755dcb6a40c49c42673ca43c1c3) Importer(815301076,1909f56bfc062723c751e8b465ee728b)  -> (artifact id: '2b5c780591f352c6238ad7a5258e6bd3') in 0.021636 seconds 
========================================================================
Received Import Request.
  Time since last request: 0.000017 seconds.
  path: Assets/polyperfect/Low Poly Ultimate Pack/M/- Prefabs_M/Japan_M/base-japan_small.prefab
  artifactKey: Guid(f0fe02860e2424f9fb67bb4facbb7891) Importer(815301076,1909f56bfc062723c751e8b465ee728b)
Start importing Assets/polyperfect/Low Poly Ultimate Pack/M/- Prefabs_M/Japan_M/base-japan_small.prefab using Guid(f0fe02860e2424f9fb67bb4facbb7891) Importer(815301076,1909f56bfc062723c751e8b465ee728b)  -> (artifact id: 'bf963299a22a338f2f49aa9506f7a0d2') in 0.019167 seconds 
========================================================================
Received Import Request.
  Time since last request: 0.000017 seconds.
  path: Assets/polyperfect/Low Poly Ultimate Pack/M/- Prefabs_M/Japan_M/gate-red-japan.prefab
  artifactKey: Guid(530fa55f5741741b4b922fc45f4918ef) Importer(815301076,1909f56bfc062723c751e8b465ee728b)
Start importing Assets/polyperfect/Low Poly Ultimate Pack/M/- Prefabs_M/Japan_M/gate-red-japan.prefab using Guid(530fa55f5741741b4b922fc45f4918ef) Importer(815301076,1909f56bfc062723c751e8b465ee728b)  -> (artifact id: '0a1df08013acaca5b1cf299a2989c18f') in 0.019774 seconds 
========================================================================
Received Import Request.
  Time since last request: 0.000015 seconds.
  path: Assets/polyperfect/Low Poly Ultimate Pack/M/- Prefabs_M/Japan_M/holder-katana.prefab
  artifactKey: Guid(9be426faf88cc44e1bb5ee7ecb91a36f) Importer(815301076,1909f56bfc062723c751e8b465ee728b)
Start importing Assets/polyperfect/Low Poly Ultimate Pack/M/- Prefabs_M/Japan_M/holder-katana.prefab using Guid(9be426faf88cc44e1bb5ee7ecb91a36f) Importer(815301076,1909f56bfc062723c751e8b465ee728b)  -> (artifact id: '473bbec850f20644778088ca1e564dba') in 0.024357 seconds 
========================================================================
Received Import Request.
  Time since last request: 0.000029 seconds.
  path: Assets/polyperfect/Low Poly Ultimate Pack/M/- Prefabs_M/Japan_M/tower-japan_small.prefab
  artifactKey: Guid(6cbd93edb6f164fdaae77875ae15d47a) Importer(815301076,1909f56bfc062723c751e8b465ee728b)
Start importing Assets/polyperfect/Low Poly Ultimate Pack/M/- Prefabs_M/Japan_M/tower-japan_small.prefab using Guid(6cbd93edb6f164fdaae77875ae15d47a) Importer(815301076,1909f56bfc062723c751e8b465ee728b)  -> (artifact id: 'a06a970cbd48798eb0dd56c7bb8e0bbe') in 0.020435 seconds 
========================================================================
Received Import Request.
  Time since last request: 0.000014 seconds.
  path: Assets/polyperfect/Low Poly Ultimate Pack/M/- Prefabs_M/Japan_M/wall-japan-elbow_small.prefab
  artifactKey: Guid(2d5e3ebe1234142c286a6d57949979d7) Importer(815301076,1909f56bfc062723c751e8b465ee728b)
Start importing Assets/polyperfect/Low Poly Ultimate Pack/M/- Prefabs_M/Japan_M/wall-japan-elbow_small.prefab using Guid(2d5e3ebe1234142c286a6d57949979d7) Importer(815301076,1909f56bfc062723c751e8b465ee728b)  -> (artifact id: '761b16909868451248dd391ae83b63e4') in 0.022618 seconds 
========================================================================
Received Import Request.
  Time since last request: 0.000014 seconds.
  path: Assets/polyperfect/Low Poly Ultimate Pack/M/- Prefabs_M/Japan_M/wall-japan_medium.prefab
  artifactKey: Guid(96c253ed9f5bb40b78b91035da442dd1) Importer(815301076,1909f56bfc062723c751e8b465ee728b)
Start importing Assets/polyperfect/Low Poly Ultimate Pack/M/- Prefabs_M/Japan_M/wall-japan_medium.prefab using Guid(96c253ed9f5bb40b78b91035da442dd1) Importer(815301076,1909f56bfc062723c751e8b465ee728b)  -> (artifact id: '22af8938edbd516f2fbf40e6536b6063') in 0.027292 seconds 
========================================================================
Received Import Request.
  Time since last request: 0.000020 seconds.
  path: Assets/polyperfect/Low Poly Ultimate Pack/M/- Prefabs_M/Japan_M/wall-japan-wood.prefab
  artifactKey: Guid(c045e7aaf04714c63803844c1574ef97) Importer(815301076,1909f56bfc062723c751e8b465ee728b)
Start importing Assets/polyperfect/Low Poly Ultimate Pack/M/- Prefabs_M/Japan_M/wall-japan-wood.prefab using Guid(c045e7aaf04714c63803844c1574ef97) Importer(815301076,1909f56bfc062723c751e8b465ee728b)  -> (artifact id: 'bb3868e86884197c6600901cb0255878') in 0.019764 seconds 
========================================================================
Received Import Request.
  Time since last request: 0.000017 seconds.
  path: Assets/polyperfect/Low Poly Ultimate Pack/M/- Prefabs_M/Japan_M/base-japan-edge_small.prefab
  artifactKey: Guid(05cfc848ae0bc427da5fd5d976f1e684) Importer(815301076,1909f56bfc062723c751e8b465ee728b)
Start importing Assets/polyperfect/Low Poly Ultimate Pack/M/- Prefabs_M/Japan_M/base-japan-edge_small.prefab using Guid(05cfc848ae0bc427da5fd5d976f1e684) Importer(815301076,1909f56bfc062723c751e8b465ee728b)  -> (artifact id: '419219253331d461d46c5e15071a2a1c') in 0.021805 seconds 
========================================================================
Received Import Request.
  Time since last request: 0.000016 seconds.
  path: Assets/polyperfect/Low Poly Ultimate Pack/M/- Prefabs_M/Japan_M/bridge-japan.prefab
  artifactKey: Guid(39d889c36e2a84b509941a3e8d8120a9) Importer(815301076,1909f56bfc062723c751e8b465ee728b)
Start importing Assets/polyperfect/Low Poly Ultimate Pack/M/- Prefabs_M/Japan_M/bridge-japan.prefab using Guid(39d889c36e2a84b509941a3e8d8120a9) Importer(815301076,1909f56bfc062723c751e8b465ee728b)  -> (artifact id: '2d7d05b7c432dd6f85e1049c8e518763') in 0.020841 seconds 
========================================================================
Received Import Request.
  Time since last request: 0.000024 seconds.
  path: Assets/polyperfect/Low Poly Ultimate Pack/M/- Prefabs_M/Japan_M/slope-japan_small.prefab
  artifactKey: Guid(f37855b8ab6cb4fb7a48a78a18557d08) Importer(815301076,1909f56bfc062723c751e8b465ee728b)
Start importing Assets/polyperfect/Low Poly Ultimate Pack/M/- Prefabs_M/Japan_M/slope-japan_small.prefab using Guid(f37855b8ab6cb4fb7a48a78a18557d08) Importer(815301076,1909f56bfc062723c751e8b465ee728b)  -> (artifact id: 'cdddfbaa05d20d42672f2f99f675f515') in 0.017039 seconds 
========================================================================
Received Import Request.
  Time since last request: 0.527266 seconds.
  path: Assets/polyperfect/Low Poly Ultimate Pack/M/- Prefabs_M/Military_M/military-headquarters.prefab
  artifactKey: Guid(15cd224d24db5794491422baa5b8c7ab) Importer(815301076,1909f56bfc062723c751e8b465ee728b)
Start importing Assets/polyperfect/Low Poly Ultimate Pack/M/- Prefabs_M/Military_M/military-headquarters.prefab using Guid(15cd224d24db5794491422baa5b8c7ab) Importer(815301076,1909f56bfc062723c751e8b465ee728b)  -> (artifact id: '86cacf7f9adfffce2c1cc9fed428a62b') in 0.024627 seconds 
========================================================================
Received Import Request.
  Time since last request: 0.000019 seconds.
  path: Assets/polyperfect/Low Poly Ultimate Pack/M/- Prefabs_M/Military_M/military-truck.prefab
  artifactKey: Guid(c82374ba77969bb4dabd79de50e07db4) Importer(815301076,1909f56bfc062723c751e8b465ee728b)
Start importing Assets/polyperfect/Low Poly Ultimate Pack/M/- Prefabs_M/Military_M/military-truck.prefab using Guid(c82374ba77969bb4dabd79de50e07db4) Importer(815301076,1909f56bfc062723c751e8b465ee728b)  -> (artifact id: '5d31470a9c5ea9349fbc47590998b1a0') in 0.025355 seconds 
========================================================================
Received Import Request.
  Time since last request: 1.364799 seconds.
  path: Assets/polyperfect/Low Poly Ultimate Pack/M/- Prefabs_M/Medieval_M/cannon.prefab
  artifactKey: Guid(d68eddb8a44e25b44857e9e0c5f916e7) Importer(815301076,1909f56bfc062723c751e8b465ee728b)
Start importing Assets/polyperfect/Low Poly Ultimate Pack/M/- Prefabs_M/Medieval_M/cannon.prefab using Guid(d68eddb8a44e25b44857e9e0c5f916e7) Importer(815301076,1909f56bfc062723c751e8b465ee728b)  -> (artifact id: '2998405a6832d6e25d411ca4addf6e08') in 0.022909 seconds 
========================================================================
Received Import Request.
  Time since last request: 0.000018 seconds.
  path: Assets/polyperfect/Low Poly Ultimate Pack/M/- Prefabs_M/Medieval_M/castle-medieval.prefab
  artifactKey: Guid(9ef17535dcada454180370c1b65ac853) Importer(815301076,1909f56bfc062723c751e8b465ee728b)
Start importing Assets/polyperfect/Low Poly Ultimate Pack/M/- Prefabs_M/Medieval_M/castle-medieval.prefab using Guid(9ef17535dcada454180370c1b65ac853) Importer(815301076,1909f56bfc062723c751e8b465ee728b)  -> (artifact id: 'ffbc5427d5d1d6bbc0ab2f8a7adb4194') in 0.019795 seconds 
========================================================================
Received Import Request.
  Time since last request: 0.000015 seconds.
  path: Assets/polyperfect/Low Poly Ultimate Pack/M/- Prefabs_M/Medieval_M/gate-medieval_medium.prefab
  artifactKey: Guid(18c705753bd3f7343b241b77735dbadd) Importer(815301076,1909f56bfc062723c751e8b465ee728b)
Start importing Assets/polyperfect/Low Poly Ultimate Pack/M/- Prefabs_M/Medieval_M/gate-medieval_medium.prefab using Guid(18c705753bd3f7343b241b77735dbadd) Importer(815301076,1909f56bfc062723c751e8b465ee728b)  -> (artifact id: '12eb58b72e45d5ca63c402a2eda52ce7') in 0.018556 seconds 
========================================================================
Received Import Request.
  Time since last request: 0.000016 seconds.
  path: Assets/polyperfect/Low Poly Ultimate Pack/M/- Prefabs_M/Medieval_M/house-medieval_small.prefab
  artifactKey: Guid(a7bf118bac2814243a2a537f2d30b464) Importer(815301076,1909f56bfc062723c751e8b465ee728b)
Start importing Assets/polyperfect/Low Poly Ultimate Pack/M/- Prefabs_M/Medieval_M/house-medieval_small.prefab using Guid(a7bf118bac2814243a2a537f2d30b464) Importer(815301076,1909f56bfc062723c751e8b465ee728b)  -> (artifact id: '07ec7f375f11acc0e6e50b133fc5a523') in 0.017304 seconds 
========================================================================
Received Import Request.
  Time since last request: 0.000035 seconds.
  path: Assets/polyperfect/Low Poly Ultimate Pack/M/- Prefabs_M/Medieval_M/house-medieval_medium.prefab
  artifactKey: Guid(8fa9ef72a3d914a1e9dbf40348df8d36) Importer(815301076,1909f56bfc062723c751e8b465ee728b)
Start importing Assets/polyperfect/Low Poly Ultimate Pack/M/- Prefabs_M/Medieval_M/house-medieval_medium.prefab using Guid(8fa9ef72a3d914a1e9dbf40348df8d36) Importer(815301076,1909f56bfc062723c751e8b465ee728b)  -> (artifact id: '4ef643cef6dff9b4f6f6dba243f0d25d') in 0.021040 seconds 
========================================================================
Received Import Request.
  Time since last request: 0.000024 seconds.
  path: Assets/polyperfect/Low Poly Ultimate Pack/M/- Prefabs_M/Medieval_M/shield-knight-wood.prefab
  artifactKey: Guid(6102a5adc42b8614dad1bcb620a24031) Importer(815301076,1909f56bfc062723c751e8b465ee728b)
Start importing Assets/polyperfect/Low Poly Ultimate Pack/M/- Prefabs_M/Medieval_M/shield-knight-wood.prefab using Guid(6102a5adc42b8614dad1bcb620a24031) Importer(815301076,1909f56bfc062723c751e8b465ee728b)  -> (artifact id: 'ad5736d0cc2f65ac83806e4d7f03693f') in 0.016821 seconds 
========================================================================
Received Import Request.
  Time since last request: 0.000028 seconds.
  path: Assets/polyperfect/Low Poly Ultimate Pack/M/- Prefabs_M/Medieval_M/house-medieval_big.prefab
  artifactKey: Guid(c6b691ccc7c344c26be1a221941cf784) Importer(815301076,1909f56bfc062723c751e8b465ee728b)
Start importing Assets/polyperfect/Low Poly Ultimate Pack/M/- Prefabs_M/Medieval_M/house-medieval_big.prefab using Guid(c6b691ccc7c344c26be1a221941cf784) Importer(815301076,1909f56bfc062723c751e8b465ee728b)  -> (artifact id: '8845b255e937e7aefa4c53a7870312cb') in 0.026625 seconds 
========================================================================
Received Import Request.
  Time since last request: 0.000028 seconds.
  path: Assets/polyperfect/Low Poly Ultimate Pack/M/- Prefabs_M/Medieval_M/tower-castle_square.prefab
  artifactKey: Guid(e5e696a719a9d4328aeb96916e74a75a) Importer(815301076,1909f56bfc062723c751e8b465ee728b)
Start importing Assets/polyperfect/Low Poly Ultimate Pack/M/- Prefabs_M/Medieval_M/tower-castle_square.prefab using Guid(e5e696a719a9d4328aeb96916e74a75a) Importer(815301076,1909f56bfc062723c751e8b465ee728b)  -> (artifact id: '893867847e4c467ab0f66c06472a9d39') in 0.023416 seconds 
========================================================================
Received Import Request.
  Time since last request: 0.000026 seconds.
  path: Assets/polyperfect/Low Poly Ultimate Pack/M/- Prefabs_M/Medieval_M/stakes.prefab
  artifactKey: Guid(1ed2edca09b6b724da20c1e1e8825f82) Importer(815301076,1909f56bfc062723c751e8b465ee728b)
Start importing Assets/polyperfect/Low Poly Ultimate Pack/M/- Prefabs_M/Medieval_M/stakes.prefab using Guid(1ed2edca09b6b724da20c1e1e8825f82) Importer(815301076,1909f56bfc062723c751e8b465ee728b)  -> (artifact id: 'de2996ccf2090edd942d5d7784b40c36') in 0.017246 seconds 
========================================================================
Received Import Request.
  Time since last request: 0.000019 seconds.
  path: Assets/polyperfect/Low Poly Ultimate Pack/M/- Prefabs_M/Medieval_M/shield-round-wood.prefab
  artifactKey: Guid(6cfc99642b656214191b2582007323ae) Importer(815301076,1909f56bfc062723c751e8b465ee728b)
Start importing Assets/polyperfect/Low Poly Ultimate Pack/M/- Prefabs_M/Medieval_M/shield-round-wood.prefab using Guid(6cfc99642b656214191b2582007323ae) Importer(815301076,1909f56bfc062723c751e8b465ee728b)  -> (artifact id: 'dd491c1df27d7546dfcad907c4c86f67') in 0.018805 seconds 
========================================================================
Received Import Request.
  Time since last request: 0.000018 seconds.
  path: Assets/polyperfect/Low Poly Ultimate Pack/M/- Prefabs_M/Medieval_M/stone-brick.prefab
  artifactKey: Guid(f9434ccec52114b7b97335af880de837) Importer(815301076,1909f56bfc062723c751e8b465ee728b)
Start importing Assets/polyperfect/Low Poly Ultimate Pack/M/- Prefabs_M/Medieval_M/stone-brick.prefab using Guid(f9434ccec52114b7b97335af880de837) Importer(815301076,1909f56bfc062723c751e8b465ee728b)  -> (artifact id: '5ab501eb54d3572bb0c3437f3fda9e32') in 0.017221 seconds 
========================================================================
Received Import Request.
  Time since last request: 0.000017 seconds.
  path: Assets/polyperfect/Low Poly Ultimate Pack/M/- Prefabs_M/Medieval_M/stakes-snow.prefab
  artifactKey: Guid(63be1da14f09f48d687d192fcd0d4db9) Importer(815301076,1909f56bfc062723c751e8b465ee728b)
Start importing Assets/polyperfect/Low Poly Ultimate Pack/M/- Prefabs_M/Medieval_M/stakes-snow.prefab using Guid(63be1da14f09f48d687d192fcd0d4db9) Importer(815301076,1909f56bfc062723c751e8b465ee728b)  -> (artifact id: '4412dd47f0345e6f11c217f9216db82b') in 0.014790 seconds 
========================================================================
Received Import Request.
  Time since last request: 2.674881 seconds.
  path: Assets/polyperfect/Low Poly Ultimate Pack/M/- Prefabs_M/Nature_M/egg-dino.prefab
  artifactKey: Guid(4207a74f77da74ef187e0830e18aefb1) Importer(815301076,1909f56bfc062723c751e8b465ee728b)
Start importing Assets/polyperfect/Low Poly Ultimate Pack/M/- Prefabs_M/Nature_M/egg-dino.prefab using Guid(4207a74f77da74ef187e0830e18aefb1) Importer(815301076,1909f56bfc062723c751e8b465ee728b)  -> (artifact id: 'd0971f8f2f30084b59778630d3b37e83') in 0.021387 seconds 
========================================================================
Received Import Request.
  Time since last request: 0.000014 seconds.
  path: Assets/polyperfect/Low Poly Ultimate Pack/M/- Prefabs_M/Nature_M/water-wave-circle.prefab
  artifactKey: Guid(8dfca704eb0cf4e9c81773e2df7ef913) Importer(815301076,1909f56bfc062723c751e8b465ee728b)
Start importing Assets/polyperfect/Low Poly Ultimate Pack/M/- Prefabs_M/Nature_M/water-wave-circle.prefab using Guid(8dfca704eb0cf4e9c81773e2df7ef913) Importer(815301076,1909f56bfc062723c751e8b465ee728b)  -> (artifact id: '3b9a3e52c95d430c9e39fc59f8c0b445') in 0.052989 seconds 
========================================================================
Received Import Request.
  Time since last request: 3.733713 seconds.
  path: Assets/polyperfect/Low Poly Ultimate Pack/M/- Prefabs_M/Props_M/balloons-bunch-more.prefab
  artifactKey: Guid(3a75cc88ca494ad40b5196d35dcfb352) Importer(815301076,1909f56bfc062723c751e8b465ee728b)
Start importing Assets/polyperfect/Low Poly Ultimate Pack/M/- Prefabs_M/Props_M/balloons-bunch-more.prefab using Guid(3a75cc88ca494ad40b5196d35dcfb352) Importer(815301076,1909f56bfc062723c751e8b465ee728b)  -> (artifact id: 'd9035873022ea7f8d417f1fcb95f3305') in 0.023017 seconds 
========================================================================
Received Import Request.
  Time since last request: 0.000029 seconds.
  path: Assets/polyperfect/Low Poly Ultimate Pack/M/- Prefabs_M/Props_M/beer-tap.prefab
  artifactKey: Guid(9bcec4d872dc18343af4c14db1e790ec) Importer(815301076,1909f56bfc062723c751e8b465ee728b)
Start importing Assets/polyperfect/Low Poly Ultimate Pack/M/- Prefabs_M/Props_M/beer-tap.prefab using Guid(9bcec4d872dc18343af4c14db1e790ec) Importer(815301076,1909f56bfc062723c751e8b465ee728b)  -> (artifact id: '558aa6ec7a8c65d68cd8631dc65d59a0') in 0.019502 seconds 
========================================================================
Received Import Request.
  Time since last request: 0.000020 seconds.
  path: Assets/polyperfect/Low Poly Ultimate Pack/M/- Prefabs_M/Props_M/cargo-simple.prefab
  artifactKey: Guid(cfa04bb77bc6d97468eeed0c256756ac) Importer(815301076,1909f56bfc062723c751e8b465ee728b)
Start importing Assets/polyperfect/Low Poly Ultimate Pack/M/- Prefabs_M/Props_M/cargo-simple.prefab using Guid(cfa04bb77bc6d97468eeed0c256756ac) Importer(815301076,1909f56bfc062723c751e8b465ee728b)  -> (artifact id: '07a6311fb62d3da30ac0f8e26d0e7150') in 0.018273 seconds 
========================================================================
Received Import Request.
  Time since last request: 0.000016 seconds.
  path: Assets/polyperfect/Low Poly Ultimate Pack/M/- Prefabs_M/Props_M/flag-big.prefab
  artifactKey: Guid(0c97a3e3c2d9043a6b0efcc564af127a) Importer(815301076,1909f56bfc062723c751e8b465ee728b)
Start importing Assets/polyperfect/Low Poly Ultimate Pack/M/- Prefabs_M/Props_M/flag-big.prefab using Guid(0c97a3e3c2d9043a6b0efcc564af127a) Importer(815301076,1909f56bfc062723c751e8b465ee728b)  -> (artifact id: 'e77954e47e4a9d0f3aa7b1e8c3022283') in 0.017000 seconds 
========================================================================
Received Import Request.
  Time since last request: 0.000014 seconds.
  path: Assets/polyperfect/Low Poly Ultimate Pack/M/- Prefabs_M/Props_M/package-box-open.prefab
  artifactKey: Guid(7a22b1a6ac8514b94be5436867998358) Importer(815301076,1909f56bfc062723c751e8b465ee728b)
Start importing Assets/polyperfect/Low Poly Ultimate Pack/M/- Prefabs_M/Props_M/package-box-open.prefab using Guid(7a22b1a6ac8514b94be5436867998358) Importer(815301076,1909f56bfc062723c751e8b465ee728b)  -> (artifact id: 'cffa8da05d66bb561159d397590ef993') in 0.017717 seconds 
========================================================================
Received Import Request.
  Time since last request: 0.000016 seconds.
  path: Assets/polyperfect/Low Poly Ultimate Pack/M/- Prefabs_M/Props_M/package-box.prefab
  artifactKey: Guid(7b49ae5af64e047cf9c52dffe612a365) Importer(815301076,1909f56bfc062723c751e8b465ee728b)
Start importing Assets/polyperfect/Low Poly Ultimate Pack/M/- Prefabs_M/Props_M/package-box.prefab using Guid(7b49ae5af64e047cf9c52dffe612a365) Importer(815301076,1909f56bfc062723c751e8b465ee728b)  -> (artifact id: 'c2ee5b58d6f6c9cbb7ca11f38221c6bc') in 0.017585 seconds 
========================================================================
Received Import Request.
  Time since last request: 0.000012 seconds.
  path: Assets/polyperfect/Low Poly Ultimate Pack/M/- Prefabs_M/Props_M/water-ride-cart.prefab
  artifactKey: Guid(3f4693a69157ca846ab3da535187d437) Importer(815301076,1909f56bfc062723c751e8b465ee728b)
Start importing Assets/polyperfect/Low Poly Ultimate Pack/M/- Prefabs_M/Props_M/water-ride-cart.prefab using Guid(3f4693a69157ca846ab3da535187d437) Importer(815301076,1909f56bfc062723c751e8b465ee728b)  -> (artifact id: 'a8d511fdbd3d726ea9007b49d36ba68d') in 0.021338 seconds 
========================================================================
Received Import Request.
  Time since last request: 0.000015 seconds.
  path: Assets/polyperfect/Low Poly Ultimate Pack/M/- Prefabs_M/Props_M/bench-forest.prefab
  artifactKey: Guid(2ef4f9ff99d6a7445bc7d99e2501ef05) Importer(815301076,1909f56bfc062723c751e8b465ee728b)
Start importing Assets/polyperfect/Low Poly Ultimate Pack/M/- Prefabs_M/Props_M/bench-forest.prefab using Guid(2ef4f9ff99d6a7445bc7d99e2501ef05) Importer(815301076,1909f56bfc062723c751e8b465ee728b)  -> (artifact id: '555af4d04084543cfb3599ceb91ea81b') in 0.019107 seconds 
========================================================================
Received Import Request.
  Time since last request: 0.000025 seconds.
  path: Assets/polyperfect/Low Poly Ultimate Pack/M/- Prefabs_M/Props_M/crane-port.prefab
  artifactKey: Guid(c059534ad9aa3479c8f97125c5e75516) Importer(815301076,1909f56bfc062723c751e8b465ee728b)
Start importing Assets/polyperfect/Low Poly Ultimate Pack/M/- Prefabs_M/Props_M/crane-port.prefab using Guid(c059534ad9aa3479c8f97125c5e75516) Importer(815301076,1909f56bfc062723c751e8b465ee728b)  -> (artifact id: '0592a1502ef1bd882b15a17a9d614a8d') in 0.023673 seconds 
========================================================================
Received Import Request.
  Time since last request: 0.000020 seconds.
  path: Assets/polyperfect/Low Poly Ultimate Pack/M/- Prefabs_M/Props_M/heart.prefab
  artifactKey: Guid(8737ed222298a474191b5b5de067bf10) Importer(815301076,1909f56bfc062723c751e8b465ee728b)
Start importing Assets/polyperfect/Low Poly Ultimate Pack/M/- Prefabs_M/Props_M/heart.prefab using Guid(8737ed222298a474191b5b5de067bf10) Importer(815301076,1909f56bfc062723c751e8b465ee728b)  -> (artifact id: 'ff4f3be509b5401306bf46c8e5addf35') in 0.022520 seconds 
========================================================================
Received Import Request.
  Time since last request: 0.000022 seconds.
  path: Assets/polyperfect/Low Poly Ultimate Pack/M/- Prefabs_M/Props_M/palette.prefab
  artifactKey: Guid(66d1a602c930046e68fe85dc2f904164) Importer(815301076,1909f56bfc062723c751e8b465ee728b)
Start importing Assets/polyperfect/Low Poly Ultimate Pack/M/- Prefabs_M/Props_M/palette.prefab using Guid(66d1a602c930046e68fe85dc2f904164) Importer(815301076,1909f56bfc062723c751e8b465ee728b)  -> (artifact id: '23e1b3c1eb621e844b5be04138309d94') in 0.022844 seconds 
========================================================================
Received Import Request.
  Time since last request: 3.092691 seconds.
  path: Assets/polyperfect/Low Poly Ultimate Pack/M/- Prefabs_M/Racing_M/building-race-track-long.prefab
  artifactKey: Guid(5094d058e85eb84449f8878050b0436c) Importer(815301076,1909f56bfc062723c751e8b465ee728b)
Start importing Assets/polyperfect/Low Poly Ultimate Pack/M/- Prefabs_M/Racing_M/building-race-track-long.prefab using Guid(5094d058e85eb84449f8878050b0436c) Importer(815301076,1909f56bfc062723c751e8b465ee728b)  -> (artifact id: 'b3e20ac0cea505a710bb22a5e482274d') in 0.025169 seconds 
========================================================================
Received Import Request.
  Time since last request: 0.000017 seconds.
  path: Assets/polyperfect/Low Poly Ultimate Pack/M/- Prefabs_M/Racing_M/tire-barrier-race.prefab
  artifactKey: Guid(d7df202c9d78aa24fa853ca02640019f) Importer(815301076,1909f56bfc062723c751e8b465ee728b)
Start importing Assets/polyperfect/Low Poly Ultimate Pack/M/- Prefabs_M/Racing_M/tire-barrier-race.prefab using Guid(d7df202c9d78aa24fa853ca02640019f) Importer(815301076,1909f56bfc062723c751e8b465ee728b)  -> (artifact id: 'be2d1ed5e68336d1420046df6f7ff6ed') in 0.020323 seconds 
========================================================================
Received Import Request.
  Time since last request: 0.000019 seconds.
  path: Assets/polyperfect/Low Poly Ultimate Pack/M/- Prefabs_M/Racing_M/tribune-streight.prefab
  artifactKey: Guid(aa718027d231c1b49bf65ddb5a3fa428) Importer(815301076,1909f56bfc062723c751e8b465ee728b)
Start importing Assets/polyperfect/Low Poly Ultimate Pack/M/- Prefabs_M/Racing_M/tribune-streight.prefab using Guid(aa718027d231c1b49bf65ddb5a3fa428) Importer(815301076,1909f56bfc062723c751e8b465ee728b)  -> (artifact id: '84f694ef9c74e021a8fb477cfc6dfa03') in 0.026193 seconds 
========================================================================
Received Import Request.
  Time since last request: 0.000024 seconds.
  path: Assets/polyperfect/Low Poly Ultimate Pack/M/- Prefabs_M/Racing_M/tire-pile.prefab
  artifactKey: Guid(508ff85ed40a8a34b9a5dd34e9e6fd94) Importer(815301076,1909f56bfc062723c751e8b465ee728b)
Start importing Assets/polyperfect/Low Poly Ultimate Pack/M/- Prefabs_M/Racing_M/tire-pile.prefab using Guid(508ff85ed40a8a34b9a5dd34e9e6fd94) Importer(815301076,1909f56bfc062723c751e8b465ee728b)  -> (artifact id: '56d2e61ab5e899cc2f88946808409239') in 0.025129 seconds 
========================================================================
Received Import Request.
  Time since last request: 1.666394 seconds.
  path: Assets/polyperfect/Low Poly Ultimate Pack/M/- Prefabs_M/Scifi_M/belt-moving-curve-up.prefab
  artifactKey: Guid(fe70d2e8f6f632644969e3608e9cc73e) Importer(815301076,1909f56bfc062723c751e8b465ee728b)
Start importing Assets/polyperfect/Low Poly Ultimate Pack/M/- Prefabs_M/Scifi_M/belt-moving-curve-up.prefab using Guid(fe70d2e8f6f632644969e3608e9cc73e) Importer(815301076,1909f56bfc062723c751e8b465ee728b)  -> (artifact id: 'd3c8dd7b86c21e4399ffb71b2f20d83b') in 0.021323 seconds 
========================================================================
Received Import Request.
  Time since last request: 0.000017 seconds.
  path: Assets/polyperfect/Low Poly Ultimate Pack/M/- Prefabs_M/Scifi_M/scifi-box-divided.prefab
  artifactKey: Guid(94cf2b421d8214348bd6a61d2255da67) Importer(815301076,1909f56bfc062723c751e8b465ee728b)
Start importing Assets/polyperfect/Low Poly Ultimate Pack/M/- Prefabs_M/Scifi_M/scifi-box-divided.prefab using Guid(94cf2b421d8214348bd6a61d2255da67) Importer(815301076,1909f56bfc062723c751e8b465ee728b)  -> (artifact id: '52d36ab430d1fee6dceddf4b06697bf0') in 0.021678 seconds 
========================================================================
Received Import Request.
  Time since last request: 0.000023 seconds.
  path: Assets/polyperfect/Low Poly Ultimate Pack/M/- Prefabs_M/Scifi_M/scifi-cargo-big.prefab
  artifactKey: Guid(2e1ca3f62cef9d040beac821c3911bf0) Importer(815301076,1909f56bfc062723c751e8b465ee728b)
Start importing Assets/polyperfect/Low Poly Ultimate Pack/M/- Prefabs_M/Scifi_M/scifi-cargo-big.prefab using Guid(2e1ca3f62cef9d040beac821c3911bf0) Importer(815301076,1909f56bfc062723c751e8b465ee728b)  -> (artifact id: '759b1c53221157b41a49d0e642f19e5b') in 0.020189 seconds 
========================================================================
Received Import Request.
  Time since last request: 0.000023 seconds.
  path: Assets/polyperfect/Low Poly Ultimate Pack/M/- Prefabs_M/Scifi_M/scifi-floor.prefab
  artifactKey: Guid(28a4315ff09021e4b8b23eece8075e38) Importer(815301076,1909f56bfc062723c751e8b465ee728b)
Start importing Assets/polyperfect/Low Poly Ultimate Pack/M/- Prefabs_M/Scifi_M/scifi-floor.prefab using Guid(28a4315ff09021e4b8b23eece8075e38) Importer(815301076,1909f56bfc062723c751e8b465ee728b)  -> (artifact id: '8a55009970efa4293426d5eb3e3194dd') in 0.016396 seconds 
========================================================================
Received Import Request.
  Time since last request: 0.000020 seconds.
  path: Assets/polyperfect/Low Poly Ultimate Pack/M/- Prefabs_M/Scifi_M/scifi-generator-double-small.prefab
  artifactKey: Guid(86aa9b5d83c565e43aeac7bebd318b6e) Importer(815301076,1909f56bfc062723c751e8b465ee728b)
Start importing Assets/polyperfect/Low Poly Ultimate Pack/M/- Prefabs_M/Scifi_M/scifi-generator-double-small.prefab using Guid(86aa9b5d83c565e43aeac7bebd318b6e) Importer(815301076,1909f56bfc062723c751e8b465ee728b)  -> (artifact id: '78e58eb9d68028327684c57f13a2401c') in 0.017944 seconds 
========================================================================
Received Import Request.
  Time since last request: 0.000018 seconds.
  path: Assets/polyperfect/Low Poly Ultimate Pack/M/- Prefabs_M/Scifi_M/scifi-pillar.prefab
  artifactKey: Guid(d40dccd114fcb944480469253291e926) Importer(815301076,1909f56bfc062723c751e8b465ee728b)
Start importing Assets/polyperfect/Low Poly Ultimate Pack/M/- Prefabs_M/Scifi_M/scifi-pillar.prefab using Guid(d40dccd114fcb944480469253291e926) Importer(815301076,1909f56bfc062723c751e8b465ee728b)  -> (artifact id: '99490157a502834b0840a5382c9c71c7') in 0.015728 seconds 
========================================================================
Received Import Request.
  Time since last request: 0.000022 seconds.
  path: Assets/polyperfect/Low Poly Ultimate Pack/M/- Prefabs_M/Scifi_M/scifi-planet-base-generator-big.prefab
  artifactKey: Guid(a7c3d899c4b351b46bc1239bacfd99fa) Importer(815301076,1909f56bfc062723c751e8b465ee728b)
Start importing Assets/polyperfect/Low Poly Ultimate Pack/M/- Prefabs_M/Scifi_M/scifi-planet-base-generator-big.prefab using Guid(a7c3d899c4b351b46bc1239bacfd99fa) Importer(815301076,1909f56bfc062723c751e8b465ee728b)  -> (artifact id: '90a2b9d03bffe97ae022c9c069669f78') in 0.023600 seconds 
========================================================================
Received Import Request.
  Time since last request: 0.000016 seconds.
  path: Assets/polyperfect/Low Poly Ultimate Pack/M/- Prefabs_M/Scifi_M/scifi-floor-bottom.prefab
  artifactKey: Guid(819bdb25daabcbe47a63a83d1896decd) Importer(815301076,1909f56bfc062723c751e8b465ee728b)
Start importing Assets/polyperfect/Low Poly Ultimate Pack/M/- Prefabs_M/Scifi_M/scifi-floor-bottom.prefab using Guid(819bdb25daabcbe47a63a83d1896decd) Importer(815301076,1909f56bfc062723c751e8b465ee728b)  -> (artifact id: '7e66726466ad1143757634fa651e35e2') in 0.017944 seconds 
========================================================================
Received Import Request.
  Time since last request: 0.000026 seconds.
  path: Assets/polyperfect/Low Poly Ultimate Pack/M/- Prefabs_M/Scifi_M/scifi-planet-base-door.prefab
  artifactKey: Guid(199bbd8d210f6ca4e9009b39ca6c50e0) Importer(815301076,1909f56bfc062723c751e8b465ee728b)
Start importing Assets/polyperfect/Low Poly Ultimate Pack/M/- Prefabs_M/Scifi_M/scifi-planet-base-door.prefab using Guid(199bbd8d210f6ca4e9009b39ca6c50e0) Importer(815301076,1909f56bfc062723c751e8b465ee728b)  -> (artifact id: '5bb5dd243a3d10602e66c50a72eca3f7') in 0.022432 seconds 
========================================================================
Received Import Request.
  Time since last request: 0.000027 seconds.
  path: Assets/polyperfect/Low Poly Ultimate Pack/M/- Prefabs_M/Scifi_M/scifi-generator-triple-small.prefab
  artifactKey: Guid(32aed3226b9de9242946abfc7f876a12) Importer(815301076,1909f56bfc062723c751e8b465ee728b)
Start importing Assets/polyperfect/Low Poly Ultimate Pack/M/- Prefabs_M/Scifi_M/scifi-generator-triple-small.prefab using Guid(32aed3226b9de9242946abfc7f876a12) Importer(815301076,1909f56bfc062723c751e8b465ee728b)  -> (artifact id: 'fc6b07be177df45f83d42feaf86f1d53') in 0.021506 seconds 
========================================================================
Received Import Request.
  Time since last request: 0.000014 seconds.
  path: Assets/polyperfect/Low Poly Ultimate Pack/M/- Prefabs_M/Scifi_M/scifi-hatch.prefab
  artifactKey: Guid(f2cffe42877c61b449ac79bc9bf3fd1f) Importer(815301076,1909f56bfc062723c751e8b465ee728b)
Start importing Assets/polyperfect/Low Poly Ultimate Pack/M/- Prefabs_M/Scifi_M/scifi-hatch.prefab using Guid(f2cffe42877c61b449ac79bc9bf3fd1f) Importer(815301076,1909f56bfc062723c751e8b465ee728b)  -> (artifact id: 'a29d98065fcf967300aa458e1a64ded3') in 0.021274 seconds 
========================================================================
Received Import Request.
  Time since last request: 1.196764 seconds.
  path: Assets/polyperfect/Low Poly Ultimate Pack/M/- Prefabs_M/Space_M/crater-deep.prefab
  artifactKey: Guid(2bcad067477cd42b5a0ada5efb58b208) Importer(815301076,1909f56bfc062723c751e8b465ee728b)
Start importing Assets/polyperfect/Low Poly Ultimate Pack/M/- Prefabs_M/Space_M/crater-deep.prefab using Guid(2bcad067477cd42b5a0ada5efb58b208) Importer(815301076,1909f56bfc062723c751e8b465ee728b)  -> (artifact id: '59b76875eb8aa292a3d9be1a178f3c02') in 0.021041 seconds 
========================================================================
Received Import Request.
  Time since last request: 0.000018 seconds.
  path: Assets/polyperfect/Low Poly Ultimate Pack/M/- Prefabs_M/Space_M/moon.prefab
  artifactKey: Guid(146c3ac1d1f75114c9222fc0ac794fac) Importer(815301076,1909f56bfc062723c751e8b465ee728b)
Start importing Assets/polyperfect/Low Poly Ultimate Pack/M/- Prefabs_M/Space_M/moon.prefab using Guid(146c3ac1d1f75114c9222fc0ac794fac) Importer(815301076,1909f56bfc062723c751e8b465ee728b)  -> (artifact id: '6485aa82cbad3842487c645afbf97e1c') in 0.017628 seconds 
========================================================================
Received Import Request.
  Time since last request: 0.000022 seconds.
  path: Assets/polyperfect/Low Poly Ultimate Pack/M/- Prefabs_M/Space_M/planet-sea.prefab
  artifactKey: Guid(eab87ad1f2f134be8a0d59a03a12b7bf) Importer(815301076,1909f56bfc062723c751e8b465ee728b)
Start importing Assets/polyperfect/Low Poly Ultimate Pack/M/- Prefabs_M/Space_M/planet-sea.prefab using Guid(eab87ad1f2f134be8a0d59a03a12b7bf) Importer(815301076,1909f56bfc062723c751e8b465ee728b)  -> (artifact id: 'bc167a338c6d5074037ac061e92a24ec') in 0.022481 seconds 
========================================================================
Received Import Request.
  Time since last request: 0.000026 seconds.
  path: Assets/polyperfect/Low Poly Ultimate Pack/M/- Prefabs_M/Space_M/space-shuttle.prefab
  artifactKey: Guid(8e2b768166bdf48b6973c12beb365a4e) Importer(815301076,1909f56bfc062723c751e8b465ee728b)
Start importing Assets/polyperfect/Low Poly Ultimate Pack/M/- Prefabs_M/Space_M/space-shuttle.prefab using Guid(8e2b768166bdf48b6973c12beb365a4e) Importer(815301076,1909f56bfc062723c751e8b465ee728b)  -> (artifact id: '927361e07f94169db1e449432f4e621b') in 0.019425 seconds 
========================================================================
Received Import Request.
  Time since last request: 0.737529 seconds.
  path: Assets/polyperfect/Low Poly Ultimate Pack/M/- Prefabs_M/Survival_M/battery-car.prefab
  artifactKey: Guid(41e555c684709468da839cd72947224a) Importer(815301076,1909f56bfc062723c751e8b465ee728b)
Start importing Assets/polyperfect/Low Poly Ultimate Pack/M/- Prefabs_M/Survival_M/battery-car.prefab using Guid(41e555c684709468da839cd72947224a) Importer(815301076,1909f56bfc062723c751e8b465ee728b)  -> (artifact id: '372d51dff3098ff337ed7908db182826') in 0.020139 seconds 
========================================================================
Received Import Request.
  Time since last request: 0.000017 seconds.
  path: Assets/polyperfect/Low Poly Ultimate Pack/M/- Prefabs_M/Survival_M/cooker.prefab
  artifactKey: Guid(2a42daeba3c1142abbf125bb048ca9f9) Importer(815301076,1909f56bfc062723c751e8b465ee728b)
Start importing Assets/polyperfect/Low Poly Ultimate Pack/M/- Prefabs_M/Survival_M/cooker.prefab using Guid(2a42daeba3c1142abbf125bb048ca9f9) Importer(815301076,1909f56bfc062723c751e8b465ee728b)  -> (artifact id: 'a14aa14e534df129b2517a5d26cb4da7') in 0.018762 seconds 
========================================================================
Received Import Request.
  Time since last request: 0.000017 seconds.
  path: Assets/polyperfect/Low Poly Ultimate Pack/M/- Prefabs_M/Survival_M/fireplace-nofire.prefab
  artifactKey: Guid(affb969969cb7cd4da53e4688fce4bc2) Importer(815301076,1909f56bfc062723c751e8b465ee728b)
Start importing Assets/polyperfect/Low Poly Ultimate Pack/M/- Prefabs_M/Survival_M/fireplace-nofire.prefab using Guid(affb969969cb7cd4da53e4688fce4bc2) Importer(815301076,1909f56bfc062723c751e8b465ee728b)  -> (artifact id: 'bb7bc119451c053a172b74f3e54ee1a9') in 0.015003 seconds 
========================================================================
Received Import Request.
  Time since last request: 0.000025 seconds.
  path: Assets/polyperfect/Low Poly Ultimate Pack/M/- Prefabs_M/Survival_M/fuel-canister.prefab
  artifactKey: Guid(c2f91be5ba9ee4ea7a319810fb85be27) Importer(815301076,1909f56bfc062723c751e8b465ee728b)
Start importing Assets/polyperfect/Low Poly Ultimate Pack/M/- Prefabs_M/Survival_M/fuel-canister.prefab using Guid(c2f91be5ba9ee4ea7a319810fb85be27) Importer(815301076,1909f56bfc062723c751e8b465ee728b)  -> (artifact id: '142920b8e93ad317de90cab7e626ebe1') in 0.017053 seconds 
========================================================================
Received Import Request.
  Time since last request: 0.000018 seconds.
  path: Assets/polyperfect/Low Poly Ultimate Pack/M/- Prefabs_M/Survival_M/medkit.prefab
  artifactKey: Guid(d5b2614762ebc42d290249842061a434) Importer(815301076,1909f56bfc062723c751e8b465ee728b)
Start importing Assets/polyperfect/Low Poly Ultimate Pack/M/- Prefabs_M/Survival_M/medkit.prefab using Guid(d5b2614762ebc42d290249842061a434) Importer(815301076,1909f56bfc062723c751e8b465ee728b)  -> (artifact id: '8bba5b5ac3cf725b869e5b87e24ff4ea') in 0.018323 seconds 
========================================================================
Received Import Request.
  Time since last request: 0.000019 seconds.
  path: Assets/polyperfect/Low Poly Ultimate Pack/M/- Prefabs_M/Survival_M/quern.prefab
  artifactKey: Guid(57d13b91a1490428aa355b924d15457b) Importer(815301076,1909f56bfc062723c751e8b465ee728b)
Start importing Assets/polyperfect/Low Poly Ultimate Pack/M/- Prefabs_M/Survival_M/quern.prefab using Guid(57d13b91a1490428aa355b924d15457b) Importer(815301076,1909f56bfc062723c751e8b465ee728b)  -> (artifact id: '0a2b4941f85eba0ab55918b4e9da90ef') in 0.020076 seconds 
========================================================================
Received Import Request.
  Time since last request: 0.000020 seconds.
  path: Assets/polyperfect/Low Poly Ultimate Pack/M/- Prefabs_M/Survival_M/toilet-paper.prefab
  artifactKey: Guid(5de019b2052344985ad2a12126ae93c3) Importer(815301076,1909f56bfc062723c751e8b465ee728b)
Start importing Assets/polyperfect/Low Poly Ultimate Pack/M/- Prefabs_M/Survival_M/toilet-paper.prefab using Guid(5de019b2052344985ad2a12126ae93c3) Importer(815301076,1909f56bfc062723c751e8b465ee728b)  -> (artifact id: '7d418f294a902dcd15be6396909b020d') in 0.019166 seconds 
========================================================================
Received Import Request.
  Time since last request: 0.000019 seconds.
  path: Assets/polyperfect/Low Poly Ultimate Pack/M/- Prefabs_M/Survival_M/gas-mask.prefab
  artifactKey: Guid(869c4f0d82b441943afad26af0a18456) Importer(815301076,1909f56bfc062723c751e8b465ee728b)
Start importing Assets/polyperfect/Low Poly Ultimate Pack/M/- Prefabs_M/Survival_M/gas-mask.prefab using Guid(869c4f0d82b441943afad26af0a18456) Importer(815301076,1909f56bfc062723c751e8b465ee728b)  -> (artifact id: '0b7f04920cb260f6b1181d199768a3df') in 0.020202 seconds 
========================================================================
Received Import Request.
  Time since last request: 56.203259 seconds.
  path: Assets/Blink/Art/Characters/LowPoly/FREE_HumanLowPoly/Materials_Humans/Eyes.mat
  artifactKey: Guid(64b04a6e3187c8247b209aac6c56b9fe) Importer(815301076,1909f56bfc062723c751e8b465ee728b)
Start importing Assets/Blink/Art/Characters/LowPoly/FREE_HumanLowPoly/Materials_Humans/Eyes.mat using Guid(64b04a6e3187c8247b209aac6c56b9fe) Importer(815301076,1909f56bfc062723c751e8b465ee728b)  -> (artifact id: '9cffa79a0f8d9f82959e2c7c6743fe29') in 0.169362 seconds 
========================================================================
Received Prepare
Registering precompiled user dll's ...
Registered in 0.013515 seconds.
Begin MonoManager ReloadAssembly
Symbol file LoadedFromMemory doesn't match image C:\Users\PC\Documents\GitHub\ohms\ohms-source\Library\PackageCache\com.unity.visualscripting@1.8.0\Editor\VisualScripting.Core\Dependencies\DotNetZip\Unity.VisualScripting.IonicZip.dll
Symbol file LoadedFromMemory doesn't match image C:\Users\PC\Documents\GitHub\ohms\ohms-source\Library\PackageCache\com.unity.visualscripting@1.8.0\Editor\VisualScripting.Core\Dependencies\YamlDotNet\Unity.VisualScripting.YamlDotNet.dll
Native extension for WindowsStandalone target not found
Refreshing native plugins compatible for Editor in 1.18 ms, found 3 plugins.
Preloading 0 native plugins for Editor in 0.00 ms.
Mono: successfully reloaded assembly
- Completed reload, in  0.939 seconds
Domain Reload Profiling:
	ReloadAssembly (939ms)
		BeginReloadAssembly (139ms)
			ExecutionOrderSort (0ms)
			DisableScriptedObjects (4ms)
			BackupInstance (0ms)
			ReleaseScriptingObjects (0ms)
			CreateAndSetChildDomain (32ms)
		EndReloadAssembly (703ms)
			LoadAssemblies (99ms)
			RebuildTransferFunctionScriptingTraits (0ms)
			SetupTypeCache (303ms)
			ReleaseScriptCaches (1ms)
			RebuildScriptCaches (28ms)
			SetupLoadedEditorAssemblies (246ms)
				LogAssemblyErrors (0ms)
				InitializePlatformSupportModulesInManaged (4ms)
				SetLoadedEditorAssemblies (0ms)
				RefreshPlugins (1ms)
				BeforeProcessingInitializeOnLoad (44ms)
				ProcessInitializeOnLoadAttributes (173ms)
				ProcessInitializeOnLoadMethodAttributes (20ms)
				AfterProcessingInitializeOnLoad (4ms)
				EditorAssembliesLoaded (0ms)
			ExecutionOrderSort2 (0ms)
			AwakeInstancesAfterBackupRestoration (13ms)
Platform modules already initialized, skipping
Refreshing native plugins compatible for Editor in 3.70 ms, found 3 plugins.
Preloading 0 native plugins for Editor in 0.00 ms.
Unloading 3823 Unused Serialized files (Serialized files now loaded: 0)
Unloading 61 unused Assets / (1.4 MB). Loaded Objects now: 4379.
Memory consumption went from 172.7 MB to 171.3 MB.
Total: 2.155200 ms (FindLiveObjects: 0.168100 ms CreateObjectMapping: 0.079700 ms MarkObjects: 1.713000 ms  DeleteObjects: 0.193100 ms)

AssetImportParameters requested are different than current active one (requested -> active):
  custom:video-decoder-ogg-theora: a1e56fd34408186e4bbccfd4996cb3dc -> 
  custom:container-muxer-webm: aa71ff27fc2769a1b78a27578f13a17b -> 
  custom:container-demuxer-webm: 4f35f7cbe854078d1ac9338744f61a02 -> 
  custom:video-encoder-webm-vp8: eb34c28f22e8b96e1ab97ce403110664 -> 
  custom:audio-encoder-webm-vorbis: bf7c407c2cedff20999df2af8eb42d56 -> 
  custom:framework-win-MediaFoundation: 216162199b28c13a410421893ffa2e32 -> 
  custom:container-demuxer-ogg: 62fdf1f143b41e24485cea50d1cbac27 -> 
  custom:video-decoder-webm-vp8: 9c59270c3fd7afecdb556c50c9e8de78 -> 
  custom:audio-decoder-ogg-vorbis: bf7c407c2cedff20999df2af8eb42d56 -> 
========================================================================
Received Prepare
Registering precompiled user dll's ...
Registered in 0.015066 seconds.
Begin MonoManager ReloadAssembly
Symbol file LoadedFromMemory doesn't match image C:\Users\PC\Documents\GitHub\ohms\ohms-source\Library\PackageCache\com.unity.visualscripting@1.8.0\Editor\VisualScripting.Core\Dependencies\DotNetZip\Unity.VisualScripting.IonicZip.dll
Symbol file LoadedFromMemory doesn't match image C:\Users\PC\Documents\GitHub\ohms\ohms-source\Library\PackageCache\com.unity.visualscripting@1.8.0\Editor\VisualScripting.Core\Dependencies\YamlDotNet\Unity.VisualScripting.YamlDotNet.dll
Native extension for WindowsStandalone target not found
Refreshing native plugins compatible for Editor in 1.34 ms, found 3 plugins.
Preloading 0 native plugins for Editor in 0.00 ms.
Mono: successfully reloaded assembly
- Completed reload, in  0.870 seconds
Domain Reload Profiling:
	ReloadAssembly (870ms)
		BeginReloadAssembly (117ms)
			ExecutionOrderSort (0ms)
			DisableScriptedObjects (3ms)
			BackupInstance (0ms)
			ReleaseScriptingObjects (0ms)
			CreateAndSetChildDomain (33ms)
		EndReloadAssembly (680ms)
			LoadAssemblies (86ms)
			RebuildTransferFunctionScriptingTraits (0ms)
			SetupTypeCache (245ms)
			ReleaseScriptCaches (1ms)
			RebuildScriptCaches (35ms)
			SetupLoadedEditorAssemblies (271ms)
				LogAssemblyErrors (0ms)
				InitializePlatformSupportModulesInManaged (4ms)
				SetLoadedEditorAssemblies (0ms)
				RefreshPlugins (1ms)
				BeforeProcessingInitializeOnLoad (51ms)
				ProcessInitializeOnLoadAttributes (188ms)
				ProcessInitializeOnLoadMethodAttributes (21ms)
				AfterProcessingInitializeOnLoad (6ms)
				EditorAssembliesLoaded (0ms)
			ExecutionOrderSort2 (0ms)
			AwakeInstancesAfterBackupRestoration (13ms)
Platform modules already initialized, skipping
Refreshing native plugins compatible for Editor in 3.08 ms, found 3 plugins.
Preloading 0 native plugins for Editor in 0.00 ms.
Unloading 3823 Unused Serialized files (Serialized files now loaded: 0)
Unloading 61 unused Assets / (1.4 MB). Loaded Objects now: 4395.
Memory consumption went from 172.7 MB to 171.3 MB.
Total: 2.411200 ms (FindLiveObjects: 0.181500 ms CreateObjectMapping: 0.087300 ms MarkObjects: 1.889600 ms  DeleteObjects: 0.251700 ms)

AssetImportParameters requested are different than current active one (requested -> active):
  custom:video-decoder-ogg-theora: a1e56fd34408186e4bbccfd4996cb3dc -> 
  custom:container-muxer-webm: aa71ff27fc2769a1b78a27578f13a17b -> 
  custom:container-demuxer-webm: 4f35f7cbe854078d1ac9338744f61a02 -> 
  custom:video-encoder-webm-vp8: eb34c28f22e8b96e1ab97ce403110664 -> 
  custom:audio-encoder-webm-vorbis: bf7c407c2cedff20999df2af8eb42d56 -> 
  custom:framework-win-MediaFoundation: 216162199b28c13a410421893ffa2e32 -> 
  custom:container-demuxer-ogg: 62fdf1f143b41e24485cea50d1cbac27 -> 
  custom:video-decoder-webm-vp8: 9c59270c3fd7afecdb556c50c9e8de78 -> 
  custom:audio-decoder-ogg-vorbis: bf7c407c2cedff20999df2af8eb42d56 -> 
========================================================================
Received Prepare
Registering precompiled user dll's ...
Registered in 0.012963 seconds.
Begin MonoManager ReloadAssembly
Symbol file LoadedFromMemory doesn't match image C:\Users\PC\Documents\GitHub\ohms\ohms-source\Library\PackageCache\com.unity.visualscripting@1.8.0\Editor\VisualScripting.Core\Dependencies\DotNetZip\Unity.VisualScripting.IonicZip.dll
Symbol file LoadedFromMemory doesn't match image C:\Users\PC\Documents\GitHub\ohms\ohms-source\Library\PackageCache\com.unity.visualscripting@1.8.0\Editor\VisualScripting.Core\Dependencies\YamlDotNet\Unity.VisualScripting.YamlDotNet.dll
Native extension for WindowsStandalone target not found
Refreshing native plugins compatible for Editor in 1.09 ms, found 3 plugins.
Preloading 0 native plugins for Editor in 0.00 ms.
Mono: successfully reloaded assembly
- Completed reload, in  0.930 seconds
Domain Reload Profiling:
	ReloadAssembly (931ms)
		BeginReloadAssembly (129ms)
			ExecutionOrderSort (0ms)
			DisableScriptedObjects (3ms)
			BackupInstance (0ms)
			ReleaseScriptingObjects (0ms)
			CreateAndSetChildDomain (37ms)
		EndReloadAssembly (711ms)
			LoadAssemblies (97ms)
			RebuildTransferFunctionScriptingTraits (0ms)
			SetupTypeCache (262ms)
			ReleaseScriptCaches (1ms)
			RebuildScriptCaches (35ms)
			SetupLoadedEditorAssemblies (285ms)
				LogAssemblyErrors (0ms)
				InitializePlatformSupportModulesInManaged (4ms)
				SetLoadedEditorAssemblies (0ms)
				RefreshPlugins (1ms)
				BeforeProcessingInitializeOnLoad (59ms)
				ProcessInitializeOnLoadAttributes (188ms)
				ProcessInitializeOnLoadMethodAttributes (27ms)
				AfterProcessingInitializeOnLoad (6ms)
				EditorAssembliesLoaded (0ms)
			ExecutionOrderSort2 (0ms)
			AwakeInstancesAfterBackupRestoration (13ms)
Platform modules already initialized, skipping
Refreshing native plugins compatible for Editor in 3.11 ms, found 3 plugins.
Preloading 0 native plugins for Editor in 0.00 ms.
Unloading 3823 Unused Serialized files (Serialized files now loaded: 0)
Unloading 61 unused Assets / (1.4 MB). Loaded Objects now: 4411.
Memory consumption went from 172.7 MB to 171.3 MB.
Total: 2.497900 ms (FindLiveObjects: 0.267000 ms CreateObjectMapping: 0.171900 ms MarkObjects: 1.827800 ms  DeleteObjects: 0.230500 ms)

AssetImportParameters requested are different than current active one (requested -> active):
  custom:video-decoder-ogg-theora: a1e56fd34408186e4bbccfd4996cb3dc -> 
  custom:container-muxer-webm: aa71ff27fc2769a1b78a27578f13a17b -> 
  custom:container-demuxer-webm: 4f35f7cbe854078d1ac9338744f61a02 -> 
  custom:video-encoder-webm-vp8: eb34c28f22e8b96e1ab97ce403110664 -> 
  custom:audio-encoder-webm-vorbis: bf7c407c2cedff20999df2af8eb42d56 -> 
  custom:framework-win-MediaFoundation: 216162199b28c13a410421893ffa2e32 -> 
  custom:container-demuxer-ogg: 62fdf1f143b41e24485cea50d1cbac27 -> 
  custom:video-decoder-webm-vp8: 9c59270c3fd7afecdb556c50c9e8de78 -> 
  custom:audio-decoder-ogg-vorbis: bf7c407c2cedff20999df2af8eb42d56 -> 
========================================================================
Received Prepare
Registering precompiled user dll's ...
Registered in 0.022362 seconds.
Begin MonoManager ReloadAssembly
Symbol file LoadedFromMemory doesn't match image C:\Users\PC\Documents\GitHub\ohms\ohms-source\Library\PackageCache\com.unity.visualscripting@1.8.0\Editor\VisualScripting.Core\Dependencies\DotNetZip\Unity.VisualScripting.IonicZip.dll
Symbol file LoadedFromMemory doesn't match image C:\Users\PC\Documents\GitHub\ohms\ohms-source\Library\PackageCache\com.unity.visualscripting@1.8.0\Editor\VisualScripting.Core\Dependencies\YamlDotNet\Unity.VisualScripting.YamlDotNet.dll
Native extension for WindowsStandalone target not found
Refreshing native plugins compatible for Editor in 1.09 ms, found 3 plugins.
Preloading 0 native plugins for Editor in 0.00 ms.
Mono: successfully reloaded assembly
- Completed reload, in  0.882 seconds
Domain Reload Profiling:
	ReloadAssembly (882ms)
		BeginReloadAssembly (123ms)
			ExecutionOrderSort (0ms)
			DisableScriptedObjects (5ms)
			BackupInstance (0ms)
			ReleaseScriptingObjects (0ms)
			CreateAndSetChildDomain (26ms)
		EndReloadAssembly (673ms)
			LoadAssemblies (90ms)
			RebuildTransferFunctionScriptingTraits (0ms)
			SetupTypeCache (271ms)
			ReleaseScriptCaches (1ms)
			RebuildScriptCaches (28ms)
			SetupLoadedEditorAssemblies (259ms)
				LogAssemblyErrors (0ms)
				InitializePlatformSupportModulesInManaged (4ms)
				SetLoadedEditorAssemblies (0ms)
				RefreshPlugins (1ms)
				BeforeProcessingInitializeOnLoad (57ms)
				ProcessInitializeOnLoadAttributes (171ms)
				ProcessInitializeOnLoadMethodAttributes (20ms)
				AfterProcessingInitializeOnLoad (6ms)
				EditorAssembliesLoaded (0ms)
			ExecutionOrderSort2 (0ms)
			AwakeInstancesAfterBackupRestoration (11ms)
Platform modules already initialized, skipping
Refreshing native plugins compatible for Editor in 2.74 ms, found 3 plugins.
Preloading 0 native plugins for Editor in 0.00 ms.
Unloading 3823 Unused Serialized files (Serialized files now loaded: 0)
Unloading 61 unused Assets / (1.4 MB). Loaded Objects now: 4427.
Memory consumption went from 172.7 MB to 171.4 MB.
Total: 2.161900 ms (FindLiveObjects: 0.179200 ms CreateObjectMapping: 0.094100 ms MarkObjects: 1.685400 ms  DeleteObjects: 0.202700 ms)

AssetImportParameters requested are different than current active one (requested -> active):
  custom:video-decoder-ogg-theora: a1e56fd34408186e4bbccfd4996cb3dc -> 
  custom:container-muxer-webm: aa71ff27fc2769a1b78a27578f13a17b -> 
  custom:container-demuxer-webm: 4f35f7cbe854078d1ac9338744f61a02 -> 
  custom:video-encoder-webm-vp8: eb34c28f22e8b96e1ab97ce403110664 -> 
  custom:audio-encoder-webm-vorbis: bf7c407c2cedff20999df2af8eb42d56 -> 
  custom:framework-win-MediaFoundation: 216162199b28c13a410421893ffa2e32 -> 
  custom:container-demuxer-ogg: 62fdf1f143b41e24485cea50d1cbac27 -> 
  custom:video-decoder-webm-vp8: 9c59270c3fd7afecdb556c50c9e8de78 -> 
  custom:audio-decoder-ogg-vorbis: bf7c407c2cedff20999df2af8eb42d56 -> 
========================================================================
Received Prepare
Registering precompiled user dll's ...
Registered in 0.013253 seconds.
Begin MonoManager ReloadAssembly
Symbol file LoadedFromMemory doesn't match image C:\Users\PC\Documents\GitHub\ohms\ohms-source\Library\PackageCache\com.unity.visualscripting@1.8.0\Editor\VisualScripting.Core\Dependencies\DotNetZip\Unity.VisualScripting.IonicZip.dll
Symbol file LoadedFromMemory doesn't match image C:\Users\PC\Documents\GitHub\ohms\ohms-source\Library\PackageCache\com.unity.visualscripting@1.8.0\Editor\VisualScripting.Core\Dependencies\YamlDotNet\Unity.VisualScripting.YamlDotNet.dll
Native extension for WindowsStandalone target not found
Refreshing native plugins compatible for Editor in 1.42 ms, found 3 plugins.
Preloading 0 native plugins for Editor in 0.00 ms.
Mono: successfully reloaded assembly
- Completed reload, in  0.903 seconds
Domain Reload Profiling:
	ReloadAssembly (903ms)
		BeginReloadAssembly (121ms)
			ExecutionOrderSort (0ms)
			DisableScriptedObjects (3ms)
			BackupInstance (0ms)
			ReleaseScriptingObjects (0ms)
			CreateAndSetChildDomain (33ms)
		EndReloadAssembly (704ms)
			LoadAssemblies (86ms)
			RebuildTransferFunctionScriptingTraits (0ms)
			SetupTypeCache (257ms)
			ReleaseScriptCaches (1ms)
			RebuildScriptCaches (35ms)
			SetupLoadedEditorAssemblies (285ms)
				LogAssemblyErrors (0ms)
				InitializePlatformSupportModulesInManaged (4ms)
				SetLoadedEditorAssemblies (0ms)
				RefreshPlugins (2ms)
				BeforeProcessingInitializeOnLoad (54ms)
				ProcessInitializeOnLoadAttributes (198ms)
				ProcessInitializeOnLoadMethodAttributes (20ms)
				AfterProcessingInitializeOnLoad (7ms)
				EditorAssembliesLoaded (0ms)
			ExecutionOrderSort2 (0ms)
			AwakeInstancesAfterBackupRestoration (13ms)
Platform modules already initialized, skipping
Refreshing native plugins compatible for Editor in 3.57 ms, found 3 plugins.
Preloading 0 native plugins for Editor in 0.00 ms.
Unloading 3823 Unused Serialized files (Serialized files now loaded: 0)
Unloading 61 unused Assets / (1.4 MB). Loaded Objects now: 4443.
Memory consumption went from 172.8 MB to 171.4 MB.
Total: 2.636600 ms (FindLiveObjects: 0.181700 ms CreateObjectMapping: 0.090900 ms MarkObjects: 2.070100 ms  DeleteObjects: 0.293000 ms)

AssetImportParameters requested are different than current active one (requested -> active):
  custom:video-decoder-ogg-theora: a1e56fd34408186e4bbccfd4996cb3dc -> 
  custom:container-muxer-webm: aa71ff27fc2769a1b78a27578f13a17b -> 
  custom:container-demuxer-webm: 4f35f7cbe854078d1ac9338744f61a02 -> 
  custom:video-encoder-webm-vp8: eb34c28f22e8b96e1ab97ce403110664 -> 
  custom:audio-encoder-webm-vorbis: bf7c407c2cedff20999df2af8eb42d56 -> 
  custom:framework-win-MediaFoundation: 216162199b28c13a410421893ffa2e32 -> 
  custom:container-demuxer-ogg: 62fdf1f143b41e24485cea50d1cbac27 -> 
  custom:video-decoder-webm-vp8: 9c59270c3fd7afecdb556c50c9e8de78 -> 
  custom:audio-decoder-ogg-vorbis: bf7c407c2cedff20999df2af8eb42d56 -> 
========================================================================
Received Prepare
Registering precompiled user dll's ...
Registered in 0.013013 seconds.
Begin MonoManager ReloadAssembly
Symbol file LoadedFromMemory doesn't match image C:\Users\PC\Documents\GitHub\ohms\ohms-source\Library\PackageCache\com.unity.visualscripting@1.8.0\Editor\VisualScripting.Core\Dependencies\DotNetZip\Unity.VisualScripting.IonicZip.dll
Symbol file LoadedFromMemory doesn't match image C:\Users\PC\Documents\GitHub\ohms\ohms-source\Library\PackageCache\com.unity.visualscripting@1.8.0\Editor\VisualScripting.Core\Dependencies\YamlDotNet\Unity.VisualScripting.YamlDotNet.dll
Native extension for WindowsStandalone target not found
Refreshing native plugins compatible for Editor in 2.04 ms, found 3 plugins.
Preloading 0 native plugins for Editor in 0.00 ms.
Mono: successfully reloaded assembly
- Completed reload, in  0.876 seconds
Domain Reload Profiling:
	ReloadAssembly (876ms)
		BeginReloadAssembly (120ms)
			ExecutionOrderSort (0ms)
			DisableScriptedObjects (3ms)
			BackupInstance (0ms)
			ReleaseScriptingObjects (0ms)
			CreateAndSetChildDomain (27ms)
		EndReloadAssembly (679ms)
			LoadAssemblies (91ms)
			RebuildTransferFunctionScriptingTraits (0ms)
			SetupTypeCache (239ms)
			ReleaseScriptCaches (1ms)
			RebuildScriptCaches (35ms)
			SetupLoadedEditorAssemblies (284ms)
				LogAssemblyErrors (0ms)
				InitializePlatformSupportModulesInManaged (4ms)
				SetLoadedEditorAssemblies (0ms)
				RefreshPlugins (2ms)
				BeforeProcessingInitializeOnLoad (53ms)
				ProcessInitializeOnLoadAttributes (195ms)
				ProcessInitializeOnLoadMethodAttributes (23ms)
				AfterProcessingInitializeOnLoad (6ms)
				EditorAssembliesLoaded (0ms)
			ExecutionOrderSort2 (0ms)
			AwakeInstancesAfterBackupRestoration (13ms)
Platform modules already initialized, skipping
Refreshing native plugins compatible for Editor in 3.08 ms, found 3 plugins.
Preloading 0 native plugins for Editor in 0.00 ms.
Unloading 3823 Unused Serialized files (Serialized files now loaded: 0)
Unloading 61 unused Assets / (1.4 MB). Loaded Objects now: 4459.
Memory consumption went from 172.8 MB to 171.4 MB.
Total: 2.549800 ms (FindLiveObjects: 0.196500 ms CreateObjectMapping: 0.088500 ms MarkObjects: 1.940300 ms  DeleteObjects: 0.323400 ms)

AssetImportParameters requested are different than current active one (requested -> active):
  custom:video-decoder-ogg-theora: a1e56fd34408186e4bbccfd4996cb3dc -> 
  custom:container-muxer-webm: aa71ff27fc2769a1b78a27578f13a17b -> 
  custom:container-demuxer-webm: 4f35f7cbe854078d1ac9338744f61a02 -> 
  custom:video-encoder-webm-vp8: eb34c28f22e8b96e1ab97ce403110664 -> 
  custom:audio-encoder-webm-vorbis: bf7c407c2cedff20999df2af8eb42d56 -> 
  custom:framework-win-MediaFoundation: 216162199b28c13a410421893ffa2e32 -> 
  custom:container-demuxer-ogg: 62fdf1f143b41e24485cea50d1cbac27 -> 
  custom:video-decoder-webm-vp8: 9c59270c3fd7afecdb556c50c9e8de78 -> 
  custom:audio-decoder-ogg-vorbis: bf7c407c2cedff20999df2af8eb42d56 -> 
========================================================================
Received Prepare
Registering precompiled user dll's ...
Registered in 0.012450 seconds.
Begin MonoManager ReloadAssembly
Symbol file LoadedFromMemory doesn't match image C:\Users\PC\Documents\GitHub\ohms\ohms-source\Library\PackageCache\com.unity.visualscripting@1.8.0\Editor\VisualScripting.Core\Dependencies\DotNetZip\Unity.VisualScripting.IonicZip.dll
Symbol file LoadedFromMemory doesn't match image C:\Users\PC\Documents\GitHub\ohms\ohms-source\Library\PackageCache\com.unity.visualscripting@1.8.0\Editor\VisualScripting.Core\Dependencies\YamlDotNet\Unity.VisualScripting.YamlDotNet.dll
Native extension for WindowsStandalone target not found
Refreshing native plugins compatible for Editor in 1.15 ms, found 3 plugins.
Preloading 0 native plugins for Editor in 0.00 ms.
Mono: successfully reloaded assembly
- Completed reload, in  0.869 seconds
Domain Reload Profiling:
	ReloadAssembly (869ms)
		BeginReloadAssembly (128ms)
			ExecutionOrderSort (0ms)
			DisableScriptedObjects (3ms)
			BackupInstance (0ms)
			ReleaseScriptingObjects (0ms)
			CreateAndSetChildDomain (34ms)
		EndReloadAssembly (657ms)
			LoadAssemblies (101ms)
			RebuildTransferFunctionScriptingTraits (0ms)
			SetupTypeCache (263ms)
			ReleaseScriptCaches (1ms)
			RebuildScriptCaches (34ms)
			SetupLoadedEditorAssemblies (235ms)
				LogAssemblyErrors (0ms)
				InitializePlatformSupportModulesInManaged (4ms)
				SetLoadedEditorAssemblies (0ms)
				RefreshPlugins (1ms)
				BeforeProcessingInitializeOnLoad (47ms)
				ProcessInitializeOnLoadAttributes (158ms)
				ProcessInitializeOnLoadMethodAttributes (20ms)
				AfterProcessingInitializeOnLoad (6ms)
				EditorAssembliesLoaded (0ms)
			ExecutionOrderSort2 (0ms)
			AwakeInstancesAfterBackupRestoration (10ms)
Platform modules already initialized, skipping
Refreshing native plugins compatible for Editor in 3.03 ms, found 3 plugins.
Preloading 0 native plugins for Editor in 0.00 ms.
Unloading 3823 Unused Serialized files (Serialized files now loaded: 0)
Unloading 61 unused Assets / (1.4 MB). Loaded Objects now: 4475.
Memory consumption went from 172.8 MB to 171.5 MB.
Total: 2.244500 ms (FindLiveObjects: 0.176500 ms CreateObjectMapping: 0.118600 ms MarkObjects: 1.737900 ms  DeleteObjects: 0.210600 ms)

AssetImportParameters requested are different than current active one (requested -> active):
  custom:video-decoder-ogg-theora: a1e56fd34408186e4bbccfd4996cb3dc -> 
  custom:container-muxer-webm: aa71ff27fc2769a1b78a27578f13a17b -> 
  custom:container-demuxer-webm: 4f35f7cbe854078d1ac9338744f61a02 -> 
  custom:video-encoder-webm-vp8: eb34c28f22e8b96e1ab97ce403110664 -> 
  custom:audio-encoder-webm-vorbis: bf7c407c2cedff20999df2af8eb42d56 -> 
  custom:framework-win-MediaFoundation: 216162199b28c13a410421893ffa2e32 -> 
  custom:container-demuxer-ogg: 62fdf1f143b41e24485cea50d1cbac27 -> 
  custom:video-decoder-webm-vp8: 9c59270c3fd7afecdb556c50c9e8de78 -> 
  custom:audio-decoder-ogg-vorbis: bf7c407c2cedff20999df2af8eb42d56 -> 
========================================================================
Received Import Request.
  Time since last request: 3246.171377 seconds.
  path: Assets/Scripts/Player/CameraFollow.cs
  artifactKey: Guid(6340d690e65074e46bc26b19733add0d) Importer(815301076,1909f56bfc062723c751e8b465ee728b)
Start importing Assets/Scripts/Player/CameraFollow.cs using Guid(6340d690e65074e46bc26b19733add0d) Importer(815301076,1909f56bfc062723c751e8b465ee728b)  -> (artifact id: '1d5affab9a01a93294fe4ae190cb3f3c') in 0.009330 seconds 
========================================================================
Received Prepare
Registering precompiled user dll's ...
Registered in 0.014011 seconds.
Begin MonoManager ReloadAssembly
Symbol file LoadedFromMemory doesn't match image C:\Users\PC\Documents\GitHub\ohms\ohms-source\Library\PackageCache\com.unity.visualscripting@1.8.0\Editor\VisualScripting.Core\Dependencies\DotNetZip\Unity.VisualScripting.IonicZip.dll
Symbol file LoadedFromMemory doesn't match image C:\Users\PC\Documents\GitHub\ohms\ohms-source\Library\PackageCache\com.unity.visualscripting@1.8.0\Editor\VisualScripting.Core\Dependencies\YamlDotNet\Unity.VisualScripting.YamlDotNet.dll
Native extension for WindowsStandalone target not found
Refreshing native plugins compatible for Editor in 1.26 ms, found 3 plugins.
Preloading 0 native plugins for Editor in 0.00 ms.
Mono: successfully reloaded assembly
- Completed reload, in  0.820 seconds
Domain Reload Profiling:
	ReloadAssembly (820ms)
		BeginReloadAssembly (119ms)
			ExecutionOrderSort (0ms)
			DisableScriptedObjects (3ms)
			BackupInstance (0ms)
			ReleaseScriptingObjects (0ms)
			CreateAndSetChildDomain (34ms)
		EndReloadAssembly (625ms)
			LoadAssemblies (86ms)
			RebuildTransferFunctionScriptingTraits (0ms)
			SetupTypeCache (233ms)
			ReleaseScriptCaches (1ms)
			RebuildScriptCaches (32ms)
			SetupLoadedEditorAssemblies (241ms)
				LogAssemblyErrors (0ms)
				InitializePlatformSupportModulesInManaged (4ms)
				SetLoadedEditorAssemblies (0ms)
				RefreshPlugins (1ms)
				BeforeProcessingInitializeOnLoad (51ms)
				ProcessInitializeOnLoadAttributes (158ms)
				ProcessInitializeOnLoadMethodAttributes (20ms)
				AfterProcessingInitializeOnLoad (6ms)
				EditorAssembliesLoaded (0ms)
			ExecutionOrderSort2 (0ms)
			AwakeInstancesAfterBackupRestoration (14ms)
Platform modules already initialized, skipping
Refreshing native plugins compatible for Editor in 2.81 ms, found 3 plugins.
Preloading 0 native plugins for Editor in 0.00 ms.
Unloading 3823 Unused Serialized files (Serialized files now loaded: 0)
Unloading 61 unused Assets / (1.4 MB). Loaded Objects now: 4491.
Memory consumption went from 172.9 MB to 171.5 MB.
Total: 2.228500 ms (FindLiveObjects: 0.178000 ms CreateObjectMapping: 0.082100 ms MarkObjects: 1.691500 ms  DeleteObjects: 0.275800 ms)

AssetImportParameters requested are different than current active one (requested -> active):
  custom:video-decoder-ogg-theora: a1e56fd34408186e4bbccfd4996cb3dc -> 
  custom:container-muxer-webm: aa71ff27fc2769a1b78a27578f13a17b -> 
  custom:container-demuxer-webm: 4f35f7cbe854078d1ac9338744f61a02 -> 
  custom:video-encoder-webm-vp8: eb34c28f22e8b96e1ab97ce403110664 -> 
  custom:audio-encoder-webm-vorbis: bf7c407c2cedff20999df2af8eb42d56 -> 
  custom:framework-win-MediaFoundation: 216162199b28c13a410421893ffa2e32 -> 
  custom:container-demuxer-ogg: 62fdf1f143b41e24485cea50d1cbac27 -> 
  custom:video-decoder-webm-vp8: 9c59270c3fd7afecdb556c50c9e8de78 -> 
  custom:audio-decoder-ogg-vorbis: bf7c407c2cedff20999df2af8eb42d56 -> 
========================================================================
Received Prepare
Registering precompiled user dll's ...
Registered in 0.014015 seconds.
Begin MonoManager ReloadAssembly
Symbol file LoadedFromMemory doesn't match image C:\Users\PC\Documents\GitHub\ohms\ohms-source\Library\PackageCache\com.unity.visualscripting@1.8.0\Editor\VisualScripting.Core\Dependencies\DotNetZip\Unity.VisualScripting.IonicZip.dll
Symbol file LoadedFromMemory doesn't match image C:\Users\PC\Documents\GitHub\ohms\ohms-source\Library\PackageCache\com.unity.visualscripting@1.8.0\Editor\VisualScripting.Core\Dependencies\YamlDotNet\Unity.VisualScripting.YamlDotNet.dll
Native extension for WindowsStandalone target not found
Refreshing native plugins compatible for Editor in 1.57 ms, found 3 plugins.
Preloading 0 native plugins for Editor in 0.00 ms.
Mono: successfully reloaded assembly
- Completed reload, in  0.830 seconds
Domain Reload Profiling:
	ReloadAssembly (831ms)
		BeginReloadAssembly (121ms)
			ExecutionOrderSort (0ms)
			DisableScriptedObjects (3ms)
			BackupInstance (0ms)
			ReleaseScriptingObjects (0ms)
			CreateAndSetChildDomain (31ms)
		EndReloadAssembly (633ms)
			LoadAssemblies (92ms)
			RebuildTransferFunctionScriptingTraits (0ms)
			SetupTypeCache (250ms)
			ReleaseScriptCaches (1ms)
			RebuildScriptCaches (33ms)
			SetupLoadedEditorAssemblies (237ms)
				LogAssemblyErrors (0ms)
				InitializePlatformSupportModulesInManaged (3ms)
				SetLoadedEditorAssemblies (0ms)
				RefreshPlugins (2ms)
				BeforeProcessingInitializeOnLoad (54ms)
				ProcessInitializeOnLoadAttributes (157ms)
				ProcessInitializeOnLoadMethodAttributes (16ms)
				AfterProcessingInitializeOnLoad (4ms)
				EditorAssembliesLoaded (0ms)
			ExecutionOrderSort2 (0ms)
			AwakeInstancesAfterBackupRestoration (10ms)
Platform modules already initialized, skipping
Refreshing native plugins compatible for Editor in 4.00 ms, found 3 plugins.
Preloading 0 native plugins for Editor in 0.00 ms.
Unloading 3823 Unused Serialized files (Serialized files now loaded: 0)
Unloading 61 unused Assets / (1.4 MB). Loaded Objects now: 4507.
Memory consumption went from 172.9 MB to 171.5 MB.
Total: 2.697600 ms (FindLiveObjects: 0.228200 ms CreateObjectMapping: 0.139400 ms MarkObjects: 2.048800 ms  DeleteObjects: 0.280300 ms)

AssetImportParameters requested are different than current active one (requested -> active):
  custom:video-decoder-ogg-theora: a1e56fd34408186e4bbccfd4996cb3dc -> 
  custom:container-muxer-webm: aa71ff27fc2769a1b78a27578f13a17b -> 
  custom:container-demuxer-webm: 4f35f7cbe854078d1ac9338744f61a02 -> 
  custom:video-encoder-webm-vp8: eb34c28f22e8b96e1ab97ce403110664 -> 
  custom:audio-encoder-webm-vorbis: bf7c407c2cedff20999df2af8eb42d56 -> 
  custom:framework-win-MediaFoundation: 216162199b28c13a410421893ffa2e32 -> 
  custom:container-demuxer-ogg: 62fdf1f143b41e24485cea50d1cbac27 -> 
  custom:video-decoder-webm-vp8: 9c59270c3fd7afecdb556c50c9e8de78 -> 
  custom:audio-decoder-ogg-vorbis: bf7c407c2cedff20999df2af8eb42d56 -> 
